<?xml version="1.0" encoding="UTF-8"?>
<!-- Generated by org.testng.reporters.JUnitXMLReporter -->
<testsuite hostname="CMDABKAREEM" name="Test" tests="155" failures="27" timestamp="17 Dec 2016 08:17:23 GMT" time="76716.577" errors="0">
  <testcase name="GL_Settings_AA_01" time="1.534" classname="com.glance.dashboard.tests.VerifyAddAccountPage"/>
  <testcase name="GL_Settings_AA_02" time="0.51" classname="com.glance.dashboard.tests.VerifyAddAccountPage"/>
  <testcase name="GL_Settings_AA_03_1" time="1.109" classname="com.glance.dashboard.tests.VerifyAddAccountPage"/>
  <testcase name="GL_Settings_AA_03_2" time="0.758" classname="com.glance.dashboard.tests.VerifyAddAccountPage"/>
  <testcase name="GL_Settings_AA_03_3" time="25.171" classname="com.glance.dashboard.tests.VerifyAddAccountPage"/>
  <testcase name="GL_Settings_AA_04" time="0.794" classname="com.glance.dashboard.tests.VerifyAddAccountPage"/>
  <testcase name="GL_Settings_AA_05" time="0.88" classname="com.glance.dashboard.tests.VerifyAddAccountPage"/>
  <testcase name="GL_Settings_AA_06" time="1.076" classname="com.glance.dashboard.tests.VerifyAddAccountPage"/>
  <testcase name="GL_Settings_AA_08" time="0.285" classname="com.glance.dashboard.tests.VerifyAddAccountPage"/>
  <testcase name="GL_Settings_AA_07" time="0.386" classname="com.glance.dashboard.tests.VerifyAddAccountPage"/>
  <testcase name="GL_Settings_DM_45" time="1.379" classname="com.glance.datamanagement.tests.VerifyDataDeleteUpdatePage"/>
  <testcase name="GL_Settings_DM_46" time="0.47" classname="com.glance.datamanagement.tests.VerifyDataDeleteUpdatePage"/>
  <testcase name="GL_Settings_DM_47" time="20.654" classname="com.glance.datamanagement.tests.VerifyDataDeleteUpdatePage"/>
  <testcase name="GL_Settings_DM_48" time="20.709" classname="com.glance.datamanagement.tests.VerifyDataDeleteUpdatePage">
    <failure type="org.openqa.selenium.NoSuchElementException" message="no such element: Unable to locate element: {&amp;quot;method&amp;quot;:&amp;quot;xpath&amp;quot;,&amp;quot;selector&amp;quot;:&amp;quot;//span[@class=&amp;apos;title&amp;apos;]&amp;quot;}
  (Session info: chrome=55.0.2883.87)
  (Driver info: chromedriver=2.25.426923 (0390b88869384d6eb0d5d09729679f934aab9eed),platform=Windows NT 6.1.7601 SP1 x86_64) (WARNING: The server did not provide any stacktrace information)
Command duration or timeout: 10.05 seconds
For documentation on this error, please visit: http://seleniumhq.org/exceptions/no_such_element.html
Build info: version: &amp;apos;3.0.1&amp;apos;, revision: &amp;apos;1969d75&amp;apos;, time: &amp;apos;2016-10-18 09:49:13 -0700&amp;apos;
System info: host: &amp;apos;CMDABKAREEM&amp;apos;, ip: &amp;apos;172.22.176.38&amp;apos;, os.name: &amp;apos;Windows 7&amp;apos;, os.arch: &amp;apos;amd64&amp;apos;, os.version: &amp;apos;6.1&amp;apos;, java.version: &amp;apos;1.8.0_111&amp;apos;
Driver info: org.openqa.selenium.chrome.ChromeDriver
Capabilities [{applicationCacheEnabled=false, rotatable=false, mobileEmulationEnabled=false, networkConnectionEnabled=false, chrome={chromedriverVersion=2.25.426923 (0390b88869384d6eb0d5d09729679f934aab9eed), userDataDir=C:\Users\abkareem\AppData\Local\Temp\scoped_dir11640_16855}, takesHeapSnapshot=true, pageLoadStrategy=normal, databaseEnabled=false, handlesAlerts=true, hasTouchScreen=false, version=55.0.2883.87, platform=XP, browserConnectionEnabled=false, nativeEvents=true, acceptSslCerts=true, locationContextEnabled=true, webStorageEnabled=true, browserName=chrome, takesScreenshot=true, javascriptEnabled=true, cssSelectorsEnabled=true}]
Session ID: 64d38f7757deb3e6f91c627d892990d8
*** Element info: {Using=xpath, value=//span[@class=&amp;apos;title&amp;apos;]}">
      <![CDATA[org.openqa.selenium.NoSuchElementException: no such element: Unable to locate element: {"method":"xpath","selector":"//span[@class='title']"}
  (Session info: chrome=55.0.2883.87)
  (Driver info: chromedriver=2.25.426923 (0390b88869384d6eb0d5d09729679f934aab9eed),platform=Windows NT 6.1.7601 SP1 x86_64) (WARNING: The server did not provide any stacktrace information)
Command duration or timeout: 10.05 seconds
For documentation on this error, please visit: http://seleniumhq.org/exceptions/no_such_element.html
Build info: version: '3.0.1', revision: '1969d75', time: '2016-10-18 09:49:13 -0700'
System info: host: 'CMDABKAREEM', ip: '172.22.176.38', os.name: 'Windows 7', os.arch: 'amd64', os.version: '6.1', java.version: '1.8.0_111'
Driver info: org.openqa.selenium.chrome.ChromeDriver
Capabilities [{applicationCacheEnabled=false, rotatable=false, mobileEmulationEnabled=false, networkConnectionEnabled=false, chrome={chromedriverVersion=2.25.426923 (0390b88869384d6eb0d5d09729679f934aab9eed), userDataDir=C:\Users\abkareem\AppData\Local\Temp\scoped_dir11640_16855}, takesHeapSnapshot=true, pageLoadStrategy=normal, databaseEnabled=false, handlesAlerts=true, hasTouchScreen=false, version=55.0.2883.87, platform=XP, browserConnectionEnabled=false, nativeEvents=true, acceptSslCerts=true, locationContextEnabled=true, webStorageEnabled=true, browserName=chrome, takesScreenshot=true, javascriptEnabled=true, cssSelectorsEnabled=true}]
Session ID: 64d38f7757deb3e6f91c627d892990d8
*** Element info: {Using=xpath, value=//span[@class='title']}
	at org.openqa.selenium.remote.ErrorHandler.createThrowable(ErrorHandler.java:216)
	at org.openqa.selenium.remote.ErrorHandler.throwIfResponseFailed(ErrorHandler.java:168)
	at org.openqa.selenium.remote.RemoteWebDriver.execute(RemoteWebDriver.java:635)
	at org.openqa.selenium.remote.RemoteWebDriver.findElement(RemoteWebDriver.java:368)
	at org.openqa.selenium.remote.RemoteWebDriver.findElementByXPath(RemoteWebDriver.java:473)
	at org.openqa.selenium.By$ByXPath.findElement(By.java:361)
	at org.openqa.selenium.remote.RemoteWebDriver.findElement(RemoteWebDriver.java:360)
	at org.openqa.selenium.support.pagefactory.DefaultElementLocator.findElement(DefaultElementLocator.java:69)
	at org.openqa.selenium.support.pagefactory.internal.LocatingElementHandler.invoke(LocatingElementHandler.java:38)
	at com.sun.proxy.$Proxy10.getText(Unknown Source)
	at com.glance.pageobjects.datamanagement.DataDeleteUpdatePage.verifydeleteConfirmationMessage(DataDeleteUpdatePage.java:183)
	at com.glance.datamanagement.tests.VerifyDataDeleteUpdatePage.GL_Settings_DM_48(VerifyDataDeleteUpdatePage.java:99)
... Removed 28 stack frames]]>
    </failure>
  </testcase> <!-- GL_Settings_DM_48 -->
  <testcase name="GL_Settings_DM_49" time="20.671" classname="com.glance.datamanagement.tests.VerifyDataDeleteUpdatePage">
    <failure type="org.openqa.selenium.NoSuchElementException" message="no such element: Unable to locate element: {&amp;quot;method&amp;quot;:&amp;quot;xpath&amp;quot;,&amp;quot;selector&amp;quot;:&amp;quot;//span[@class=&amp;apos;title&amp;apos;]&amp;quot;}
  (Session info: chrome=55.0.2883.87)
  (Driver info: chromedriver=2.25.426923 (0390b88869384d6eb0d5d09729679f934aab9eed),platform=Windows NT 6.1.7601 SP1 x86_64) (WARNING: The server did not provide any stacktrace information)
Command duration or timeout: 10.05 seconds
For documentation on this error, please visit: http://seleniumhq.org/exceptions/no_such_element.html
Build info: version: &amp;apos;3.0.1&amp;apos;, revision: &amp;apos;1969d75&amp;apos;, time: &amp;apos;2016-10-18 09:49:13 -0700&amp;apos;
System info: host: &amp;apos;CMDABKAREEM&amp;apos;, ip: &amp;apos;172.22.176.38&amp;apos;, os.name: &amp;apos;Windows 7&amp;apos;, os.arch: &amp;apos;amd64&amp;apos;, os.version: &amp;apos;6.1&amp;apos;, java.version: &amp;apos;1.8.0_111&amp;apos;
Driver info: org.openqa.selenium.chrome.ChromeDriver
Capabilities [{applicationCacheEnabled=false, rotatable=false, mobileEmulationEnabled=false, networkConnectionEnabled=false, chrome={chromedriverVersion=2.25.426923 (0390b88869384d6eb0d5d09729679f934aab9eed), userDataDir=C:\Users\abkareem\AppData\Local\Temp\scoped_dir11640_16855}, takesHeapSnapshot=true, pageLoadStrategy=normal, databaseEnabled=false, handlesAlerts=true, hasTouchScreen=false, version=55.0.2883.87, platform=XP, browserConnectionEnabled=false, nativeEvents=true, acceptSslCerts=true, locationContextEnabled=true, webStorageEnabled=true, browserName=chrome, takesScreenshot=true, javascriptEnabled=true, cssSelectorsEnabled=true}]
Session ID: 64d38f7757deb3e6f91c627d892990d8
*** Element info: {Using=xpath, value=//span[@class=&amp;apos;title&amp;apos;]}">
      <![CDATA[org.openqa.selenium.NoSuchElementException: no such element: Unable to locate element: {"method":"xpath","selector":"//span[@class='title']"}
  (Session info: chrome=55.0.2883.87)
  (Driver info: chromedriver=2.25.426923 (0390b88869384d6eb0d5d09729679f934aab9eed),platform=Windows NT 6.1.7601 SP1 x86_64) (WARNING: The server did not provide any stacktrace information)
Command duration or timeout: 10.05 seconds
For documentation on this error, please visit: http://seleniumhq.org/exceptions/no_such_element.html
Build info: version: '3.0.1', revision: '1969d75', time: '2016-10-18 09:49:13 -0700'
System info: host: 'CMDABKAREEM', ip: '172.22.176.38', os.name: 'Windows 7', os.arch: 'amd64', os.version: '6.1', java.version: '1.8.0_111'
Driver info: org.openqa.selenium.chrome.ChromeDriver
Capabilities [{applicationCacheEnabled=false, rotatable=false, mobileEmulationEnabled=false, networkConnectionEnabled=false, chrome={chromedriverVersion=2.25.426923 (0390b88869384d6eb0d5d09729679f934aab9eed), userDataDir=C:\Users\abkareem\AppData\Local\Temp\scoped_dir11640_16855}, takesHeapSnapshot=true, pageLoadStrategy=normal, databaseEnabled=false, handlesAlerts=true, hasTouchScreen=false, version=55.0.2883.87, platform=XP, browserConnectionEnabled=false, nativeEvents=true, acceptSslCerts=true, locationContextEnabled=true, webStorageEnabled=true, browserName=chrome, takesScreenshot=true, javascriptEnabled=true, cssSelectorsEnabled=true}]
Session ID: 64d38f7757deb3e6f91c627d892990d8
*** Element info: {Using=xpath, value=//span[@class='title']}
	at org.openqa.selenium.remote.ErrorHandler.createThrowable(ErrorHandler.java:216)
	at org.openqa.selenium.remote.ErrorHandler.throwIfResponseFailed(ErrorHandler.java:168)
	at org.openqa.selenium.remote.RemoteWebDriver.execute(RemoteWebDriver.java:635)
	at org.openqa.selenium.remote.RemoteWebDriver.findElement(RemoteWebDriver.java:368)
	at org.openqa.selenium.remote.RemoteWebDriver.findElementByXPath(RemoteWebDriver.java:473)
	at org.openqa.selenium.By$ByXPath.findElement(By.java:361)
	at org.openqa.selenium.remote.RemoteWebDriver.findElement(RemoteWebDriver.java:360)
	at org.openqa.selenium.support.pagefactory.DefaultElementLocator.findElement(DefaultElementLocator.java:69)
	at org.openqa.selenium.support.pagefactory.internal.LocatingElementHandler.invoke(LocatingElementHandler.java:38)
	at com.sun.proxy.$Proxy10.getText(Unknown Source)
	at com.glance.pageobjects.datamanagement.DataDeleteUpdatePage.verifydeleteConfirmationMessage(DataDeleteUpdatePage.java:183)
	at com.glance.datamanagement.tests.VerifyDataDeleteUpdatePage.GL_Settings_DM_49(VerifyDataDeleteUpdatePage.java:121)
... Removed 28 stack frames]]>
    </failure>
  </testcase> <!-- GL_Settings_DM_49 -->
  <testcase name="GL_Settings_DM_51" time="10.69" classname="com.glance.datamanagement.tests.VerifyDataDeleteUpdatePage"/>
  <testcase name="GL_Settings_DM_52" time="90.931" classname="com.glance.datamanagement.tests.VerifyDataDeleteUpdatePage"/>
  <testcase name="GL_Settings_DM_55" time="20.691" classname="com.glance.datamanagement.tests.VerifyDataDeleteUpdatePage">
    <failure type="org.openqa.selenium.NoSuchElementException" message="no such element: Unable to locate element: {&amp;quot;method&amp;quot;:&amp;quot;xpath&amp;quot;,&amp;quot;selector&amp;quot;:&amp;quot;//select[@name=&amp;apos;data_table_length&amp;apos;]&amp;quot;}
  (Session info: chrome=55.0.2883.87)
  (Driver info: chromedriver=2.25.426923 (0390b88869384d6eb0d5d09729679f934aab9eed),platform=Windows NT 6.1.7601 SP1 x86_64) (WARNING: The server did not provide any stacktrace information)
Command duration or timeout: 10.03 seconds
For documentation on this error, please visit: http://seleniumhq.org/exceptions/no_such_element.html
Build info: version: &amp;apos;3.0.1&amp;apos;, revision: &amp;apos;1969d75&amp;apos;, time: &amp;apos;2016-10-18 09:49:13 -0700&amp;apos;
System info: host: &amp;apos;CMDABKAREEM&amp;apos;, ip: &amp;apos;172.22.176.38&amp;apos;, os.name: &amp;apos;Windows 7&amp;apos;, os.arch: &amp;apos;amd64&amp;apos;, os.version: &amp;apos;6.1&amp;apos;, java.version: &amp;apos;1.8.0_111&amp;apos;
Driver info: org.openqa.selenium.chrome.ChromeDriver
Capabilities [{applicationCacheEnabled=false, rotatable=false, mobileEmulationEnabled=false, networkConnectionEnabled=false, chrome={chromedriverVersion=2.25.426923 (0390b88869384d6eb0d5d09729679f934aab9eed), userDataDir=C:\Users\abkareem\AppData\Local\Temp\scoped_dir11640_16855}, takesHeapSnapshot=true, pageLoadStrategy=normal, databaseEnabled=false, handlesAlerts=true, hasTouchScreen=false, version=55.0.2883.87, platform=XP, browserConnectionEnabled=false, nativeEvents=true, acceptSslCerts=true, locationContextEnabled=true, webStorageEnabled=true, browserName=chrome, takesScreenshot=true, javascriptEnabled=true, cssSelectorsEnabled=true}]
Session ID: 64d38f7757deb3e6f91c627d892990d8
*** Element info: {Using=xpath, value=//select[@name=&amp;apos;data_table_length&amp;apos;]}">
      <![CDATA[org.openqa.selenium.NoSuchElementException: no such element: Unable to locate element: {"method":"xpath","selector":"//select[@name='data_table_length']"}
  (Session info: chrome=55.0.2883.87)
  (Driver info: chromedriver=2.25.426923 (0390b88869384d6eb0d5d09729679f934aab9eed),platform=Windows NT 6.1.7601 SP1 x86_64) (WARNING: The server did not provide any stacktrace information)
Command duration or timeout: 10.03 seconds
For documentation on this error, please visit: http://seleniumhq.org/exceptions/no_such_element.html
Build info: version: '3.0.1', revision: '1969d75', time: '2016-10-18 09:49:13 -0700'
System info: host: 'CMDABKAREEM', ip: '172.22.176.38', os.name: 'Windows 7', os.arch: 'amd64', os.version: '6.1', java.version: '1.8.0_111'
Driver info: org.openqa.selenium.chrome.ChromeDriver
Capabilities [{applicationCacheEnabled=false, rotatable=false, mobileEmulationEnabled=false, networkConnectionEnabled=false, chrome={chromedriverVersion=2.25.426923 (0390b88869384d6eb0d5d09729679f934aab9eed), userDataDir=C:\Users\abkareem\AppData\Local\Temp\scoped_dir11640_16855}, takesHeapSnapshot=true, pageLoadStrategy=normal, databaseEnabled=false, handlesAlerts=true, hasTouchScreen=false, version=55.0.2883.87, platform=XP, browserConnectionEnabled=false, nativeEvents=true, acceptSslCerts=true, locationContextEnabled=true, webStorageEnabled=true, browserName=chrome, takesScreenshot=true, javascriptEnabled=true, cssSelectorsEnabled=true}]
Session ID: 64d38f7757deb3e6f91c627d892990d8
*** Element info: {Using=xpath, value=//select[@name='data_table_length']}
	at org.openqa.selenium.remote.ErrorHandler.createThrowable(ErrorHandler.java:216)
	at org.openqa.selenium.remote.ErrorHandler.throwIfResponseFailed(ErrorHandler.java:168)
	at org.openqa.selenium.remote.RemoteWebDriver.execute(RemoteWebDriver.java:635)
	at org.openqa.selenium.remote.RemoteWebDriver.findElement(RemoteWebDriver.java:368)
	at org.openqa.selenium.remote.RemoteWebDriver.findElementByXPath(RemoteWebDriver.java:473)
	at org.openqa.selenium.By$ByXPath.findElement(By.java:361)
	at org.openqa.selenium.remote.RemoteWebDriver.findElement(RemoteWebDriver.java:360)
	at org.openqa.selenium.support.pagefactory.DefaultElementLocator.findElement(DefaultElementLocator.java:69)
	at org.openqa.selenium.support.pagefactory.internal.LocatingElementHandler.invoke(LocatingElementHandler.java:38)
	at com.sun.proxy.$Proxy10.getTagName(Unknown Source)
	at org.openqa.selenium.support.ui.Select.<init>(Select.java:44)
	at com.glance.pageobjects.datamanagement.DataDeleteUpdatePage.expectedRowCount(DataDeleteUpdatePage.java:432)
	at com.glance.datamanagement.tests.VerifyDataDeleteUpdatePage.GL_Settings_DM_55(VerifyDataDeleteUpdatePage.java:185)
... Removed 28 stack frames]]>
    </failure>
  </testcase> <!-- GL_Settings_DM_55 -->
  <testcase name="GL_Settings_DM_54" time="0.522" classname="com.glance.datamanagement.tests.VerifyDataDeleteUpdatePage"/>
  <testcase name="GL_Settings_DM_53" time="0.549" classname="com.glance.datamanagement.tests.VerifyDataDeleteUpdatePage"/>
  <testcase name="GL_Login_04" time="5.035" classname="com.glance.userlogin.tests.VerifyCreateAccountPage"/>
  <testcase name="GL_Login_05" time="15.123" classname="com.glance.userlogin.tests.VerifyCreateAccountPage"/>
  <testcase name="GL_Login_06" time="5.024" classname="com.glance.userlogin.tests.VerifyCreateAccountPage"/>
  <testcase name="GL_Login_07" time="172.693" classname="com.glance.userlogin.tests.VerifyCreateAccountPage"/>
  <testcase name="GL_Login_08" time="20.486" classname="com.glance.userlogin.tests.VerifyCreateAccountPage">
    <failure type="org.openqa.selenium.NoSuchElementException" message="no such element: Unable to locate element: {&amp;quot;method&amp;quot;:&amp;quot;xpath&amp;quot;,&amp;quot;selector&amp;quot;:&amp;quot;//div[2]/div[2]/div/div/div/div/div[3]/div&amp;quot;}
  (Session info: chrome=55.0.2883.87)
  (Driver info: chromedriver=2.25.426923 (0390b88869384d6eb0d5d09729679f934aab9eed),platform=Windows NT 6.1.7601 SP1 x86_64) (WARNING: The server did not provide any stacktrace information)
Command duration or timeout: 10.07 seconds
For documentation on this error, please visit: http://seleniumhq.org/exceptions/no_such_element.html
Build info: version: &amp;apos;3.0.1&amp;apos;, revision: &amp;apos;1969d75&amp;apos;, time: &amp;apos;2016-10-18 09:49:13 -0700&amp;apos;
System info: host: &amp;apos;CMDABKAREEM&amp;apos;, ip: &amp;apos;172.22.176.38&amp;apos;, os.name: &amp;apos;Windows 7&amp;apos;, os.arch: &amp;apos;amd64&amp;apos;, os.version: &amp;apos;6.1&amp;apos;, java.version: &amp;apos;1.8.0_111&amp;apos;
Driver info: org.openqa.selenium.chrome.ChromeDriver
Capabilities [{applicationCacheEnabled=false, rotatable=false, mobileEmulationEnabled=false, networkConnectionEnabled=false, chrome={chromedriverVersion=2.25.426923 (0390b88869384d6eb0d5d09729679f934aab9eed), userDataDir=C:\Users\abkareem\AppData\Local\Temp\scoped_dir15312_29620}, takesHeapSnapshot=true, pageLoadStrategy=normal, databaseEnabled=false, handlesAlerts=true, hasTouchScreen=false, version=55.0.2883.87, platform=XP, browserConnectionEnabled=false, nativeEvents=true, acceptSslCerts=true, locationContextEnabled=true, webStorageEnabled=true, browserName=chrome, takesScreenshot=true, javascriptEnabled=true, cssSelectorsEnabled=true}]
Session ID: 824d710b2eb189316751f39bba3184cf
*** Element info: {Using=xpath, value=//div[2]/div[2]/div/div/div/div/div[3]/div}">
      <![CDATA[org.openqa.selenium.NoSuchElementException: no such element: Unable to locate element: {"method":"xpath","selector":"//div[2]/div[2]/div/div/div/div/div[3]/div"}
  (Session info: chrome=55.0.2883.87)
  (Driver info: chromedriver=2.25.426923 (0390b88869384d6eb0d5d09729679f934aab9eed),platform=Windows NT 6.1.7601 SP1 x86_64) (WARNING: The server did not provide any stacktrace information)
Command duration or timeout: 10.07 seconds
For documentation on this error, please visit: http://seleniumhq.org/exceptions/no_such_element.html
Build info: version: '3.0.1', revision: '1969d75', time: '2016-10-18 09:49:13 -0700'
System info: host: 'CMDABKAREEM', ip: '172.22.176.38', os.name: 'Windows 7', os.arch: 'amd64', os.version: '6.1', java.version: '1.8.0_111'
Driver info: org.openqa.selenium.chrome.ChromeDriver
Capabilities [{applicationCacheEnabled=false, rotatable=false, mobileEmulationEnabled=false, networkConnectionEnabled=false, chrome={chromedriverVersion=2.25.426923 (0390b88869384d6eb0d5d09729679f934aab9eed), userDataDir=C:\Users\abkareem\AppData\Local\Temp\scoped_dir15312_29620}, takesHeapSnapshot=true, pageLoadStrategy=normal, databaseEnabled=false, handlesAlerts=true, hasTouchScreen=false, version=55.0.2883.87, platform=XP, browserConnectionEnabled=false, nativeEvents=true, acceptSslCerts=true, locationContextEnabled=true, webStorageEnabled=true, browserName=chrome, takesScreenshot=true, javascriptEnabled=true, cssSelectorsEnabled=true}]
Session ID: 824d710b2eb189316751f39bba3184cf
*** Element info: {Using=xpath, value=//div[2]/div[2]/div/div/div/div/div[3]/div}
	at org.openqa.selenium.remote.ErrorHandler.createThrowable(ErrorHandler.java:216)
	at org.openqa.selenium.remote.ErrorHandler.throwIfResponseFailed(ErrorHandler.java:168)
	at org.openqa.selenium.remote.RemoteWebDriver.execute(RemoteWebDriver.java:635)
	at org.openqa.selenium.remote.RemoteWebDriver.findElement(RemoteWebDriver.java:368)
	at org.openqa.selenium.remote.RemoteWebDriver.findElementByXPath(RemoteWebDriver.java:473)
	at org.openqa.selenium.By$ByXPath.findElement(By.java:361)
	at org.openqa.selenium.remote.RemoteWebDriver.findElement(RemoteWebDriver.java:360)
	at org.openqa.selenium.support.pagefactory.DefaultElementLocator.findElement(DefaultElementLocator.java:69)
	at org.openqa.selenium.support.pagefactory.internal.LocatingElementHandler.invoke(LocatingElementHandler.java:38)
	at com.sun.proxy.$Proxy10.getText(Unknown Source)
	at com.glance.pageobjects.userlogin.CreateAccountPage.getPopupMsg4(CreateAccountPage.java:212)
	at com.glance.userlogin.tests.VerifyCreateAccountPage.GL_Login_08(VerifyCreateAccountPage.java:257)
... Removed 28 stack frames]]>
    </failure>
  </testcase> <!-- GL_Login_08 -->
  <testcase name="GL_Login_09" time="20.607" classname="com.glance.userlogin.tests.VerifyCreateAccountPage"/>
  <testcase name="GL_Login_12" time="20.573" classname="com.glance.userlogin.tests.VerifyCreateAccountPage"/>
  <testcase name="GL_Login_10" time="12.284" classname="com.glance.userlogin.tests.VerifyCreateAccountPage">
    <failure type="org.openqa.selenium.NoSuchElementException" message="no such element: Unable to locate element: {&amp;quot;method&amp;quot;:&amp;quot;xpath&amp;quot;,&amp;quot;selector&amp;quot;:&amp;quot;//h1[@class=&amp;apos;text-center&amp;apos;]&amp;quot;}
  (Session info: chrome=55.0.2883.87)
  (Driver info: chromedriver=2.25.426923 (0390b88869384d6eb0d5d09729679f934aab9eed),platform=Windows NT 6.1.7601 SP1 x86_64) (WARNING: The server did not provide any stacktrace information)
Command duration or timeout: 10.06 seconds
For documentation on this error, please visit: http://seleniumhq.org/exceptions/no_such_element.html
Build info: version: &amp;apos;3.0.1&amp;apos;, revision: &amp;apos;1969d75&amp;apos;, time: &amp;apos;2016-10-18 09:49:13 -0700&amp;apos;
System info: host: &amp;apos;CMDABKAREEM&amp;apos;, ip: &amp;apos;172.22.176.38&amp;apos;, os.name: &amp;apos;Windows 7&amp;apos;, os.arch: &amp;apos;amd64&amp;apos;, os.version: &amp;apos;6.1&amp;apos;, java.version: &amp;apos;1.8.0_111&amp;apos;
Driver info: org.openqa.selenium.chrome.ChromeDriver
Capabilities [{applicationCacheEnabled=false, rotatable=false, mobileEmulationEnabled=false, networkConnectionEnabled=false, chrome={chromedriverVersion=2.25.426923 (0390b88869384d6eb0d5d09729679f934aab9eed), userDataDir=C:\Users\abkareem\AppData\Local\Temp\scoped_dir15312_29620}, takesHeapSnapshot=true, pageLoadStrategy=normal, databaseEnabled=false, handlesAlerts=true, hasTouchScreen=false, version=55.0.2883.87, platform=XP, browserConnectionEnabled=false, nativeEvents=true, acceptSslCerts=true, locationContextEnabled=true, webStorageEnabled=true, browserName=chrome, takesScreenshot=true, javascriptEnabled=true, cssSelectorsEnabled=true}]
Session ID: 824d710b2eb189316751f39bba3184cf
*** Element info: {Using=xpath, value=//h1[@class=&amp;apos;text-center&amp;apos;]}">
      <![CDATA[org.openqa.selenium.NoSuchElementException: no such element: Unable to locate element: {"method":"xpath","selector":"//h1[@class='text-center']"}
  (Session info: chrome=55.0.2883.87)
  (Driver info: chromedriver=2.25.426923 (0390b88869384d6eb0d5d09729679f934aab9eed),platform=Windows NT 6.1.7601 SP1 x86_64) (WARNING: The server did not provide any stacktrace information)
Command duration or timeout: 10.06 seconds
For documentation on this error, please visit: http://seleniumhq.org/exceptions/no_such_element.html
Build info: version: '3.0.1', revision: '1969d75', time: '2016-10-18 09:49:13 -0700'
System info: host: 'CMDABKAREEM', ip: '172.22.176.38', os.name: 'Windows 7', os.arch: 'amd64', os.version: '6.1', java.version: '1.8.0_111'
Driver info: org.openqa.selenium.chrome.ChromeDriver
Capabilities [{applicationCacheEnabled=false, rotatable=false, mobileEmulationEnabled=false, networkConnectionEnabled=false, chrome={chromedriverVersion=2.25.426923 (0390b88869384d6eb0d5d09729679f934aab9eed), userDataDir=C:\Users\abkareem\AppData\Local\Temp\scoped_dir15312_29620}, takesHeapSnapshot=true, pageLoadStrategy=normal, databaseEnabled=false, handlesAlerts=true, hasTouchScreen=false, version=55.0.2883.87, platform=XP, browserConnectionEnabled=false, nativeEvents=true, acceptSslCerts=true, locationContextEnabled=true, webStorageEnabled=true, browserName=chrome, takesScreenshot=true, javascriptEnabled=true, cssSelectorsEnabled=true}]
Session ID: 824d710b2eb189316751f39bba3184cf
*** Element info: {Using=xpath, value=//h1[@class='text-center']}
	at org.openqa.selenium.remote.ErrorHandler.createThrowable(ErrorHandler.java:216)
	at org.openqa.selenium.remote.ErrorHandler.throwIfResponseFailed(ErrorHandler.java:168)
	at org.openqa.selenium.remote.RemoteWebDriver.execute(RemoteWebDriver.java:635)
	at org.openqa.selenium.remote.RemoteWebDriver.findElement(RemoteWebDriver.java:368)
	at org.openqa.selenium.remote.RemoteWebDriver.findElementByXPath(RemoteWebDriver.java:473)
	at org.openqa.selenium.By$ByXPath.findElement(By.java:361)
	at org.openqa.selenium.remote.RemoteWebDriver.findElement(RemoteWebDriver.java:360)
	at org.openqa.selenium.support.pagefactory.DefaultElementLocator.findElement(DefaultElementLocator.java:69)
	at org.openqa.selenium.support.pagefactory.internal.LocatingElementHandler.invoke(LocatingElementHandler.java:38)
	at com.sun.proxy.$Proxy10.getText(Unknown Source)
	at com.glance.pageobjects.dashboard.DashboardPage.verifyNavigationToAccessDeniedPage(DashboardPage.java:491)
	at com.glance.userlogin.tests.VerifyCreateAccountPage.GL_Login_10(VerifyCreateAccountPage.java:304)
... Removed 28 stack frames]]>
    </failure>
  </testcase> <!-- GL_Login_10 -->
  <testcase name="GL_Login_11" time="10.119" classname="com.glance.userlogin.tests.VerifyCreateAccountPage"/>
  <testcase name="GL_Login_13" time="51.561" classname="com.glance.userlogin.tests.VerifyCreateAccountPage"/>
  <testcase name="GL_UM_02" time="0.333" classname="com.glance.usermanagement.tests.ManageUser"/>
  <testcase name="GL_UM_02" time="0.335" classname="com.glance.usermanagement.tests.ManageUser"/>
  <testcase name="GL_UM_02" time="0.289" classname="com.glance.usermanagement.tests.ManageUser"/>
  <testcase name="GL_UM_02" time="0.294" classname="com.glance.usermanagement.tests.ManageUser"/>
  <testcase name="GL_UM_02" time="0.286" classname="com.glance.usermanagement.tests.ManageUser"/>
  <testcase name="GL_UM_08" time="0.084" classname="com.glance.usermanagement.tests.ManageUser"/>
  <testcase name="GL_UM_08" time="0.079" classname="com.glance.usermanagement.tests.ManageUser"/>
  <testcase name="GL_UM_08" time="0.06" classname="com.glance.usermanagement.tests.ManageUser"/>
  <testcase name="GL_UM_08" time="0.06" classname="com.glance.usermanagement.tests.ManageUser"/>
  <testcase name="GL_UM_08" time="0.075" classname="com.glance.usermanagement.tests.ManageUser"/>
  <testcase name="GL_UM_08" time="0.066" classname="com.glance.usermanagement.tests.ManageUser">
    <failure type="java.lang.AssertionError" message="expected [1] but found [2]">
      <![CDATA[java.lang.AssertionError: expected [1] but found [2]
	at com.glance.usermanagement.tests.ManageUser.GL_UM_08(ManageUser.java:55)
... Removed 31 stack frames]]>
    </failure>
  </testcase> <!-- GL_UM_08 -->
  <testcase name="GL_UM_09_1" time="0.368" classname="com.glance.usermanagement.tests.ManageUser"/>
  <testcase name="GL_UM_09_1" time="0.386" classname="com.glance.usermanagement.tests.ManageUser"/>
  <testcase name="GL_UM_09_1" time="0.331" classname="com.glance.usermanagement.tests.ManageUser"/>
  <testcase name="GL_UM_09_1" time="0.421" classname="com.glance.usermanagement.tests.ManageUser"/>
  <testcase name="GL_UM_09_2" time="0.322" classname="com.glance.usermanagement.tests.ManageUser"/>
  <testcase name="GL_UM_09_2" time="0.321" classname="com.glance.usermanagement.tests.ManageUser"/>
  <testcase name="GL_UM_09_2" time="0.35" classname="com.glance.usermanagement.tests.ManageUser"/>
  <testcase name="GL_UM_10" time="10.134" classname="com.glance.usermanagement.tests.ManageUser"/>
  <testcase name="GL_UM_11" time="0.124" classname="com.glance.usermanagement.tests.ManageUser"/>
  <testcase name="GL_UM_12" time="0.341" classname="com.glance.usermanagement.tests.ManageUser"/>
  <testcase name="GL_UM_12" time="0.365" classname="com.glance.usermanagement.tests.ManageUser"/>
  <testcase name="GL_UM_12" time="0.37" classname="com.glance.usermanagement.tests.ManageUser"/>
  <testcase name="GL_UM_12" time="0.386" classname="com.glance.usermanagement.tests.ManageUser"/>
  <testcase name="TC01_verifyAddNewDashboardElement" time="53.131" classname="com.glance.dashboard.tests.VerifyAddElementWizard"/>
  <testcase name="TC01_verifyAddNewDashboardElement" time="82.081" classname="com.glance.dashboard.tests.VerifyAddElementWizard"/>
  <testcase name="TC01_verifyAddNewDashboardElement" time="82.109" classname="com.glance.dashboard.tests.VerifyAddElementWizard"/>
  <testcase name="GL_Settings_DU_41" time="1.621" classname="com.glance.datamanagement.tests.VerifyDataUploadPage"/>
  <testcase name="GL_Settings_DU_42_1" time="10.472" classname="com.glance.datamanagement.tests.VerifyDataUploadPage">
    <failure type="org.openqa.selenium.NoSuchElementException" message="no such element: Unable to locate element: {&amp;quot;method&amp;quot;:&amp;quot;xpath&amp;quot;,&amp;quot;selector&amp;quot;:&amp;quot;//tbody&amp;quot;}
  (Session info: chrome=55.0.2883.87)
  (Driver info: chromedriver=2.25.426923 (0390b88869384d6eb0d5d09729679f934aab9eed),platform=Windows NT 6.1.7601 SP1 x86_64) (WARNING: The server did not provide any stacktrace information)
Command duration or timeout: 10.04 seconds
For documentation on this error, please visit: http://seleniumhq.org/exceptions/no_such_element.html
Build info: version: &amp;apos;3.0.1&amp;apos;, revision: &amp;apos;1969d75&amp;apos;, time: &amp;apos;2016-10-18 09:49:13 -0700&amp;apos;
System info: host: &amp;apos;CMDABKAREEM&amp;apos;, ip: &amp;apos;172.22.176.38&amp;apos;, os.name: &amp;apos;Windows 7&amp;apos;, os.arch: &amp;apos;amd64&amp;apos;, os.version: &amp;apos;6.1&amp;apos;, java.version: &amp;apos;1.8.0_111&amp;apos;
Driver info: org.openqa.selenium.chrome.ChromeDriver
Capabilities [{applicationCacheEnabled=false, rotatable=false, mobileEmulationEnabled=false, networkConnectionEnabled=false, chrome={chromedriverVersion=2.25.426923 (0390b88869384d6eb0d5d09729679f934aab9eed), userDataDir=C:\Users\abkareem\AppData\Local\Temp\scoped_dir12124_14211}, takesHeapSnapshot=true, pageLoadStrategy=normal, databaseEnabled=false, handlesAlerts=true, hasTouchScreen=false, version=55.0.2883.87, platform=XP, browserConnectionEnabled=false, nativeEvents=true, acceptSslCerts=true, locationContextEnabled=true, webStorageEnabled=true, browserName=chrome, takesScreenshot=true, javascriptEnabled=true, cssSelectorsEnabled=true}]
Session ID: 1ce6ae31ec6d0a96fb46a9902df4bd9f
*** Element info: {Using=xpath, value=//tbody}">
      <![CDATA[org.openqa.selenium.NoSuchElementException: no such element: Unable to locate element: {"method":"xpath","selector":"//tbody"}
  (Session info: chrome=55.0.2883.87)
  (Driver info: chromedriver=2.25.426923 (0390b88869384d6eb0d5d09729679f934aab9eed),platform=Windows NT 6.1.7601 SP1 x86_64) (WARNING: The server did not provide any stacktrace information)
Command duration or timeout: 10.04 seconds
For documentation on this error, please visit: http://seleniumhq.org/exceptions/no_such_element.html
Build info: version: '3.0.1', revision: '1969d75', time: '2016-10-18 09:49:13 -0700'
System info: host: 'CMDABKAREEM', ip: '172.22.176.38', os.name: 'Windows 7', os.arch: 'amd64', os.version: '6.1', java.version: '1.8.0_111'
Driver info: org.openqa.selenium.chrome.ChromeDriver
Capabilities [{applicationCacheEnabled=false, rotatable=false, mobileEmulationEnabled=false, networkConnectionEnabled=false, chrome={chromedriverVersion=2.25.426923 (0390b88869384d6eb0d5d09729679f934aab9eed), userDataDir=C:\Users\abkareem\AppData\Local\Temp\scoped_dir12124_14211}, takesHeapSnapshot=true, pageLoadStrategy=normal, databaseEnabled=false, handlesAlerts=true, hasTouchScreen=false, version=55.0.2883.87, platform=XP, browserConnectionEnabled=false, nativeEvents=true, acceptSslCerts=true, locationContextEnabled=true, webStorageEnabled=true, browserName=chrome, takesScreenshot=true, javascriptEnabled=true, cssSelectorsEnabled=true}]
Session ID: 1ce6ae31ec6d0a96fb46a9902df4bd9f
*** Element info: {Using=xpath, value=//tbody}
	at org.openqa.selenium.remote.ErrorHandler.createThrowable(ErrorHandler.java:216)
	at org.openqa.selenium.remote.ErrorHandler.throwIfResponseFailed(ErrorHandler.java:168)
	at org.openqa.selenium.remote.RemoteWebDriver.execute(RemoteWebDriver.java:635)
	at org.openqa.selenium.remote.RemoteWebDriver.findElement(RemoteWebDriver.java:368)
	at org.openqa.selenium.remote.RemoteWebDriver.findElementByXPath(RemoteWebDriver.java:473)
	at org.openqa.selenium.By$ByXPath.findElement(By.java:361)
	at org.openqa.selenium.remote.RemoteWebDriver.findElement(RemoteWebDriver.java:360)
	at com.glance.pageobjects.datamanagement.DataDeleteUpdatePage.verifyReordExist(DataDeleteUpdatePage.java:285)
	at com.glance.datamanagement.tests.VerifyDataUploadPage.GL_Settings_DU_42_1(VerifyDataUploadPage.java:66)
... Removed 28 stack frames]]>
    </failure>
  </testcase> <!-- GL_Settings_DU_42_1 -->
  <testcase name="GL_Settings_DU_42_2" time="0.758" classname="com.glance.datamanagement.tests.VerifyDataUploadPage"/>
  <testcase name="GL_Settings_DU_42_3" time="0.573" classname="com.glance.datamanagement.tests.VerifyDataUploadPage">
    <failure type="java.io.IOException" message="Cannot run program &amp;quot;C:\Poornima\Glance\Glance&amp;quot;: CreateProcess error=2, The system cannot find the file specified">
      <![CDATA[java.io.IOException: Cannot run program "C:\Poornima\Glance\Glance": CreateProcess error=2, The system cannot find the file specified
	at java.lang.ProcessBuilder.start(ProcessBuilder.java:1048)
	at java.lang.Runtime.exec(Runtime.java:620)
	at java.lang.Runtime.exec(Runtime.java:450)
	at java.lang.Runtime.exec(Runtime.java:347)
	at com.glance.datamanagement.tests.VerifyDataUploadPage.GL_Settings_DU_42_3(VerifyDataUploadPage.java:122)
Caused by: java.io.IOException: CreateProcess error=2, The system cannot find the file specified
	at java.lang.ProcessImpl.create(Native Method)
	at java.lang.ProcessImpl.<init>(ProcessImpl.java:386)
	at java.lang.ProcessImpl.start(ProcessImpl.java:137)
	at java.lang.ProcessBuilder.start(ProcessBuilder.java:1029)
	... 29 more
... Removed 25 stack frames]]>
    </failure>
  </testcase> <!-- GL_Settings_DU_42_3 -->
  <testcase name="GL_Settings_DU_42_4" time="5.656" classname="com.glance.datamanagement.tests.VerifyDataUploadPage"/>
  <testcase name="GL_Settings_DU_44" time="0.39" classname="com.glance.datamanagement.tests.VerifyDataUploadPage"/>
  <testcase name="GL_Settings_DU_43" time="0.41" classname="com.glance.datamanagement.tests.VerifyDataUploadPage"/>
  <testcase name="GL_Main_08_verifyClickProfile" time="2.419" classname="com.glance.userlogin.tests.VerifyLockScreen"/>
  <testcase name="GL_Main_09_verifyPassword" time="21.378" classname="com.glance.userlogin.tests.VerifyLockScreen">
    <failure type="org.openqa.selenium.NoSuchElementException" message="no such element: Unable to locate element: {&amp;quot;method&amp;quot;:&amp;quot;xpath&amp;quot;,&amp;quot;selector&amp;quot;:&amp;quot;//div[@class=&amp;apos;row x_title&amp;apos;]/div[@class=&amp;apos;col-md-6&amp;apos;]/h3&amp;quot;}
  (Session info: chrome=55.0.2883.87)
  (Driver info: chromedriver=2.25.426923 (0390b88869384d6eb0d5d09729679f934aab9eed),platform=Windows NT 6.1.7601 SP1 x86_64) (WARNING: The server did not provide any stacktrace information)
Command duration or timeout: 10.02 seconds
For documentation on this error, please visit: http://seleniumhq.org/exceptions/no_such_element.html
Build info: version: &amp;apos;3.0.1&amp;apos;, revision: &amp;apos;1969d75&amp;apos;, time: &amp;apos;2016-10-18 09:49:13 -0700&amp;apos;
System info: host: &amp;apos;CMDABKAREEM&amp;apos;, ip: &amp;apos;172.22.176.38&amp;apos;, os.name: &amp;apos;Windows 7&amp;apos;, os.arch: &amp;apos;amd64&amp;apos;, os.version: &amp;apos;6.1&amp;apos;, java.version: &amp;apos;1.8.0_111&amp;apos;
Driver info: org.openqa.selenium.chrome.ChromeDriver
Capabilities [{applicationCacheEnabled=false, rotatable=false, mobileEmulationEnabled=false, networkConnectionEnabled=false, chrome={chromedriverVersion=2.25.426923 (0390b88869384d6eb0d5d09729679f934aab9eed), userDataDir=C:\Users\abkareem\AppData\Local\Temp\scoped_dir7104_2399}, takesHeapSnapshot=true, pageLoadStrategy=normal, databaseEnabled=false, handlesAlerts=true, hasTouchScreen=false, version=55.0.2883.87, platform=XP, browserConnectionEnabled=false, nativeEvents=true, acceptSslCerts=true, locationContextEnabled=true, webStorageEnabled=true, browserName=chrome, takesScreenshot=true, javascriptEnabled=true, cssSelectorsEnabled=true}]
Session ID: 4f2ab958848ad3ea3ecc54d2d89155d6
*** Element info: {Using=xpath, value=//div[@class=&amp;apos;row x_title&amp;apos;]/div[@class=&amp;apos;col-md-6&amp;apos;]/h3}">
      <![CDATA[org.openqa.selenium.NoSuchElementException: no such element: Unable to locate element: {"method":"xpath","selector":"//div[@class='row x_title']/div[@class='col-md-6']/h3"}
  (Session info: chrome=55.0.2883.87)
  (Driver info: chromedriver=2.25.426923 (0390b88869384d6eb0d5d09729679f934aab9eed),platform=Windows NT 6.1.7601 SP1 x86_64) (WARNING: The server did not provide any stacktrace information)
Command duration or timeout: 10.02 seconds
For documentation on this error, please visit: http://seleniumhq.org/exceptions/no_such_element.html
Build info: version: '3.0.1', revision: '1969d75', time: '2016-10-18 09:49:13 -0700'
System info: host: 'CMDABKAREEM', ip: '172.22.176.38', os.name: 'Windows 7', os.arch: 'amd64', os.version: '6.1', java.version: '1.8.0_111'
Driver info: org.openqa.selenium.chrome.ChromeDriver
Capabilities [{applicationCacheEnabled=false, rotatable=false, mobileEmulationEnabled=false, networkConnectionEnabled=false, chrome={chromedriverVersion=2.25.426923 (0390b88869384d6eb0d5d09729679f934aab9eed), userDataDir=C:\Users\abkareem\AppData\Local\Temp\scoped_dir7104_2399}, takesHeapSnapshot=true, pageLoadStrategy=normal, databaseEnabled=false, handlesAlerts=true, hasTouchScreen=false, version=55.0.2883.87, platform=XP, browserConnectionEnabled=false, nativeEvents=true, acceptSslCerts=true, locationContextEnabled=true, webStorageEnabled=true, browserName=chrome, takesScreenshot=true, javascriptEnabled=true, cssSelectorsEnabled=true}]
Session ID: 4f2ab958848ad3ea3ecc54d2d89155d6
*** Element info: {Using=xpath, value=//div[@class='row x_title']/div[@class='col-md-6']/h3}
	at org.openqa.selenium.remote.ErrorHandler.createThrowable(ErrorHandler.java:216)
	at org.openqa.selenium.remote.ErrorHandler.throwIfResponseFailed(ErrorHandler.java:168)
	at org.openqa.selenium.remote.RemoteWebDriver.execute(RemoteWebDriver.java:635)
	at org.openqa.selenium.remote.RemoteWebDriver.findElement(RemoteWebDriver.java:368)
	at org.openqa.selenium.remote.RemoteWebDriver.findElementByXPath(RemoteWebDriver.java:473)
	at org.openqa.selenium.By$ByXPath.findElement(By.java:361)
	at org.openqa.selenium.remote.RemoteWebDriver.findElement(RemoteWebDriver.java:360)
	at org.openqa.selenium.support.pagefactory.DefaultElementLocator.findElement(DefaultElementLocator.java:69)
	at org.openqa.selenium.support.pagefactory.internal.LocatingElementHandler.invoke(LocatingElementHandler.java:38)
	at com.sun.proxy.$Proxy10.getText(Unknown Source)
	at com.glance.pageobjects.dashboard.DashboardPage.verifyNavigationToDashboardPage(DashboardPage.java:124)
	at com.glance.userlogin.tests.VerifyLockScreen.GL_Main_09_verifyPassword(VerifyLockScreen.java:91)
... Removed 28 stack frames]]>
    </failure>
  </testcase> <!-- GL_Main_09_verifyPassword -->
  <testcase name="GL_Settings_MU_59_cancelEditPage" time="5.522" classname="com.glance.usermanagement.tests.TestEditUser"/>
  <testcase name="GL_Settings_MU_58_2_checkUserNameValidation" time="10.634" classname="com.glance.usermanagement.tests.TestEditUser"/>
  <testcase name="GL_Settings_MU_58_3_checkEmailValidation" time="10.594" classname="com.glance.usermanagement.tests.TestEditUser"/>
  <testcase name="GL_Settings_MU_58_1_verifyEditUser" time="14.428" classname="com.glance.usermanagement.tests.TestEditUser"/>
  <testcase name="GL_Settings_MU_62_verifyGoBackFromDeleteUser" time="10.17" classname="com.glance.usermanagement.tests.TestEditUser"/>
  <testcase name="GL_Settings_MU_61_verifyCancelDeleteUser" time="20.196" classname="com.glance.usermanagement.tests.TestEditUser"/>
  <testcase name="GL_Settings_MU_60_verifyDeleteUser" time="17.536" classname="com.glance.usermanagement.tests.TestEditUser"/>
  <testcase name="GL_Settings_AE_09" time="5.396" classname="com.glance.dashboard.tests.VerifyAddEngagement"/>
  <testcase name="GL_Settings_AE_10" time="5.625" classname="com.glance.dashboard.tests.VerifyAddEngagement"/>
  <testcase name="GL_Settings_AE_11" time="2.48" classname="com.glance.dashboard.tests.VerifyAddEngagement"/>
  <testcase name="GL_Settings_AE_12" time="1.143" classname="com.glance.dashboard.tests.VerifyAddEngagement"/>
  <testcase name="GL_Settings_AE_11_verify1" time="5.107" classname="com.glance.dashboard.tests.VerifyAddEngagement"/>
  <testcase name="GL_Settings_AE_11_verify2" time="10003.008" classname="com.glance.dashboard.tests.VerifyAddEngagement"/>
  <testcase name="GL_Settings_AE_13" time="0.955" classname="com.glance.dashboard.tests.VerifyAddEngagement"/>
  <testcase name="GL_Login_01" time="0.033" classname="com.glance.userlogin.tests.VerifyLoginPage"/>
  <testcase name="GL_login_02" time="9.142" classname="com.glance.userlogin.tests.VerifyLoginPage"/>
  <testcase name="GL_login_03" time="2.563" classname="com.glance.userlogin.tests.VerifyLoginPage">
    <failure type="junit.framework.AssertionFailedError">
      <![CDATA[junit.framework.AssertionFailedError
	at junit.framework.Assert.fail(Assert.java:47)
	at junit.framework.Assert.assertTrue(Assert.java:20)
	at junit.framework.Assert.assertTrue(Assert.java:27)
	at com.glance.userlogin.tests.VerifyLoginPage.GL_login_03(VerifyLoginPage.java:106)
... Removed 25 stack frames]]>
    </failure>
  </testcase> <!-- GL_login_03 -->
  <testcase name="GL_login_04" time="1.22" classname="com.glance.userlogin.tests.VerifyLoginPage"/>
  <testcase name="GL_Settings_GM_69_verifyAddGroupMembership" time="38.631" classname="com.glance.usermanagement.tests.TestGroupMembership"/>
  <testcase name="GL_Settings_GM_71_verifyAddDuplicateEntries" time="8.893" classname="com.glance.usermanagement.tests.TestGroupMembership"/>
  <testcase name="GL_Settings_GM_70_verifyAddGroupMembershipWithEmptyFields" time="10.396" classname="com.glance.usermanagement.tests.TestGroupMembership"/>
  <testcase name="verifyCancelAddGroupMembership" time="0.314" classname="com.glance.usermanagement.tests.TestGroupMembership"/>
  <testcase name="GL_Settings_GM_72_viewMembers" time="0.472" classname="com.glance.usermanagement.tests.TestGroupMembership"/>
  <testcase name="GL_Settings_GM_74_verifyCancelDelete" time="15.576" classname="com.glance.usermanagement.tests.TestGroupMembership"/>
  <testcase name="GL_Settings_GM_73_verifyDeleteGroupMembership" time="15.647" classname="com.glance.usermanagement.tests.TestGroupMembership"/>
  <testcase name="GL_Settings_AP_15_verifyAddProjectNavigation" time="5.618" classname="com.glance.dashboard.tests.VerifyAddProject"/>
  <testcase name="GL_Settings_AP_16_verifyAddProject" time="2.599" classname="com.glance.dashboard.tests.VerifyAddProject"/>
  <testcase name="GL_Settings_AP_17_verifyAddProjectSubmission" time="1.73" classname="com.glance.dashboard.tests.VerifyAddProject"/>
  <testcase name="GL_Settings_AP_18_verifyAddedProjectValidation" time="21.951" classname="com.glance.dashboard.tests.VerifyAddProject"/>
  <testcase name="GL_Settings_AP_19_verifyCancelAddProject" time="21.484" classname="com.glance.dashboard.tests.VerifyAddProject"/>
  <testcase name="GL_Login_11" time="1.543" classname="com.glance.userlogin.tests.VerifyLostPasswordPage"/>
  <testcase name="GL_Login_12" time="1.944" classname="com.glance.userlogin.tests.VerifyLostPasswordPage">
    <failure type="org.openqa.selenium.NoAlertPresentException" message="no alert open
  (Session info: chrome=55.0.2883.87)
  (Driver info: chromedriver=2.25.426923 (0390b88869384d6eb0d5d09729679f934aab9eed),platform=Windows NT 6.1.7601 SP1 x86_64) (WARNING: The server did not provide any stacktrace information)
Command duration or timeout: 20 milliseconds
Build info: version: &amp;apos;3.0.1&amp;apos;, revision: &amp;apos;1969d75&amp;apos;, time: &amp;apos;2016-10-18 09:49:13 -0700&amp;apos;
System info: host: &amp;apos;CMDABKAREEM&amp;apos;, ip: &amp;apos;172.22.176.38&amp;apos;, os.name: &amp;apos;Windows 7&amp;apos;, os.arch: &amp;apos;amd64&amp;apos;, os.version: &amp;apos;6.1&amp;apos;, java.version: &amp;apos;1.8.0_111&amp;apos;
Driver info: org.openqa.selenium.chrome.ChromeDriver
Capabilities [{applicationCacheEnabled=false, rotatable=false, mobileEmulationEnabled=false, networkConnectionEnabled=false, chrome={chromedriverVersion=2.25.426923 (0390b88869384d6eb0d5d09729679f934aab9eed), userDataDir=C:\Users\abkareem\AppData\Local\Temp\scoped_dir25492_7606}, takesHeapSnapshot=true, pageLoadStrategy=normal, databaseEnabled=false, handlesAlerts=true, hasTouchScreen=false, version=55.0.2883.87, platform=XP, browserConnectionEnabled=false, nativeEvents=true, acceptSslCerts=true, locationContextEnabled=true, webStorageEnabled=true, browserName=chrome, takesScreenshot=true, javascriptEnabled=true, cssSelectorsEnabled=true}]
Session ID: 7afd0c94f9943377848660e14d467eea">
      <![CDATA[org.openqa.selenium.NoAlertPresentException: no alert open
  (Session info: chrome=55.0.2883.87)
  (Driver info: chromedriver=2.25.426923 (0390b88869384d6eb0d5d09729679f934aab9eed),platform=Windows NT 6.1.7601 SP1 x86_64) (WARNING: The server did not provide any stacktrace information)
Command duration or timeout: 20 milliseconds
Build info: version: '3.0.1', revision: '1969d75', time: '2016-10-18 09:49:13 -0700'
System info: host: 'CMDABKAREEM', ip: '172.22.176.38', os.name: 'Windows 7', os.arch: 'amd64', os.version: '6.1', java.version: '1.8.0_111'
Driver info: org.openqa.selenium.chrome.ChromeDriver
Capabilities [{applicationCacheEnabled=false, rotatable=false, mobileEmulationEnabled=false, networkConnectionEnabled=false, chrome={chromedriverVersion=2.25.426923 (0390b88869384d6eb0d5d09729679f934aab9eed), userDataDir=C:\Users\abkareem\AppData\Local\Temp\scoped_dir25492_7606}, takesHeapSnapshot=true, pageLoadStrategy=normal, databaseEnabled=false, handlesAlerts=true, hasTouchScreen=false, version=55.0.2883.87, platform=XP, browserConnectionEnabled=false, nativeEvents=true, acceptSslCerts=true, locationContextEnabled=true, webStorageEnabled=true, browserName=chrome, takesScreenshot=true, javascriptEnabled=true, cssSelectorsEnabled=true}]
Session ID: 7afd0c94f9943377848660e14d467eea
	at org.openqa.selenium.remote.ErrorHandler.createThrowable(ErrorHandler.java:216)
	at org.openqa.selenium.remote.ErrorHandler.throwIfResponseFailed(ErrorHandler.java:168)
	at org.openqa.selenium.remote.RemoteWebDriver.execute(RemoteWebDriver.java:635)
	at org.openqa.selenium.remote.RemoteWebDriver.execute(RemoteWebDriver.java:658)
	at org.openqa.selenium.remote.RemoteWebDriver$RemoteTargetLocator.alert(RemoteWebDriver.java:977)
	at com.glance.pageobjects.userlogin.LostPasswordPage.switchtoMsgBoxLostPasswordPage(LostPasswordPage.java:168)
	at com.glance.userlogin.tests.VerifyLostPasswordPage.GL_Login_12(VerifyLostPasswordPage.java:57)
... Removed 29 stack frames]]>
    </failure>
  </testcase> <!-- GL_Login_12 -->
  <testcase name="GL_Login_13" time="10.652" classname="com.glance.userlogin.tests.VerifyLostPasswordPage"/>
  <testcase name="GL_Login_14" time="0.184" classname="com.glance.userlogin.tests.VerifyLostPasswordPage"/>
  <testcase name="GL_Login_15" time="0.382" classname="com.glance.userlogin.tests.VerifyLostPasswordPage"/>
  <testcase name="GL_Settings_MA_78_cancelManageAccess" time="2.241" classname="com.glance.usermanagement.tests.TestManageAccess"/>
  <testcase name="GL_Settings_MA_77_testGiveAccessWithEmptyFields" time="31.044" classname="com.glance.usermanagement.tests.TestManageAccess"/>
  <testcase name="GL_Settings_MA_76_testGiveAccess" time="33.222" classname="com.glance.usermanagement.tests.TestManageAccess"/>
  <testcase name="GL_Settings_DB_35" time="7.009" classname="com.glance.dashboard.tests.VerifyDashboard"/>
  <testcase name="GL_Settings_DB_36" time="1806.205" classname="com.glance.dashboard.tests.VerifyDashboard">
    <failure type="org.openqa.selenium.TimeoutException" message="timeout: Timed out receiving message from renderer: 600.000
  (Session info: chrome=55.0.2883.87)
  (Driver info: chromedriver=2.25.426923 (0390b88869384d6eb0d5d09729679f934aab9eed),platform=Windows NT 6.1.7601 SP1 x86_64) (WARNING: The server did not provide any stacktrace information)
Command duration or timeout: 1800.39 seconds
Build info: version: &amp;apos;3.0.1&amp;apos;, revision: &amp;apos;1969d75&amp;apos;, time: &amp;apos;2016-10-18 09:49:13 -0700&amp;apos;
System info: host: &amp;apos;CMDABKAREEM&amp;apos;, ip: &amp;apos;172.22.176.38&amp;apos;, os.name: &amp;apos;Windows 7&amp;apos;, os.arch: &amp;apos;amd64&amp;apos;, os.version: &amp;apos;6.1&amp;apos;, java.version: &amp;apos;1.8.0_111&amp;apos;
Driver info: org.openqa.selenium.chrome.ChromeDriver
Capabilities [{applicationCacheEnabled=false, rotatable=false, mobileEmulationEnabled=false, networkConnectionEnabled=false, chrome={chromedriverVersion=2.25.426923 (0390b88869384d6eb0d5d09729679f934aab9eed), userDataDir=C:\Users\abkareem\AppData\Local\Temp\scoped_dir26508_27924}, takesHeapSnapshot=true, pageLoadStrategy=normal, databaseEnabled=false, handlesAlerts=true, hasTouchScreen=false, version=55.0.2883.87, platform=XP, browserConnectionEnabled=false, nativeEvents=true, acceptSslCerts=true, locationContextEnabled=true, webStorageEnabled=true, browserName=chrome, takesScreenshot=true, javascriptEnabled=true, cssSelectorsEnabled=true}]
Session ID: d8838403f6d4b63fd5d31e800bb30786">
      <![CDATA[org.openqa.selenium.TimeoutException: timeout: Timed out receiving message from renderer: 600.000
  (Session info: chrome=55.0.2883.87)
  (Driver info: chromedriver=2.25.426923 (0390b88869384d6eb0d5d09729679f934aab9eed),platform=Windows NT 6.1.7601 SP1 x86_64) (WARNING: The server did not provide any stacktrace information)
Command duration or timeout: 1800.39 seconds
Build info: version: '3.0.1', revision: '1969d75', time: '2016-10-18 09:49:13 -0700'
System info: host: 'CMDABKAREEM', ip: '172.22.176.38', os.name: 'Windows 7', os.arch: 'amd64', os.version: '6.1', java.version: '1.8.0_111'
Driver info: org.openqa.selenium.chrome.ChromeDriver
Capabilities [{applicationCacheEnabled=false, rotatable=false, mobileEmulationEnabled=false, networkConnectionEnabled=false, chrome={chromedriverVersion=2.25.426923 (0390b88869384d6eb0d5d09729679f934aab9eed), userDataDir=C:\Users\abkareem\AppData\Local\Temp\scoped_dir26508_27924}, takesHeapSnapshot=true, pageLoadStrategy=normal, databaseEnabled=false, handlesAlerts=true, hasTouchScreen=false, version=55.0.2883.87, platform=XP, browserConnectionEnabled=false, nativeEvents=true, acceptSslCerts=true, locationContextEnabled=true, webStorageEnabled=true, browserName=chrome, takesScreenshot=true, javascriptEnabled=true, cssSelectorsEnabled=true}]
Session ID: d8838403f6d4b63fd5d31e800bb30786
	at org.openqa.selenium.remote.ErrorHandler.createThrowable(ErrorHandler.java:216)
	at org.openqa.selenium.remote.ErrorHandler.throwIfResponseFailed(ErrorHandler.java:168)
	at org.openqa.selenium.remote.RemoteWebDriver.execute(RemoteWebDriver.java:635)
	at org.openqa.selenium.remote.RemoteWebDriver.executeScript(RemoteWebDriver.java:537)
	at com.glance.pageobjects.common.CommonPageObject$2.apply(CommonPageObject.java:642)
	at com.glance.pageobjects.common.CommonPageObject$2.apply(CommonPageObject.java:1)
	at org.openqa.selenium.support.ui.FluentWait.until(FluentWait.java:238)
	at com.glance.pageobjects.common.CommonPageObject.waitForPageLoad(CommonPageObject.java:640)
	at com.glance.dashboard.tests.VerifyDashboard.GL_Settings_DB_36(VerifyDashboard.java:105)
... Removed 29 stack frames]]>
    </failure>
  </testcase> <!-- GL_Settings_DB_36 -->
  <testcase name="GL_Settings_DB_37" time="0.03" classname="com.glance.dashboard.tests.VerifyDashboard">
    <failure type="org.openqa.selenium.UnhandledAlertException" message="unexpected alert open: {Alert text : Sorry. Server unavailable. }
  (Session info: chrome=55.0.2883.87)
  (Driver info: chromedriver=2.25.426923 (0390b88869384d6eb0d5d09729679f934aab9eed),platform=Windows NT 6.1.7601 SP1 x86_64) (WARNING: The server did not provide any stacktrace information)
Command duration or timeout: 7 milliseconds: null
Build info: version: &amp;apos;3.0.1&amp;apos;, revision: &amp;apos;1969d75&amp;apos;, time: &amp;apos;2016-10-18 09:49:13 -0700&amp;apos;
System info: host: &amp;apos;CMDABKAREEM&amp;apos;, ip: &amp;apos;172.22.176.38&amp;apos;, os.name: &amp;apos;Windows 7&amp;apos;, os.arch: &amp;apos;amd64&amp;apos;, os.version: &amp;apos;6.1&amp;apos;, java.version: &amp;apos;1.8.0_111&amp;apos;
Driver info: org.openqa.selenium.chrome.ChromeDriver
Capabilities [{applicationCacheEnabled=false, rotatable=false, mobileEmulationEnabled=false, networkConnectionEnabled=false, chrome={chromedriverVersion=2.25.426923 (0390b88869384d6eb0d5d09729679f934aab9eed), userDataDir=C:\Users\abkareem\AppData\Local\Temp\scoped_dir26508_27924}, takesHeapSnapshot=true, pageLoadStrategy=normal, databaseEnabled=false, handlesAlerts=true, hasTouchScreen=false, version=55.0.2883.87, platform=XP, browserConnectionEnabled=false, nativeEvents=true, acceptSslCerts=true, locationContextEnabled=true, webStorageEnabled=true, browserName=chrome, takesScreenshot=true, javascriptEnabled=true, cssSelectorsEnabled=true}]
Session ID: d8838403f6d4b63fd5d31e800bb30786">
      <![CDATA[org.openqa.selenium.UnhandledAlertException: unexpected alert open: {Alert text : Sorry. Server unavailable. }
  (Session info: chrome=55.0.2883.87)
  (Driver info: chromedriver=2.25.426923 (0390b88869384d6eb0d5d09729679f934aab9eed),platform=Windows NT 6.1.7601 SP1 x86_64) (WARNING: The server did not provide any stacktrace information)
Command duration or timeout: 7 milliseconds: null
Build info: version: '3.0.1', revision: '1969d75', time: '2016-10-18 09:49:13 -0700'
System info: host: 'CMDABKAREEM', ip: '172.22.176.38', os.name: 'Windows 7', os.arch: 'amd64', os.version: '6.1', java.version: '1.8.0_111'
Driver info: org.openqa.selenium.chrome.ChromeDriver
Capabilities [{applicationCacheEnabled=false, rotatable=false, mobileEmulationEnabled=false, networkConnectionEnabled=false, chrome={chromedriverVersion=2.25.426923 (0390b88869384d6eb0d5d09729679f934aab9eed), userDataDir=C:\Users\abkareem\AppData\Local\Temp\scoped_dir26508_27924}, takesHeapSnapshot=true, pageLoadStrategy=normal, databaseEnabled=false, handlesAlerts=true, hasTouchScreen=false, version=55.0.2883.87, platform=XP, browserConnectionEnabled=false, nativeEvents=true, acceptSslCerts=true, locationContextEnabled=true, webStorageEnabled=true, browserName=chrome, takesScreenshot=true, javascriptEnabled=true, cssSelectorsEnabled=true}]
Session ID: d8838403f6d4b63fd5d31e800bb30786
	at org.openqa.selenium.remote.ErrorHandler.createThrowable(ErrorHandler.java:216)
	at org.openqa.selenium.remote.ErrorHandler.throwIfResponseFailed(ErrorHandler.java:174)
	at org.openqa.selenium.remote.RemoteWebDriver.execute(RemoteWebDriver.java:635)
	at org.openqa.selenium.remote.RemoteWebDriver.executeScript(RemoteWebDriver.java:537)
	at com.glance.pageobjects.common.CommonPageObject$2.apply(CommonPageObject.java:642)
	at com.glance.pageobjects.common.CommonPageObject$2.apply(CommonPageObject.java:1)
	at org.openqa.selenium.support.ui.FluentWait.until(FluentWait.java:238)
	at com.glance.pageobjects.common.CommonPageObject.waitForPageLoad(CommonPageObject.java:640)
	at com.glance.dashboard.tests.VerifyDashboard.GL_Settings_DB_37(VerifyDashboard.java:149)
... Removed 29 stack frames]]>
    </failure>
  </testcase> <!-- GL_Settings_DB_37 -->
  <testcase name="GL_Settings_DB_38" time="0.066" classname="com.glance.dashboard.tests.VerifyDashboard"/>
  <testcase name="GL_Settings_DB_39" time="35.163" classname="com.glance.dashboard.tests.VerifyDashboard">
    <failure type="org.openqa.selenium.UnhandledAlertException" message="unexpected alert open: {Alert text : Sorry. Server unavailable. }
  (Session info: chrome=55.0.2883.87)
  (Driver info: chromedriver=2.25.426923 (0390b88869384d6eb0d5d09729679f934aab9eed),platform=Windows NT 6.1.7601 SP1 x86_64) (WARNING: The server did not provide any stacktrace information)
Command duration or timeout: 4 milliseconds: null
Build info: version: &amp;apos;3.0.1&amp;apos;, revision: &amp;apos;1969d75&amp;apos;, time: &amp;apos;2016-10-18 09:49:13 -0700&amp;apos;
System info: host: &amp;apos;CMDABKAREEM&amp;apos;, ip: &amp;apos;172.22.176.38&amp;apos;, os.name: &amp;apos;Windows 7&amp;apos;, os.arch: &amp;apos;amd64&amp;apos;, os.version: &amp;apos;6.1&amp;apos;, java.version: &amp;apos;1.8.0_111&amp;apos;
Driver info: org.openqa.selenium.chrome.ChromeDriver
Capabilities [{applicationCacheEnabled=false, rotatable=false, mobileEmulationEnabled=false, networkConnectionEnabled=false, chrome={chromedriverVersion=2.25.426923 (0390b88869384d6eb0d5d09729679f934aab9eed), userDataDir=C:\Users\abkareem\AppData\Local\Temp\scoped_dir26508_27924}, takesHeapSnapshot=true, pageLoadStrategy=normal, databaseEnabled=false, handlesAlerts=true, hasTouchScreen=false, version=55.0.2883.87, platform=XP, browserConnectionEnabled=false, nativeEvents=true, acceptSslCerts=true, locationContextEnabled=true, webStorageEnabled=true, browserName=chrome, takesScreenshot=true, javascriptEnabled=true, cssSelectorsEnabled=true}]
Session ID: d8838403f6d4b63fd5d31e800bb30786">
      <![CDATA[org.openqa.selenium.UnhandledAlertException: unexpected alert open: {Alert text : Sorry. Server unavailable. }
  (Session info: chrome=55.0.2883.87)
  (Driver info: chromedriver=2.25.426923 (0390b88869384d6eb0d5d09729679f934aab9eed),platform=Windows NT 6.1.7601 SP1 x86_64) (WARNING: The server did not provide any stacktrace information)
Command duration or timeout: 4 milliseconds: null
Build info: version: '3.0.1', revision: '1969d75', time: '2016-10-18 09:49:13 -0700'
System info: host: 'CMDABKAREEM', ip: '172.22.176.38', os.name: 'Windows 7', os.arch: 'amd64', os.version: '6.1', java.version: '1.8.0_111'
Driver info: org.openqa.selenium.chrome.ChromeDriver
Capabilities [{applicationCacheEnabled=false, rotatable=false, mobileEmulationEnabled=false, networkConnectionEnabled=false, chrome={chromedriverVersion=2.25.426923 (0390b88869384d6eb0d5d09729679f934aab9eed), userDataDir=C:\Users\abkareem\AppData\Local\Temp\scoped_dir26508_27924}, takesHeapSnapshot=true, pageLoadStrategy=normal, databaseEnabled=false, handlesAlerts=true, hasTouchScreen=false, version=55.0.2883.87, platform=XP, browserConnectionEnabled=false, nativeEvents=true, acceptSslCerts=true, locationContextEnabled=true, webStorageEnabled=true, browserName=chrome, takesScreenshot=true, javascriptEnabled=true, cssSelectorsEnabled=true}]
Session ID: d8838403f6d4b63fd5d31e800bb30786
	at org.openqa.selenium.remote.ErrorHandler.createThrowable(ErrorHandler.java:216)
	at org.openqa.selenium.remote.ErrorHandler.throwIfResponseFailed(ErrorHandler.java:174)
	at org.openqa.selenium.remote.RemoteWebDriver.execute(RemoteWebDriver.java:635)
	at org.openqa.selenium.remote.RemoteWebDriver.executeScript(RemoteWebDriver.java:537)
	at com.glance.pageobjects.common.CommonPageObject$2.apply(CommonPageObject.java:642)
	at com.glance.pageobjects.common.CommonPageObject$2.apply(CommonPageObject.java:1)
	at org.openqa.selenium.support.ui.FluentWait.until(FluentWait.java:238)
	at com.glance.pageobjects.common.CommonPageObject.waitForPageLoad(CommonPageObject.java:640)
	at com.glance.dashboard.tests.VerifyDashboard.GL_Settings_DB_39(VerifyDashboard.java:219)
... Removed 28 stack frames]]>
    </failure>
  </testcase> <!-- GL_Settings_DB_39 -->
  <testcase name="GL_Settings_DB_40" time="0.004" classname="com.glance.dashboard.tests.VerifyDashboard">
    <failure type="org.openqa.selenium.UnhandledAlertException" message="unexpected alert open: {Alert text : Sorry. Server unavailable. }
  (Session info: chrome=55.0.2883.87)
  (Driver info: chromedriver=2.25.426923 (0390b88869384d6eb0d5d09729679f934aab9eed),platform=Windows NT 6.1.7601 SP1 x86_64) (WARNING: The server did not provide any stacktrace information)
Command duration or timeout: 4 milliseconds: null
Build info: version: &amp;apos;3.0.1&amp;apos;, revision: &amp;apos;1969d75&amp;apos;, time: &amp;apos;2016-10-18 09:49:13 -0700&amp;apos;
System info: host: &amp;apos;CMDABKAREEM&amp;apos;, ip: &amp;apos;172.22.176.38&amp;apos;, os.name: &amp;apos;Windows 7&amp;apos;, os.arch: &amp;apos;amd64&amp;apos;, os.version: &amp;apos;6.1&amp;apos;, java.version: &amp;apos;1.8.0_111&amp;apos;
Driver info: org.openqa.selenium.chrome.ChromeDriver
Capabilities [{applicationCacheEnabled=false, rotatable=false, mobileEmulationEnabled=false, networkConnectionEnabled=false, chrome={chromedriverVersion=2.25.426923 (0390b88869384d6eb0d5d09729679f934aab9eed), userDataDir=C:\Users\abkareem\AppData\Local\Temp\scoped_dir26508_27924}, takesHeapSnapshot=true, pageLoadStrategy=normal, databaseEnabled=false, handlesAlerts=true, hasTouchScreen=false, version=55.0.2883.87, platform=XP, browserConnectionEnabled=false, nativeEvents=true, acceptSslCerts=true, locationContextEnabled=true, webStorageEnabled=true, browserName=chrome, takesScreenshot=true, javascriptEnabled=true, cssSelectorsEnabled=true}]
Session ID: d8838403f6d4b63fd5d31e800bb30786
*** Element info: {Using=xpath, value=//div[@class=&amp;apos;row x_title&amp;apos;]/div[@class=&amp;apos;col-md-6&amp;apos;]/h3}">
      <![CDATA[org.openqa.selenium.UnhandledAlertException: unexpected alert open: {Alert text : Sorry. Server unavailable. }
  (Session info: chrome=55.0.2883.87)
  (Driver info: chromedriver=2.25.426923 (0390b88869384d6eb0d5d09729679f934aab9eed),platform=Windows NT 6.1.7601 SP1 x86_64) (WARNING: The server did not provide any stacktrace information)
Command duration or timeout: 4 milliseconds: null
Build info: version: '3.0.1', revision: '1969d75', time: '2016-10-18 09:49:13 -0700'
System info: host: 'CMDABKAREEM', ip: '172.22.176.38', os.name: 'Windows 7', os.arch: 'amd64', os.version: '6.1', java.version: '1.8.0_111'
Driver info: org.openqa.selenium.chrome.ChromeDriver
Capabilities [{applicationCacheEnabled=false, rotatable=false, mobileEmulationEnabled=false, networkConnectionEnabled=false, chrome={chromedriverVersion=2.25.426923 (0390b88869384d6eb0d5d09729679f934aab9eed), userDataDir=C:\Users\abkareem\AppData\Local\Temp\scoped_dir26508_27924}, takesHeapSnapshot=true, pageLoadStrategy=normal, databaseEnabled=false, handlesAlerts=true, hasTouchScreen=false, version=55.0.2883.87, platform=XP, browserConnectionEnabled=false, nativeEvents=true, acceptSslCerts=true, locationContextEnabled=true, webStorageEnabled=true, browserName=chrome, takesScreenshot=true, javascriptEnabled=true, cssSelectorsEnabled=true}]
Session ID: d8838403f6d4b63fd5d31e800bb30786
*** Element info: {Using=xpath, value=//div[@class='row x_title']/div[@class='col-md-6']/h3}
	at org.openqa.selenium.remote.ErrorHandler.createThrowable(ErrorHandler.java:216)
	at org.openqa.selenium.remote.ErrorHandler.throwIfResponseFailed(ErrorHandler.java:174)
	at org.openqa.selenium.remote.RemoteWebDriver.execute(RemoteWebDriver.java:635)
	at org.openqa.selenium.remote.RemoteWebDriver.findElement(RemoteWebDriver.java:368)
	at org.openqa.selenium.remote.RemoteWebDriver.findElementByXPath(RemoteWebDriver.java:473)
	at org.openqa.selenium.By$ByXPath.findElement(By.java:361)
	at org.openqa.selenium.remote.RemoteWebDriver.findElement(RemoteWebDriver.java:360)
	at org.openqa.selenium.support.pagefactory.DefaultElementLocator.findElement(DefaultElementLocator.java:69)
	at org.openqa.selenium.support.pagefactory.internal.LocatingElementHandler.invoke(LocatingElementHandler.java:38)
	at com.sun.proxy.$Proxy10.getText(Unknown Source)
	at com.glance.pageobjects.dashboard.DashboardPage.getPageName(DashboardPage.java:141)
	at com.glance.dashboard.tests.VerifyDashboard.GL_Settings_DB_40(VerifyDashboard.java:244)
... Removed 28 stack frames]]>
    </failure>
  </testcase> <!-- GL_Settings_DB_40 -->
  <testcase name="GL_Settings_PU_92" time="184.467" classname="com.glance.userlogin.tests.VerifyProfileUpdatePage"/>
  <testcase name="GL_Settings_PU_93" time="15.261" classname="com.glance.userlogin.tests.VerifyProfileUpdatePage">
    <failure type="java.lang.AssertionError" message="expected [true] but found [false]">
      <![CDATA[java.lang.AssertionError: expected [true] but found [false]
	at com.glance.userlogin.tests.VerifyProfileUpdatePage.GL_Settings_PU_93(VerifyProfileUpdatePage.java:162)
... Removed 29 stack frames]]>
    </failure>
  </testcase> <!-- GL_Settings_PU_93 -->
  <testcase name="GL_Settings_PU_94" time="45.526" classname="com.glance.userlogin.tests.VerifyProfileUpdatePage">
    <failure type="java.lang.AssertionError" message="expected [true] but found [false]">
      <![CDATA[java.lang.AssertionError: expected [true] but found [false]
	at com.glance.userlogin.tests.VerifyProfileUpdatePage.GL_Settings_PU_94(VerifyProfileUpdatePage.java:230)
... Removed 29 stack frames]]>
    </failure>
  </testcase> <!-- GL_Settings_PU_94 -->
  <testcase name="GL_Settings_PU_95" time="20.362" classname="com.glance.userlogin.tests.VerifyProfileUpdatePage">
    <failure type="java.lang.AssertionError" message="expected [true] but found [false]">
      <![CDATA[java.lang.AssertionError: expected [true] but found [false]
	at com.glance.userlogin.tests.VerifyProfileUpdatePage.GL_Settings_PU_95(VerifyProfileUpdatePage.java:314)
... Removed 29 stack frames]]>
    </failure>
  </testcase> <!-- GL_Settings_PU_95 -->
  <testcase name="GL_Settings_PU_96" time="5.196" classname="com.glance.userlogin.tests.VerifyProfileUpdatePage">
    <failure type="java.io.IOException" message="Cannot run program &amp;quot;C:\Users\nhewawasam\Desktop\FileUpload.exe&amp;quot;: CreateProcess error=2, The system cannot find the file specified">
      <![CDATA[java.io.IOException: Cannot run program "C:\Users\nhewawasam\Desktop\FileUpload.exe": CreateProcess error=2, The system cannot find the file specified
	at java.lang.ProcessBuilder.start(ProcessBuilder.java:1048)
	at java.lang.Runtime.exec(Runtime.java:620)
	at java.lang.Runtime.exec(Runtime.java:450)
	at java.lang.Runtime.exec(Runtime.java:347)
	at com.glance.userlogin.tests.VerifyProfileUpdatePage.GL_Settings_PU_96(VerifyProfileUpdatePage.java:365)
Caused by: java.io.IOException: CreateProcess error=2, The system cannot find the file specified
	at java.lang.ProcessImpl.create(Native Method)
	at java.lang.ProcessImpl.<init>(ProcessImpl.java:386)
	at java.lang.ProcessImpl.start(ProcessImpl.java:137)
	at java.lang.ProcessBuilder.start(ProcessBuilder.java:1029)
	... 29 more
... Removed 25 stack frames]]>
    </failure>
  </testcase> <!-- GL_Settings_PU_96 -->
  <testcase name="GL_Settings_PU_97" time="15.4" classname="com.glance.userlogin.tests.VerifyProfileUpdatePage">
    <failure type="java.lang.AssertionError" message="expected [true] but found [false]">
      <![CDATA[java.lang.AssertionError: expected [true] but found [false]
	at com.glance.userlogin.tests.VerifyProfileUpdatePage.GL_Settings_PU_97(VerifyProfileUpdatePage.java:403)
... Removed 29 stack frames]]>
    </failure>
  </testcase> <!-- GL_Settings_PU_97 -->
  <testcase name="GL_Settings_PU_99" time="20.718" classname="com.glance.userlogin.tests.VerifyProfileUpdatePage"/>
  <testcase name="GL_Settings_MG_80" time="8.553" classname="com.glance.usermanagement.tests.VerifyManageGroup">
    <failure type="java.io.IOException" message="Cannot run program &amp;quot;C:\GlanceProject\GlanceAutomationTests\GroupImageUpload.exe&amp;quot;: CreateProcess error=2, The system cannot find the file specified">
      <![CDATA[java.io.IOException: Cannot run program "C:\GlanceProject\GlanceAutomationTests\GroupImageUpload.exe": CreateProcess error=2, The system cannot find the file specified
	at java.lang.ProcessBuilder.start(ProcessBuilder.java:1048)
	at java.lang.Runtime.exec(Runtime.java:620)
	at java.lang.Runtime.exec(Runtime.java:450)
	at java.lang.Runtime.exec(Runtime.java:347)
	at com.glance.usermanagement.tests.VerifyManageGroup.GL_Settings_MG_80(VerifyManageGroup.java:50)
Caused by: java.io.IOException: CreateProcess error=2, The system cannot find the file specified
	at java.lang.ProcessImpl.create(Native Method)
	at java.lang.ProcessImpl.<init>(ProcessImpl.java:386)
	at java.lang.ProcessImpl.start(ProcessImpl.java:137)
	at java.lang.ProcessBuilder.start(ProcessBuilder.java:1029)
	... 29 more
... Removed 25 stack frames]]>
    </failure>
  </testcase> <!-- GL_Settings_MG_80 -->
  <testcase name="GL_Settings_MG_81" time="50.286" classname="com.glance.usermanagement.tests.VerifyManageGroup"/>
  <testcase name="GL_Settings_MG_82" time="5.243" classname="com.glance.usermanagement.tests.VerifyManageGroup"/>
  <testcase name="GL_Settings_MG_83" time="15.02" classname="com.glance.usermanagement.tests.VerifyManageGroup">
    <failure type="java.lang.AssertionError" message="expected [true] but found [false]">
      <![CDATA[java.lang.AssertionError: expected [true] but found [false]
	at com.glance.usermanagement.tests.VerifyManageGroup.GL_Settings_MG_83(VerifyManageGroup.java:169)
... Removed 29 stack frames]]>
    </failure>
  </testcase> <!-- GL_Settings_MG_83 -->
  <testcase name="GL_Settings_MG_84" time="60.335" classname="com.glance.usermanagement.tests.VerifyManageGroup">
    <failure type="java.lang.NullPointerException">
      <![CDATA[java.lang.NullPointerException
	at java.lang.String.contains(String.java:2133)
	at com.glance.pageobjects.usermanagement.EditGroupPage.verifyUpdated(EditGroupPage.java:154)
	at com.glance.usermanagement.tests.VerifyManageGroup.GL_Settings_MG_84(VerifyManageGroup.java:202)
... Removed 25 stack frames]]>
    </failure>
  </testcase> <!-- GL_Settings_MG_84 -->
  <testcase name="GL_Settings_MG_85" time="47.172" classname="com.glance.usermanagement.tests.VerifyManageGroup">
    <failure type="java.lang.AssertionError" message="expected [true] but found [false]">
      <![CDATA[java.lang.AssertionError: expected [true] but found [false]
	at com.glance.usermanagement.tests.VerifyManageGroup.GL_Settings_MG_85(VerifyManageGroup.java:234)
... Removed 29 stack frames]]>
    </failure>
  </testcase> <!-- GL_Settings_MG_85 -->
  <testcase name="GL_Settings_MG_86" time="43.876" classname="com.glance.usermanagement.tests.VerifyManageGroup">
    <failure type="java.lang.NullPointerException">
      <![CDATA[java.lang.NullPointerException
	at java.lang.String.contains(String.java:2133)
	at com.glance.pageobjects.usermanagement.ManageGroupPage.verifyDeleted(ManageGroupPage.java:295)
	at com.glance.usermanagement.tests.VerifyManageGroup.GL_Settings_MG_86(VerifyManageGroup.java:263)
... Removed 25 stack frames]]>
    </failure>
  </testcase> <!-- GL_Settings_MG_86 -->
  <testcase name="GL_Settings_DS_22" time="1.617" classname="com.glance.dashboard.tests.VerifyDeleteSearch"/>
  <testcase name="GL_Settings_DS_23" time="0.832" classname="com.glance.dashboard.tests.VerifyDeleteSearch"/>
  <testcase name="GL_Settings_DS_24" time="0.625" classname="com.glance.dashboard.tests.VerifyDeleteSearch"/>
  <testcase name="GL_Settings_DS_25" time="0.72" classname="com.glance.dashboard.tests.VerifyDeleteSearch"/>
  <testcase name="GL_Settings_DS_26" time="0.895" classname="com.glance.dashboard.tests.VerifyDeleteSearch"/>
  <testcase name="GL_Settings_DS_27" time="0.534" classname="com.glance.dashboard.tests.VerifyDeleteSearch"/>
  <testcase name="GL_Settings_AA_01_verifyAddAccount" time="6.154" classname="com.glance.userlogin.tests.VerifySettingsPage"/>
  <testcase name="GL_Settings_AE_09_verifyAddEngagement" time="0.544" classname="com.glance.userlogin.tests.VerifySettingsPage"/>
  <testcase name="GL_Settings_AP_14_verifyAddProject" time="0.521" classname="com.glance.userlogin.tests.VerifySettingsPage"/>
  <testcase name="GL_Settings_DS_22_verifyDeleteSearch" time="0.373" classname="com.glance.userlogin.tests.VerifySettingsPage"/>
  <testcase name="GL_Settings_DU_41_verifyDataUploadPage" time="0.433" classname="com.glance.userlogin.tests.VerifySettingsPage"/>
  <testcase name="GL_Settings_DM_45_verifyDataDeleteModifyPage" time="0.908" classname="com.glance.userlogin.tests.VerifySettingsPage"/>
  <testcase name="verifySocketsPage" time="0.337" classname="com.glance.userlogin.tests.VerifySettingsPage"/>
  <testcase name="GL_Settings_MU_56_verifyManageUsersPage" time="0.492" classname="com.glance.userlogin.tests.VerifySettingsPage"/>
  <testcase name="GL_Settings_MG_79_verifyManageGroupPage" time="0.386" classname="com.glance.userlogin.tests.VerifySettingsPage"/>
  <testcase name="GL_Settings_GM_68_verifyManageGroupmembershipPage" time="0.54" classname="com.glance.userlogin.tests.VerifySettingsPage"/>
  <testcase name="GL_Settings_MA_75_verifyManageAccessPage" time="0.421" classname="com.glance.userlogin.tests.VerifySettingsPage"/>
  <testcase name="GL_Settings_DD_88_verifyRadioBtnCurrentMonth" time="0.409" classname="com.glance.userlogin.tests.VerifySettingsPage"/>
  <testcase name="GL_Settings_DD_89_verifyRadioBtnLastSelected" time="0.372" classname="com.glance.userlogin.tests.VerifySettingsPage"/>
  <testcase name="GL_Settings_PU_90_verifyProfileUpdate" time="0.449" classname="com.glance.userlogin.tests.VerifySettingsPage"/>
  <testcase name="GL_Settings_SD_100_verifySessionDump" time="0.432" classname="com.glance.userlogin.tests.VerifySettingsPage">
    <failure type="java.lang.AssertionError" message="expected [true] but found [false]">
      <![CDATA[java.lang.AssertionError: expected [true] but found [false]
	at com.glance.userlogin.tests.VerifySettingsPage.GL_Settings_SD_100_verifySessionDump(VerifySettingsPage.java:266)
... Removed 29 stack frames]]>
    </failure>
  </testcase> <!-- GL_Settings_SD_100_verifySessionDump -->
  <testcase name="GL_Settings_DSR_28" time="0.124" classname="com.glance.dashboard.tests.VerifyDeleteSearchResults"/>
  <testcase name="GL_Settings_DSR_30" time="0.547" classname="com.glance.dashboard.tests.VerifyDeleteSearchResults"/>
  <testcase name="GL_Settings_DSR_30" time="0.437" classname="com.glance.dashboard.tests.VerifyDeleteSearchResults"/>
  <testcase name="GL_Settings_DSR_30" time="0.486" classname="com.glance.dashboard.tests.VerifyDeleteSearchResults"/>
  <testcase name="GL_Settings_DSR_30" time="0.476" classname="com.glance.dashboard.tests.VerifyDeleteSearchResults"/>
  <testcase name="GL_Settings_DSR_29" time="0.163" classname="com.glance.dashboard.tests.VerifyDeleteSearchResults"/>
  <testcase name="GL_Settings_DSR_31" time="0.435" classname="com.glance.dashboard.tests.VerifyDeleteSearchResults"/>
  <testcase name="GL_Settings_DSR_32" time="2.499" classname="com.glance.dashboard.tests.VerifyDeleteSearchResults">
    <failure type="junit.framework.AssertionFailedError">
      <![CDATA[junit.framework.AssertionFailedError
	at junit.framework.Assert.fail(Assert.java:47)
	at junit.framework.Assert.assertTrue(Assert.java:20)
	at junit.framework.Assert.assertTrue(Assert.java:27)
	at com.glance.dashboard.tests.VerifyDeleteSearchResults.GL_Settings_DSR_32(VerifyDeleteSearchResults.java:171)
... Removed 25 stack frames]]>
    </failure>
  </testcase> <!-- GL_Settings_DSR_32 -->
  <testcase name="GL_Settings_DSR_33" time="9.71" classname="com.glance.dashboard.tests.VerifyDeleteSearchResults"/>
  <testcase name="GL_Settings_DSR_34" time="0.757" classname="com.glance.dashboard.tests.VerifyDeleteSearchResults"/>
</testsuite> <!-- Test -->
