<html>
<head>
<title>TestNG:  Test</title>
<link href="../testng.css" rel="stylesheet" type="text/css" />
<link href="../my-testng.css" rel="stylesheet" type="text/css" />

<style type="text/css">
.log { display: none;} 
.stack-trace { display: none;} 
</style>
<script type="text/javascript">
<!--
function flip(e) {
  current = e.style.display;
  if (current == 'block') {
    e.style.display = 'none';
    return 0;
  }
  else {
    e.style.display = 'block';
    return 1;
  }
}

function toggleBox(szDivId, elem, msg1, msg2)
{
  var res = -1;  if (document.getElementById) {
    res = flip(document.getElementById(szDivId));
  }
  else if (document.all) {
    // this is the way old msie versions work
    res = flip(document.all[szDivId]);
  }
  if(elem) {
    if(res == 0) elem.innerHTML = msg1; else elem.innerHTML = msg2;
  }

}

function toggleAllBoxes() {
  if (document.getElementsByTagName) {
    d = document.getElementsByTagName('div');
    for (i = 0; i < d.length; i++) {
      if (d[i].className == 'log') {
        flip(d[i]);
      }
    }
  }
}

// -->
</script>

</head>
<body>
<h2 align='center'>Test</h2><table border='1' align="center">
<tr>
<td>Tests passed/Failed/Skipped:</td><td>128/27/0</td>
</tr><tr>
<td>Started on:</td><td>Fri Dec 16 16:28:42 IST 2016</td>
</tr>
<tr><td>Total time:</td><td>76716 seconds (76716577 ms)</td>
</tr><tr>
<td>Included groups:</td><td></td>
</tr><tr>
<td>Excluded groups:</td><td></td>
</tr>
</table><p/>
<small><i>(Hover the method name to see the test class name)</i></small><p/>
<table width='100%' border='1' class='invocation-failed'>
<tr><td colspan='4' align='center'><b>FAILED TESTS</b></td></tr>
<tr><td><b>Test method</b></td>
<td width="30%"><b>Exception</b></td>
<td width="10%"><b>Time (seconds)</b></td>
<td><b>Instance</b></td>
</tr>
<tr>
<td title='com.glance.userlogin.tests.VerifyCreateAccountPage.GL_Login_08()'><b>GL_Login_08</b><br>Test class: com.glance.userlogin.tests.VerifyCreateAccountPage</td>
<td><div><pre>org.openqa.selenium.NoSuchElementException: no such element: Unable to locate element: {&quot;method&quot;:&quot;xpath&quot;,&quot;selector&quot;:&quot;//div[2]/div[2]/div/div/div/div/div[3]/div&quot;}
  (Session info: chrome=55.0.2883.87)
  (Driver info: chromedriver=2.25.426923 (0390b88869384d6eb0d5d09729679f934aab9eed),platform=Windows NT 6.1.7601 SP1 x86_64) (WARNING: The server did not provide any stacktrace information)
Command duration or timeout: 10.07 seconds
For documentation on this error, please visit: http://seleniumhq.org/exceptions/no_such_element.html
Build info: version: &apos;3.0.1&apos;, revision: &apos;1969d75&apos;, time: &apos;2016-10-18 09:49:13 -0700&apos;
System info: host: &apos;CMDABKAREEM&apos;, ip: &apos;172.22.176.38&apos;, os.name: &apos;Windows 7&apos;, os.arch: &apos;amd64&apos;, os.version: &apos;6.1&apos;, java.version: &apos;1.8.0_111&apos;
Driver info: org.openqa.selenium.chrome.ChromeDriver
Capabilities [{applicationCacheEnabled=false, rotatable=false, mobileEmulationEnabled=false, networkConnectionEnabled=false, chrome={chromedriverVersion=2.25.426923 (0390b88869384d6eb0d5d09729679f934aab9eed), userDataDir=C:\Users\abkareem\AppData\Local\Temp\scoped_dir15312_29620}, takesHeapSnapshot=true, pageLoadStrategy=normal, databaseEnabled=false, handlesAlerts=true, hasTouchScreen=false, version=55.0.2883.87, platform=XP, browserConnectionEnabled=false, nativeEvents=true, acceptSslCerts=true, locationContextEnabled=true, webStorageEnabled=true, browserName=chrome, takesScreenshot=true, javascriptEnabled=true, cssSelectorsEnabled=true}]
Session ID: 824d710b2eb189316751f39bba3184cf
*** Element info: {Using=xpath, value=//div[2]/div[2]/div/div/div/div/div[3]/div}
	at org.openqa.selenium.remote.ErrorHandler.createThrowable(ErrorHandler.java:216)
	at org.openqa.selenium.remote.ErrorHandler.throwIfResponseFailed(ErrorHandler.java:168)
	at org.openqa.selenium.remote.RemoteWebDriver.execute(RemoteWebDriver.java:635)
	at org.openqa.selenium.remote.RemoteWebDriver.findElement(RemoteWebDriver.java:368)
	at org.openqa.selenium.remote.RemoteWebDriver.findElementByXPath(RemoteWebDriver.java:473)
	at org.openqa.selenium.By$ByXPath.findElement(By.java:361)
	at org.openqa.selenium.remote.RemoteWebDriver.findElement(RemoteWebDriver.java:360)
	at org.openqa.selenium.support.pagefactory.DefaultElementLocator.findElement(DefaultElementLocator.java:69)
	at org.openqa.selenium.support.pagefactory.internal.LocatingElementHandler.invoke(LocatingElementHandler.java:38)
	at com.sun.proxy.$Proxy10.getText(Unknown Source)
	at com.glance.pageobjects.userlogin.CreateAccountPage.getPopupMsg4(CreateAccountPage.java:212)
	at com.glance.userlogin.tests.VerifyCreateAccountPage.GL_Login_08(VerifyCreateAccountPage.java:257)
... Removed 28 stack frames</pre></div><a href='#' onClick='toggleBox("stack-trace2027317551", this, "Click to show all stack frames", "Click to hide stack frames")'>Click to show all stack frames</a>
<div class='stack-trace' id='stack-trace2027317551'><pre>org.openqa.selenium.NoSuchElementException: no such element: Unable to locate element: {&quot;method&quot;:&quot;xpath&quot;,&quot;selector&quot;:&quot;//div[2]/div[2]/div/div/div/div/div[3]/div&quot;}
  (Session info: chrome=55.0.2883.87)
  (Driver info: chromedriver=2.25.426923 (0390b88869384d6eb0d5d09729679f934aab9eed),platform=Windows NT 6.1.7601 SP1 x86_64) (WARNING: The server did not provide any stacktrace information)
Command duration or timeout: 10.07 seconds
For documentation on this error, please visit: http://seleniumhq.org/exceptions/no_such_element.html
Build info: version: &apos;3.0.1&apos;, revision: &apos;1969d75&apos;, time: &apos;2016-10-18 09:49:13 -0700&apos;
System info: host: &apos;CMDABKAREEM&apos;, ip: &apos;172.22.176.38&apos;, os.name: &apos;Windows 7&apos;, os.arch: &apos;amd64&apos;, os.version: &apos;6.1&apos;, java.version: &apos;1.8.0_111&apos;
Driver info: org.openqa.selenium.chrome.ChromeDriver
Capabilities [{applicationCacheEnabled=false, rotatable=false, mobileEmulationEnabled=false, networkConnectionEnabled=false, chrome={chromedriverVersion=2.25.426923 (0390b88869384d6eb0d5d09729679f934aab9eed), userDataDir=C:\Users\abkareem\AppData\Local\Temp\scoped_dir15312_29620}, takesHeapSnapshot=true, pageLoadStrategy=normal, databaseEnabled=false, handlesAlerts=true, hasTouchScreen=false, version=55.0.2883.87, platform=XP, browserConnectionEnabled=false, nativeEvents=true, acceptSslCerts=true, locationContextEnabled=true, webStorageEnabled=true, browserName=chrome, takesScreenshot=true, javascriptEnabled=true, cssSelectorsEnabled=true}]
Session ID: 824d710b2eb189316751f39bba3184cf
*** Element info: {Using=xpath, value=//div[2]/div[2]/div/div/div/div/div[3]/div}
	at sun.reflect.GeneratedConstructorAccessor15.newInstance(Unknown Source)
	at sun.reflect.DelegatingConstructorAccessorImpl.newInstance(DelegatingConstructorAccessorImpl.java:45)
	at java.lang.reflect.Constructor.newInstance(Constructor.java:423)
	at org.openqa.selenium.remote.ErrorHandler.createThrowable(ErrorHandler.java:216)
	at org.openqa.selenium.remote.ErrorHandler.throwIfResponseFailed(ErrorHandler.java:168)
	at org.openqa.selenium.remote.RemoteWebDriver.execute(RemoteWebDriver.java:635)
	at org.openqa.selenium.remote.RemoteWebDriver.findElement(RemoteWebDriver.java:368)
	at org.openqa.selenium.remote.RemoteWebDriver.findElementByXPath(RemoteWebDriver.java:473)
	at org.openqa.selenium.By$ByXPath.findElement(By.java:361)
	at org.openqa.selenium.remote.RemoteWebDriver.findElement(RemoteWebDriver.java:360)
	at org.openqa.selenium.support.pagefactory.DefaultElementLocator.findElement(DefaultElementLocator.java:69)
	at org.openqa.selenium.support.pagefactory.internal.LocatingElementHandler.invoke(LocatingElementHandler.java:38)
	at com.sun.proxy.$Proxy10.getText(Unknown Source)
	at com.glance.pageobjects.userlogin.CreateAccountPage.getPopupMsg4(CreateAccountPage.java:212)
	at com.glance.userlogin.tests.VerifyCreateAccountPage.GL_Login_08(VerifyCreateAccountPage.java:257)
	at sun.reflect.NativeMethodAccessorImpl.invoke0(Native Method)
	at sun.reflect.NativeMethodAccessorImpl.invoke(NativeMethodAccessorImpl.java:62)
	at sun.reflect.DelegatingMethodAccessorImpl.invoke(DelegatingMethodAccessorImpl.java:43)
	at java.lang.reflect.Method.invoke(Method.java:498)
	at org.testng.internal.MethodInvocationHelper.invokeMethod(MethodInvocationHelper.java:100)
	at org.testng.internal.Invoker.invokeMethod(Invoker.java:646)
	at org.testng.internal.Invoker.invokeTestMethod(Invoker.java:811)
	at org.testng.internal.Invoker.invokeTestMethods(Invoker.java:1129)
	at org.testng.internal.TestMethodWorker.invokeTestMethods(TestMethodWorker.java:129)
	at org.testng.internal.TestMethodWorker.run(TestMethodWorker.java:112)
	at org.testng.TestRunner.privateRun(TestRunner.java:746)
	at org.testng.TestRunner.run(TestRunner.java:600)
	at org.testng.SuiteRunner.runTest(SuiteRunner.java:366)
	at org.testng.SuiteRunner.runSequentially(SuiteRunner.java:361)
	at org.testng.SuiteRunner.privateRun(SuiteRunner.java:319)
	at org.testng.SuiteRunner.run(SuiteRunner.java:268)
	at org.testng.SuiteRunnerWorker.runSuite(SuiteRunnerWorker.java:52)
	at org.testng.SuiteRunnerWorker.run(SuiteRunnerWorker.java:86)
	at org.testng.TestNG.runSuitesSequentially(TestNG.java:1264)
	at org.testng.TestNG.runSuitesLocally(TestNG.java:1189)
	at org.testng.TestNG.runSuites(TestNG.java:1104)
	at org.testng.TestNG.run(TestNG.java:1076)
	at org.testng.remote.AbstractRemoteTestNG.run(AbstractRemoteTestNG.java:126)
	at org.testng.remote.RemoteTestNG.initAndRun(RemoteTestNG.java:152)
	at org.testng.remote.RemoteTestNG.main(RemoteTestNG.java:57)
</pre></div></td>
<td>20</td>
<td>com.glance.userlogin.tests.VerifyCreateAccountPage@56ef9176</td></tr>
<tr>
<td title='com.glance.userlogin.tests.VerifyCreateAccountPage.GL_Login_10()'><b>GL_Login_10</b><br>Test class: com.glance.userlogin.tests.VerifyCreateAccountPage</td>
<td><div><pre>org.openqa.selenium.NoSuchElementException: no such element: Unable to locate element: {&quot;method&quot;:&quot;xpath&quot;,&quot;selector&quot;:&quot;//h1[@class=&apos;text-center&apos;]&quot;}
  (Session info: chrome=55.0.2883.87)
  (Driver info: chromedriver=2.25.426923 (0390b88869384d6eb0d5d09729679f934aab9eed),platform=Windows NT 6.1.7601 SP1 x86_64) (WARNING: The server did not provide any stacktrace information)
Command duration or timeout: 10.06 seconds
For documentation on this error, please visit: http://seleniumhq.org/exceptions/no_such_element.html
Build info: version: &apos;3.0.1&apos;, revision: &apos;1969d75&apos;, time: &apos;2016-10-18 09:49:13 -0700&apos;
System info: host: &apos;CMDABKAREEM&apos;, ip: &apos;172.22.176.38&apos;, os.name: &apos;Windows 7&apos;, os.arch: &apos;amd64&apos;, os.version: &apos;6.1&apos;, java.version: &apos;1.8.0_111&apos;
Driver info: org.openqa.selenium.chrome.ChromeDriver
Capabilities [{applicationCacheEnabled=false, rotatable=false, mobileEmulationEnabled=false, networkConnectionEnabled=false, chrome={chromedriverVersion=2.25.426923 (0390b88869384d6eb0d5d09729679f934aab9eed), userDataDir=C:\Users\abkareem\AppData\Local\Temp\scoped_dir15312_29620}, takesHeapSnapshot=true, pageLoadStrategy=normal, databaseEnabled=false, handlesAlerts=true, hasTouchScreen=false, version=55.0.2883.87, platform=XP, browserConnectionEnabled=false, nativeEvents=true, acceptSslCerts=true, locationContextEnabled=true, webStorageEnabled=true, browserName=chrome, takesScreenshot=true, javascriptEnabled=true, cssSelectorsEnabled=true}]
Session ID: 824d710b2eb189316751f39bba3184cf
*** Element info: {Using=xpath, value=//h1[@class=&apos;text-center&apos;]}
	at org.openqa.selenium.remote.ErrorHandler.createThrowable(ErrorHandler.java:216)
	at org.openqa.selenium.remote.ErrorHandler.throwIfResponseFailed(ErrorHandler.java:168)
	at org.openqa.selenium.remote.RemoteWebDriver.execute(RemoteWebDriver.java:635)
	at org.openqa.selenium.remote.RemoteWebDriver.findElement(RemoteWebDriver.java:368)
	at org.openqa.selenium.remote.RemoteWebDriver.findElementByXPath(RemoteWebDriver.java:473)
	at org.openqa.selenium.By$ByXPath.findElement(By.java:361)
	at org.openqa.selenium.remote.RemoteWebDriver.findElement(RemoteWebDriver.java:360)
	at org.openqa.selenium.support.pagefactory.DefaultElementLocator.findElement(DefaultElementLocator.java:69)
	at org.openqa.selenium.support.pagefactory.internal.LocatingElementHandler.invoke(LocatingElementHandler.java:38)
	at com.sun.proxy.$Proxy10.getText(Unknown Source)
	at com.glance.pageobjects.dashboard.DashboardPage.verifyNavigationToAccessDeniedPage(DashboardPage.java:491)
	at com.glance.userlogin.tests.VerifyCreateAccountPage.GL_Login_10(VerifyCreateAccountPage.java:304)
... Removed 28 stack frames</pre></div><a href='#' onClick='toggleBox("stack-trace851765426", this, "Click to show all stack frames", "Click to hide stack frames")'>Click to show all stack frames</a>
<div class='stack-trace' id='stack-trace851765426'><pre>org.openqa.selenium.NoSuchElementException: no such element: Unable to locate element: {&quot;method&quot;:&quot;xpath&quot;,&quot;selector&quot;:&quot;//h1[@class=&apos;text-center&apos;]&quot;}
  (Session info: chrome=55.0.2883.87)
  (Driver info: chromedriver=2.25.426923 (0390b88869384d6eb0d5d09729679f934aab9eed),platform=Windows NT 6.1.7601 SP1 x86_64) (WARNING: The server did not provide any stacktrace information)
Command duration or timeout: 10.06 seconds
For documentation on this error, please visit: http://seleniumhq.org/exceptions/no_such_element.html
Build info: version: &apos;3.0.1&apos;, revision: &apos;1969d75&apos;, time: &apos;2016-10-18 09:49:13 -0700&apos;
System info: host: &apos;CMDABKAREEM&apos;, ip: &apos;172.22.176.38&apos;, os.name: &apos;Windows 7&apos;, os.arch: &apos;amd64&apos;, os.version: &apos;6.1&apos;, java.version: &apos;1.8.0_111&apos;
Driver info: org.openqa.selenium.chrome.ChromeDriver
Capabilities [{applicationCacheEnabled=false, rotatable=false, mobileEmulationEnabled=false, networkConnectionEnabled=false, chrome={chromedriverVersion=2.25.426923 (0390b88869384d6eb0d5d09729679f934aab9eed), userDataDir=C:\Users\abkareem\AppData\Local\Temp\scoped_dir15312_29620}, takesHeapSnapshot=true, pageLoadStrategy=normal, databaseEnabled=false, handlesAlerts=true, hasTouchScreen=false, version=55.0.2883.87, platform=XP, browserConnectionEnabled=false, nativeEvents=true, acceptSslCerts=true, locationContextEnabled=true, webStorageEnabled=true, browserName=chrome, takesScreenshot=true, javascriptEnabled=true, cssSelectorsEnabled=true}]
Session ID: 824d710b2eb189316751f39bba3184cf
*** Element info: {Using=xpath, value=//h1[@class=&apos;text-center&apos;]}
	at sun.reflect.GeneratedConstructorAccessor15.newInstance(Unknown Source)
	at sun.reflect.DelegatingConstructorAccessorImpl.newInstance(DelegatingConstructorAccessorImpl.java:45)
	at java.lang.reflect.Constructor.newInstance(Constructor.java:423)
	at org.openqa.selenium.remote.ErrorHandler.createThrowable(ErrorHandler.java:216)
	at org.openqa.selenium.remote.ErrorHandler.throwIfResponseFailed(ErrorHandler.java:168)
	at org.openqa.selenium.remote.RemoteWebDriver.execute(RemoteWebDriver.java:635)
	at org.openqa.selenium.remote.RemoteWebDriver.findElement(RemoteWebDriver.java:368)
	at org.openqa.selenium.remote.RemoteWebDriver.findElementByXPath(RemoteWebDriver.java:473)
	at org.openqa.selenium.By$ByXPath.findElement(By.java:361)
	at org.openqa.selenium.remote.RemoteWebDriver.findElement(RemoteWebDriver.java:360)
	at org.openqa.selenium.support.pagefactory.DefaultElementLocator.findElement(DefaultElementLocator.java:69)
	at org.openqa.selenium.support.pagefactory.internal.LocatingElementHandler.invoke(LocatingElementHandler.java:38)
	at com.sun.proxy.$Proxy10.getText(Unknown Source)
	at com.glance.pageobjects.dashboard.DashboardPage.verifyNavigationToAccessDeniedPage(DashboardPage.java:491)
	at com.glance.userlogin.tests.VerifyCreateAccountPage.GL_Login_10(VerifyCreateAccountPage.java:304)
	at sun.reflect.NativeMethodAccessorImpl.invoke0(Native Method)
	at sun.reflect.NativeMethodAccessorImpl.invoke(NativeMethodAccessorImpl.java:62)
	at sun.reflect.DelegatingMethodAccessorImpl.invoke(DelegatingMethodAccessorImpl.java:43)
	at java.lang.reflect.Method.invoke(Method.java:498)
	at org.testng.internal.MethodInvocationHelper.invokeMethod(MethodInvocationHelper.java:100)
	at org.testng.internal.Invoker.invokeMethod(Invoker.java:646)
	at org.testng.internal.Invoker.invokeTestMethod(Invoker.java:811)
	at org.testng.internal.Invoker.invokeTestMethods(Invoker.java:1129)
	at org.testng.internal.TestMethodWorker.invokeTestMethods(TestMethodWorker.java:129)
	at org.testng.internal.TestMethodWorker.run(TestMethodWorker.java:112)
	at org.testng.TestRunner.privateRun(TestRunner.java:746)
	at org.testng.TestRunner.run(TestRunner.java:600)
	at org.testng.SuiteRunner.runTest(SuiteRunner.java:366)
	at org.testng.SuiteRunner.runSequentially(SuiteRunner.java:361)
	at org.testng.SuiteRunner.privateRun(SuiteRunner.java:319)
	at org.testng.SuiteRunner.run(SuiteRunner.java:268)
	at org.testng.SuiteRunnerWorker.runSuite(SuiteRunnerWorker.java:52)
	at org.testng.SuiteRunnerWorker.run(SuiteRunnerWorker.java:86)
	at org.testng.TestNG.runSuitesSequentially(TestNG.java:1264)
	at org.testng.TestNG.runSuitesLocally(TestNG.java:1189)
	at org.testng.TestNG.runSuites(TestNG.java:1104)
	at org.testng.TestNG.run(TestNG.java:1076)
	at org.testng.remote.AbstractRemoteTestNG.run(AbstractRemoteTestNG.java:126)
	at org.testng.remote.RemoteTestNG.initAndRun(RemoteTestNG.java:152)
	at org.testng.remote.RemoteTestNG.main(RemoteTestNG.java:57)
</pre></div></td>
<td>12</td>
<td>com.glance.userlogin.tests.VerifyCreateAccountPage@56ef9176</td></tr>
<tr>
<td title='com.glance.userlogin.tests.VerifyLostPasswordPage.GL_Login_12()'><b>GL_Login_12</b><br>Test class: com.glance.userlogin.tests.VerifyLostPasswordPage</td>
<td><div><pre>org.openqa.selenium.NoAlertPresentException: no alert open
  (Session info: chrome=55.0.2883.87)
  (Driver info: chromedriver=2.25.426923 (0390b88869384d6eb0d5d09729679f934aab9eed),platform=Windows NT 6.1.7601 SP1 x86_64) (WARNING: The server did not provide any stacktrace information)
Command duration or timeout: 20 milliseconds
Build info: version: &apos;3.0.1&apos;, revision: &apos;1969d75&apos;, time: &apos;2016-10-18 09:49:13 -0700&apos;
System info: host: &apos;CMDABKAREEM&apos;, ip: &apos;172.22.176.38&apos;, os.name: &apos;Windows 7&apos;, os.arch: &apos;amd64&apos;, os.version: &apos;6.1&apos;, java.version: &apos;1.8.0_111&apos;
Driver info: org.openqa.selenium.chrome.ChromeDriver
Capabilities [{applicationCacheEnabled=false, rotatable=false, mobileEmulationEnabled=false, networkConnectionEnabled=false, chrome={chromedriverVersion=2.25.426923 (0390b88869384d6eb0d5d09729679f934aab9eed), userDataDir=C:\Users\abkareem\AppData\Local\Temp\scoped_dir25492_7606}, takesHeapSnapshot=true, pageLoadStrategy=normal, databaseEnabled=false, handlesAlerts=true, hasTouchScreen=false, version=55.0.2883.87, platform=XP, browserConnectionEnabled=false, nativeEvents=true, acceptSslCerts=true, locationContextEnabled=true, webStorageEnabled=true, browserName=chrome, takesScreenshot=true, javascriptEnabled=true, cssSelectorsEnabled=true}]
Session ID: 7afd0c94f9943377848660e14d467eea
	at org.openqa.selenium.remote.ErrorHandler.createThrowable(ErrorHandler.java:216)
	at org.openqa.selenium.remote.ErrorHandler.throwIfResponseFailed(ErrorHandler.java:168)
	at org.openqa.selenium.remote.RemoteWebDriver.execute(RemoteWebDriver.java:635)
	at org.openqa.selenium.remote.RemoteWebDriver.execute(RemoteWebDriver.java:658)
	at org.openqa.selenium.remote.RemoteWebDriver$RemoteTargetLocator.alert(RemoteWebDriver.java:977)
	at com.glance.pageobjects.userlogin.LostPasswordPage.switchtoMsgBoxLostPasswordPage(LostPasswordPage.java:168)
	at com.glance.userlogin.tests.VerifyLostPasswordPage.GL_Login_12(VerifyLostPasswordPage.java:57)
... Removed 29 stack frames</pre></div><a href='#' onClick='toggleBox("stack-trace157971930", this, "Click to show all stack frames", "Click to hide stack frames")'>Click to show all stack frames</a>
<div class='stack-trace' id='stack-trace157971930'><pre>org.openqa.selenium.NoAlertPresentException: no alert open
  (Session info: chrome=55.0.2883.87)
  (Driver info: chromedriver=2.25.426923 (0390b88869384d6eb0d5d09729679f934aab9eed),platform=Windows NT 6.1.7601 SP1 x86_64) (WARNING: The server did not provide any stacktrace information)
Command duration or timeout: 20 milliseconds
Build info: version: &apos;3.0.1&apos;, revision: &apos;1969d75&apos;, time: &apos;2016-10-18 09:49:13 -0700&apos;
System info: host: &apos;CMDABKAREEM&apos;, ip: &apos;172.22.176.38&apos;, os.name: &apos;Windows 7&apos;, os.arch: &apos;amd64&apos;, os.version: &apos;6.1&apos;, java.version: &apos;1.8.0_111&apos;
Driver info: org.openqa.selenium.chrome.ChromeDriver
Capabilities [{applicationCacheEnabled=false, rotatable=false, mobileEmulationEnabled=false, networkConnectionEnabled=false, chrome={chromedriverVersion=2.25.426923 (0390b88869384d6eb0d5d09729679f934aab9eed), userDataDir=C:\Users\abkareem\AppData\Local\Temp\scoped_dir25492_7606}, takesHeapSnapshot=true, pageLoadStrategy=normal, databaseEnabled=false, handlesAlerts=true, hasTouchScreen=false, version=55.0.2883.87, platform=XP, browserConnectionEnabled=false, nativeEvents=true, acceptSslCerts=true, locationContextEnabled=true, webStorageEnabled=true, browserName=chrome, takesScreenshot=true, javascriptEnabled=true, cssSelectorsEnabled=true}]
Session ID: 7afd0c94f9943377848660e14d467eea
	at sun.reflect.NativeConstructorAccessorImpl.newInstance0(Native Method)
	at sun.reflect.NativeConstructorAccessorImpl.newInstance(NativeConstructorAccessorImpl.java:62)
	at sun.reflect.DelegatingConstructorAccessorImpl.newInstance(DelegatingConstructorAccessorImpl.java:45)
	at java.lang.reflect.Constructor.newInstance(Constructor.java:423)
	at org.openqa.selenium.remote.ErrorHandler.createThrowable(ErrorHandler.java:216)
	at org.openqa.selenium.remote.ErrorHandler.throwIfResponseFailed(ErrorHandler.java:168)
	at org.openqa.selenium.remote.RemoteWebDriver.execute(RemoteWebDriver.java:635)
	at org.openqa.selenium.remote.RemoteWebDriver.execute(RemoteWebDriver.java:658)
	at org.openqa.selenium.remote.RemoteWebDriver$RemoteTargetLocator.alert(RemoteWebDriver.java:977)
	at com.glance.pageobjects.userlogin.LostPasswordPage.switchtoMsgBoxLostPasswordPage(LostPasswordPage.java:168)
	at com.glance.userlogin.tests.VerifyLostPasswordPage.GL_Login_12(VerifyLostPasswordPage.java:57)
	at sun.reflect.NativeMethodAccessorImpl.invoke0(Native Method)
	at sun.reflect.NativeMethodAccessorImpl.invoke(NativeMethodAccessorImpl.java:62)
	at sun.reflect.DelegatingMethodAccessorImpl.invoke(DelegatingMethodAccessorImpl.java:43)
	at java.lang.reflect.Method.invoke(Method.java:498)
	at org.testng.internal.MethodInvocationHelper.invokeMethod(MethodInvocationHelper.java:100)
	at org.testng.internal.Invoker.invokeMethod(Invoker.java:646)
	at org.testng.internal.Invoker.invokeTestMethod(Invoker.java:811)
	at org.testng.internal.Invoker.invokeTestMethods(Invoker.java:1129)
	at org.testng.internal.TestMethodWorker.invokeTestMethods(TestMethodWorker.java:129)
	at org.testng.internal.TestMethodWorker.run(TestMethodWorker.java:112)
	at org.testng.TestRunner.privateRun(TestRunner.java:746)
	at org.testng.TestRunner.run(TestRunner.java:600)
	at org.testng.SuiteRunner.runTest(SuiteRunner.java:366)
	at org.testng.SuiteRunner.runSequentially(SuiteRunner.java:361)
	at org.testng.SuiteRunner.privateRun(SuiteRunner.java:319)
	at org.testng.SuiteRunner.run(SuiteRunner.java:268)
	at org.testng.SuiteRunnerWorker.runSuite(SuiteRunnerWorker.java:52)
	at org.testng.SuiteRunnerWorker.run(SuiteRunnerWorker.java:86)
	at org.testng.TestNG.runSuitesSequentially(TestNG.java:1264)
	at org.testng.TestNG.runSuitesLocally(TestNG.java:1189)
	at org.testng.TestNG.runSuites(TestNG.java:1104)
	at org.testng.TestNG.run(TestNG.java:1076)
	at org.testng.remote.AbstractRemoteTestNG.run(AbstractRemoteTestNG.java:126)
	at org.testng.remote.RemoteTestNG.initAndRun(RemoteTestNG.java:152)
	at org.testng.remote.RemoteTestNG.main(RemoteTestNG.java:57)
</pre></div></td>
<td>1</td>
<td>com.glance.userlogin.tests.VerifyLostPasswordPage@ff5b51f</td></tr>
<tr>
<td title='com.glance.userlogin.tests.VerifyLockScreen.GL_Main_09_verifyPassword()'><b>GL_Main_09_verifyPassword</b><br>Test class: com.glance.userlogin.tests.VerifyLockScreen</td>
<td><div><pre>org.openqa.selenium.NoSuchElementException: no such element: Unable to locate element: {&quot;method&quot;:&quot;xpath&quot;,&quot;selector&quot;:&quot;//div[@class=&apos;row x_title&apos;]/div[@class=&apos;col-md-6&apos;]/h3&quot;}
  (Session info: chrome=55.0.2883.87)
  (Driver info: chromedriver=2.25.426923 (0390b88869384d6eb0d5d09729679f934aab9eed),platform=Windows NT 6.1.7601 SP1 x86_64) (WARNING: The server did not provide any stacktrace information)
Command duration or timeout: 10.02 seconds
For documentation on this error, please visit: http://seleniumhq.org/exceptions/no_such_element.html
Build info: version: &apos;3.0.1&apos;, revision: &apos;1969d75&apos;, time: &apos;2016-10-18 09:49:13 -0700&apos;
System info: host: &apos;CMDABKAREEM&apos;, ip: &apos;172.22.176.38&apos;, os.name: &apos;Windows 7&apos;, os.arch: &apos;amd64&apos;, os.version: &apos;6.1&apos;, java.version: &apos;1.8.0_111&apos;
Driver info: org.openqa.selenium.chrome.ChromeDriver
Capabilities [{applicationCacheEnabled=false, rotatable=false, mobileEmulationEnabled=false, networkConnectionEnabled=false, chrome={chromedriverVersion=2.25.426923 (0390b88869384d6eb0d5d09729679f934aab9eed), userDataDir=C:\Users\abkareem\AppData\Local\Temp\scoped_dir7104_2399}, takesHeapSnapshot=true, pageLoadStrategy=normal, databaseEnabled=false, handlesAlerts=true, hasTouchScreen=false, version=55.0.2883.87, platform=XP, browserConnectionEnabled=false, nativeEvents=true, acceptSslCerts=true, locationContextEnabled=true, webStorageEnabled=true, browserName=chrome, takesScreenshot=true, javascriptEnabled=true, cssSelectorsEnabled=true}]
Session ID: 4f2ab958848ad3ea3ecc54d2d89155d6
*** Element info: {Using=xpath, value=//div[@class=&apos;row x_title&apos;]/div[@class=&apos;col-md-6&apos;]/h3}
	at org.openqa.selenium.remote.ErrorHandler.createThrowable(ErrorHandler.java:216)
	at org.openqa.selenium.remote.ErrorHandler.throwIfResponseFailed(ErrorHandler.java:168)
	at org.openqa.selenium.remote.RemoteWebDriver.execute(RemoteWebDriver.java:635)
	at org.openqa.selenium.remote.RemoteWebDriver.findElement(RemoteWebDriver.java:368)
	at org.openqa.selenium.remote.RemoteWebDriver.findElementByXPath(RemoteWebDriver.java:473)
	at org.openqa.selenium.By$ByXPath.findElement(By.java:361)
	at org.openqa.selenium.remote.RemoteWebDriver.findElement(RemoteWebDriver.java:360)
	at org.openqa.selenium.support.pagefactory.DefaultElementLocator.findElement(DefaultElementLocator.java:69)
	at org.openqa.selenium.support.pagefactory.internal.LocatingElementHandler.invoke(LocatingElementHandler.java:38)
	at com.sun.proxy.$Proxy10.getText(Unknown Source)
	at com.glance.pageobjects.dashboard.DashboardPage.verifyNavigationToDashboardPage(DashboardPage.java:124)
	at com.glance.userlogin.tests.VerifyLockScreen.GL_Main_09_verifyPassword(VerifyLockScreen.java:91)
... Removed 28 stack frames</pre></div><a href='#' onClick='toggleBox("stack-trace1704535540", this, "Click to show all stack frames", "Click to hide stack frames")'>Click to show all stack frames</a>
<div class='stack-trace' id='stack-trace1704535540'><pre>org.openqa.selenium.NoSuchElementException: no such element: Unable to locate element: {&quot;method&quot;:&quot;xpath&quot;,&quot;selector&quot;:&quot;//div[@class=&apos;row x_title&apos;]/div[@class=&apos;col-md-6&apos;]/h3&quot;}
  (Session info: chrome=55.0.2883.87)
  (Driver info: chromedriver=2.25.426923 (0390b88869384d6eb0d5d09729679f934aab9eed),platform=Windows NT 6.1.7601 SP1 x86_64) (WARNING: The server did not provide any stacktrace information)
Command duration or timeout: 10.02 seconds
For documentation on this error, please visit: http://seleniumhq.org/exceptions/no_such_element.html
Build info: version: &apos;3.0.1&apos;, revision: &apos;1969d75&apos;, time: &apos;2016-10-18 09:49:13 -0700&apos;
System info: host: &apos;CMDABKAREEM&apos;, ip: &apos;172.22.176.38&apos;, os.name: &apos;Windows 7&apos;, os.arch: &apos;amd64&apos;, os.version: &apos;6.1&apos;, java.version: &apos;1.8.0_111&apos;
Driver info: org.openqa.selenium.chrome.ChromeDriver
Capabilities [{applicationCacheEnabled=false, rotatable=false, mobileEmulationEnabled=false, networkConnectionEnabled=false, chrome={chromedriverVersion=2.25.426923 (0390b88869384d6eb0d5d09729679f934aab9eed), userDataDir=C:\Users\abkareem\AppData\Local\Temp\scoped_dir7104_2399}, takesHeapSnapshot=true, pageLoadStrategy=normal, databaseEnabled=false, handlesAlerts=true, hasTouchScreen=false, version=55.0.2883.87, platform=XP, browserConnectionEnabled=false, nativeEvents=true, acceptSslCerts=true, locationContextEnabled=true, webStorageEnabled=true, browserName=chrome, takesScreenshot=true, javascriptEnabled=true, cssSelectorsEnabled=true}]
Session ID: 4f2ab958848ad3ea3ecc54d2d89155d6
*** Element info: {Using=xpath, value=//div[@class=&apos;row x_title&apos;]/div[@class=&apos;col-md-6&apos;]/h3}
	at sun.reflect.GeneratedConstructorAccessor15.newInstance(Unknown Source)
	at sun.reflect.DelegatingConstructorAccessorImpl.newInstance(DelegatingConstructorAccessorImpl.java:45)
	at java.lang.reflect.Constructor.newInstance(Constructor.java:423)
	at org.openqa.selenium.remote.ErrorHandler.createThrowable(ErrorHandler.java:216)
	at org.openqa.selenium.remote.ErrorHandler.throwIfResponseFailed(ErrorHandler.java:168)
	at org.openqa.selenium.remote.RemoteWebDriver.execute(RemoteWebDriver.java:635)
	at org.openqa.selenium.remote.RemoteWebDriver.findElement(RemoteWebDriver.java:368)
	at org.openqa.selenium.remote.RemoteWebDriver.findElementByXPath(RemoteWebDriver.java:473)
	at org.openqa.selenium.By$ByXPath.findElement(By.java:361)
	at org.openqa.selenium.remote.RemoteWebDriver.findElement(RemoteWebDriver.java:360)
	at org.openqa.selenium.support.pagefactory.DefaultElementLocator.findElement(DefaultElementLocator.java:69)
	at org.openqa.selenium.support.pagefactory.internal.LocatingElementHandler.invoke(LocatingElementHandler.java:38)
	at com.sun.proxy.$Proxy10.getText(Unknown Source)
	at com.glance.pageobjects.dashboard.DashboardPage.verifyNavigationToDashboardPage(DashboardPage.java:124)
	at com.glance.userlogin.tests.VerifyLockScreen.GL_Main_09_verifyPassword(VerifyLockScreen.java:91)
	at sun.reflect.NativeMethodAccessorImpl.invoke0(Native Method)
	at sun.reflect.NativeMethodAccessorImpl.invoke(NativeMethodAccessorImpl.java:62)
	at sun.reflect.DelegatingMethodAccessorImpl.invoke(DelegatingMethodAccessorImpl.java:43)
	at java.lang.reflect.Method.invoke(Method.java:498)
	at org.testng.internal.MethodInvocationHelper.invokeMethod(MethodInvocationHelper.java:100)
	at org.testng.internal.Invoker.invokeMethod(Invoker.java:646)
	at org.testng.internal.Invoker.invokeTestMethod(Invoker.java:811)
	at org.testng.internal.Invoker.invokeTestMethods(Invoker.java:1129)
	at org.testng.internal.TestMethodWorker.invokeTestMethods(TestMethodWorker.java:129)
	at org.testng.internal.TestMethodWorker.run(TestMethodWorker.java:112)
	at org.testng.TestRunner.privateRun(TestRunner.java:746)
	at org.testng.TestRunner.run(TestRunner.java:600)
	at org.testng.SuiteRunner.runTest(SuiteRunner.java:366)
	at org.testng.SuiteRunner.runSequentially(SuiteRunner.java:361)
	at org.testng.SuiteRunner.privateRun(SuiteRunner.java:319)
	at org.testng.SuiteRunner.run(SuiteRunner.java:268)
	at org.testng.SuiteRunnerWorker.runSuite(SuiteRunnerWorker.java:52)
	at org.testng.SuiteRunnerWorker.run(SuiteRunnerWorker.java:86)
	at org.testng.TestNG.runSuitesSequentially(TestNG.java:1264)
	at org.testng.TestNG.runSuitesLocally(TestNG.java:1189)
	at org.testng.TestNG.runSuites(TestNG.java:1104)
	at org.testng.TestNG.run(TestNG.java:1076)
	at org.testng.remote.AbstractRemoteTestNG.run(AbstractRemoteTestNG.java:126)
	at org.testng.remote.RemoteTestNG.initAndRun(RemoteTestNG.java:152)
	at org.testng.remote.RemoteTestNG.main(RemoteTestNG.java:57)
</pre></div></td>
<td>21</td>
<td>com.glance.userlogin.tests.VerifyLockScreen@4566e5bd</td></tr>
<tr>
<td title='com.glance.dashboard.tests.VerifyDashboard.GL_Settings_DB_36()'><b>GL_Settings_DB_36</b><br>Test class: com.glance.dashboard.tests.VerifyDashboard</td>
<td><div><pre>org.openqa.selenium.TimeoutException: timeout: Timed out receiving message from renderer: 600.000
  (Session info: chrome=55.0.2883.87)
  (Driver info: chromedriver=2.25.426923 (0390b88869384d6eb0d5d09729679f934aab9eed),platform=Windows NT 6.1.7601 SP1 x86_64) (WARNING: The server did not provide any stacktrace information)
Command duration or timeout: 1800.39 seconds
Build info: version: &apos;3.0.1&apos;, revision: &apos;1969d75&apos;, time: &apos;2016-10-18 09:49:13 -0700&apos;
System info: host: &apos;CMDABKAREEM&apos;, ip: &apos;172.22.176.38&apos;, os.name: &apos;Windows 7&apos;, os.arch: &apos;amd64&apos;, os.version: &apos;6.1&apos;, java.version: &apos;1.8.0_111&apos;
Driver info: org.openqa.selenium.chrome.ChromeDriver
Capabilities [{applicationCacheEnabled=false, rotatable=false, mobileEmulationEnabled=false, networkConnectionEnabled=false, chrome={chromedriverVersion=2.25.426923 (0390b88869384d6eb0d5d09729679f934aab9eed), userDataDir=C:\Users\abkareem\AppData\Local\Temp\scoped_dir26508_27924}, takesHeapSnapshot=true, pageLoadStrategy=normal, databaseEnabled=false, handlesAlerts=true, hasTouchScreen=false, version=55.0.2883.87, platform=XP, browserConnectionEnabled=false, nativeEvents=true, acceptSslCerts=true, locationContextEnabled=true, webStorageEnabled=true, browserName=chrome, takesScreenshot=true, javascriptEnabled=true, cssSelectorsEnabled=true}]
Session ID: d8838403f6d4b63fd5d31e800bb30786
	at org.openqa.selenium.remote.ErrorHandler.createThrowable(ErrorHandler.java:216)
	at org.openqa.selenium.remote.ErrorHandler.throwIfResponseFailed(ErrorHandler.java:168)
	at org.openqa.selenium.remote.RemoteWebDriver.execute(RemoteWebDriver.java:635)
	at org.openqa.selenium.remote.RemoteWebDriver.executeScript(RemoteWebDriver.java:537)
	at com.glance.pageobjects.common.CommonPageObject$2.apply(CommonPageObject.java:642)
	at com.glance.pageobjects.common.CommonPageObject$2.apply(CommonPageObject.java:1)
	at org.openqa.selenium.support.ui.FluentWait.until(FluentWait.java:238)
	at com.glance.pageobjects.common.CommonPageObject.waitForPageLoad(CommonPageObject.java:640)
	at com.glance.dashboard.tests.VerifyDashboard.GL_Settings_DB_36(VerifyDashboard.java:105)
... Removed 29 stack frames</pre></div><a href='#' onClick='toggleBox("stack-trace54617902", this, "Click to show all stack frames", "Click to hide stack frames")'>Click to show all stack frames</a>
<div class='stack-trace' id='stack-trace54617902'><pre>org.openqa.selenium.TimeoutException: timeout: Timed out receiving message from renderer: 600.000
  (Session info: chrome=55.0.2883.87)
  (Driver info: chromedriver=2.25.426923 (0390b88869384d6eb0d5d09729679f934aab9eed),platform=Windows NT 6.1.7601 SP1 x86_64) (WARNING: The server did not provide any stacktrace information)
Command duration or timeout: 1800.39 seconds
Build info: version: &apos;3.0.1&apos;, revision: &apos;1969d75&apos;, time: &apos;2016-10-18 09:49:13 -0700&apos;
System info: host: &apos;CMDABKAREEM&apos;, ip: &apos;172.22.176.38&apos;, os.name: &apos;Windows 7&apos;, os.arch: &apos;amd64&apos;, os.version: &apos;6.1&apos;, java.version: &apos;1.8.0_111&apos;
Driver info: org.openqa.selenium.chrome.ChromeDriver
Capabilities [{applicationCacheEnabled=false, rotatable=false, mobileEmulationEnabled=false, networkConnectionEnabled=false, chrome={chromedriverVersion=2.25.426923 (0390b88869384d6eb0d5d09729679f934aab9eed), userDataDir=C:\Users\abkareem\AppData\Local\Temp\scoped_dir26508_27924}, takesHeapSnapshot=true, pageLoadStrategy=normal, databaseEnabled=false, handlesAlerts=true, hasTouchScreen=false, version=55.0.2883.87, platform=XP, browserConnectionEnabled=false, nativeEvents=true, acceptSslCerts=true, locationContextEnabled=true, webStorageEnabled=true, browserName=chrome, takesScreenshot=true, javascriptEnabled=true, cssSelectorsEnabled=true}]
Session ID: d8838403f6d4b63fd5d31e800bb30786
	at sun.reflect.NativeConstructorAccessorImpl.newInstance0(Native Method)
	at sun.reflect.NativeConstructorAccessorImpl.newInstance(NativeConstructorAccessorImpl.java:62)
	at sun.reflect.DelegatingConstructorAccessorImpl.newInstance(DelegatingConstructorAccessorImpl.java:45)
	at java.lang.reflect.Constructor.newInstance(Constructor.java:423)
	at org.openqa.selenium.remote.ErrorHandler.createThrowable(ErrorHandler.java:216)
	at org.openqa.selenium.remote.ErrorHandler.throwIfResponseFailed(ErrorHandler.java:168)
	at org.openqa.selenium.remote.RemoteWebDriver.execute(RemoteWebDriver.java:635)
	at org.openqa.selenium.remote.RemoteWebDriver.executeScript(RemoteWebDriver.java:537)
	at com.glance.pageobjects.common.CommonPageObject$2.apply(CommonPageObject.java:642)
	at com.glance.pageobjects.common.CommonPageObject$2.apply(CommonPageObject.java:1)
	at org.openqa.selenium.support.ui.FluentWait.until(FluentWait.java:238)
	at com.glance.pageobjects.common.CommonPageObject.waitForPageLoad(CommonPageObject.java:640)
	at com.glance.dashboard.tests.VerifyDashboard.GL_Settings_DB_36(VerifyDashboard.java:105)
	at sun.reflect.NativeMethodAccessorImpl.invoke0(Native Method)
	at sun.reflect.NativeMethodAccessorImpl.invoke(NativeMethodAccessorImpl.java:62)
	at sun.reflect.DelegatingMethodAccessorImpl.invoke(DelegatingMethodAccessorImpl.java:43)
	at java.lang.reflect.Method.invoke(Method.java:498)
	at org.testng.internal.MethodInvocationHelper.invokeMethod(MethodInvocationHelper.java:100)
	at org.testng.internal.Invoker.invokeMethod(Invoker.java:646)
	at org.testng.internal.Invoker.invokeTestMethod(Invoker.java:811)
	at org.testng.internal.Invoker.invokeTestMethods(Invoker.java:1129)
	at org.testng.internal.TestMethodWorker.invokeTestMethods(TestMethodWorker.java:129)
	at org.testng.internal.TestMethodWorker.run(TestMethodWorker.java:112)
	at org.testng.TestRunner.privateRun(TestRunner.java:746)
	at org.testng.TestRunner.run(TestRunner.java:600)
	at org.testng.SuiteRunner.runTest(SuiteRunner.java:366)
	at org.testng.SuiteRunner.runSequentially(SuiteRunner.java:361)
	at org.testng.SuiteRunner.privateRun(SuiteRunner.java:319)
	at org.testng.SuiteRunner.run(SuiteRunner.java:268)
	at org.testng.SuiteRunnerWorker.runSuite(SuiteRunnerWorker.java:52)
	at org.testng.SuiteRunnerWorker.run(SuiteRunnerWorker.java:86)
	at org.testng.TestNG.runSuitesSequentially(TestNG.java:1264)
	at org.testng.TestNG.runSuitesLocally(TestNG.java:1189)
	at org.testng.TestNG.runSuites(TestNG.java:1104)
	at org.testng.TestNG.run(TestNG.java:1076)
	at org.testng.remote.AbstractRemoteTestNG.run(AbstractRemoteTestNG.java:126)
	at org.testng.remote.RemoteTestNG.initAndRun(RemoteTestNG.java:152)
	at org.testng.remote.RemoteTestNG.main(RemoteTestNG.java:57)
</pre></div></td>
<td>1806</td>
<td>com.glance.dashboard.tests.VerifyDashboard@59494225</td></tr>
<tr>
<td title='com.glance.dashboard.tests.VerifyDashboard.GL_Settings_DB_37()'><b>GL_Settings_DB_37</b><br>Test class: com.glance.dashboard.tests.VerifyDashboard</td>
<td><div><pre>org.openqa.selenium.UnhandledAlertException: unexpected alert open: {Alert text : Sorry. Server unavailable. }
  (Session info: chrome=55.0.2883.87)
  (Driver info: chromedriver=2.25.426923 (0390b88869384d6eb0d5d09729679f934aab9eed),platform=Windows NT 6.1.7601 SP1 x86_64) (WARNING: The server did not provide any stacktrace information)
Command duration or timeout: 7 milliseconds: null
Build info: version: &apos;3.0.1&apos;, revision: &apos;1969d75&apos;, time: &apos;2016-10-18 09:49:13 -0700&apos;
System info: host: &apos;CMDABKAREEM&apos;, ip: &apos;172.22.176.38&apos;, os.name: &apos;Windows 7&apos;, os.arch: &apos;amd64&apos;, os.version: &apos;6.1&apos;, java.version: &apos;1.8.0_111&apos;
Driver info: org.openqa.selenium.chrome.ChromeDriver
Capabilities [{applicationCacheEnabled=false, rotatable=false, mobileEmulationEnabled=false, networkConnectionEnabled=false, chrome={chromedriverVersion=2.25.426923 (0390b88869384d6eb0d5d09729679f934aab9eed), userDataDir=C:\Users\abkareem\AppData\Local\Temp\scoped_dir26508_27924}, takesHeapSnapshot=true, pageLoadStrategy=normal, databaseEnabled=false, handlesAlerts=true, hasTouchScreen=false, version=55.0.2883.87, platform=XP, browserConnectionEnabled=false, nativeEvents=true, acceptSslCerts=true, locationContextEnabled=true, webStorageEnabled=true, browserName=chrome, takesScreenshot=true, javascriptEnabled=true, cssSelectorsEnabled=true}]
Session ID: d8838403f6d4b63fd5d31e800bb30786
	at org.openqa.selenium.remote.ErrorHandler.createThrowable(ErrorHandler.java:216)
	at org.openqa.selenium.remote.ErrorHandler.throwIfResponseFailed(ErrorHandler.java:174)
	at org.openqa.selenium.remote.RemoteWebDriver.execute(RemoteWebDriver.java:635)
	at org.openqa.selenium.remote.RemoteWebDriver.executeScript(RemoteWebDriver.java:537)
	at com.glance.pageobjects.common.CommonPageObject$2.apply(CommonPageObject.java:642)
	at com.glance.pageobjects.common.CommonPageObject$2.apply(CommonPageObject.java:1)
	at org.openqa.selenium.support.ui.FluentWait.until(FluentWait.java:238)
	at com.glance.pageobjects.common.CommonPageObject.waitForPageLoad(CommonPageObject.java:640)
	at com.glance.dashboard.tests.VerifyDashboard.GL_Settings_DB_37(VerifyDashboard.java:149)
... Removed 29 stack frames</pre></div><a href='#' onClick='toggleBox("stack-trace1379757019", this, "Click to show all stack frames", "Click to hide stack frames")'>Click to show all stack frames</a>
<div class='stack-trace' id='stack-trace1379757019'><pre>org.openqa.selenium.UnhandledAlertException: unexpected alert open: {Alert text : Sorry. Server unavailable. }
  (Session info: chrome=55.0.2883.87)
  (Driver info: chromedriver=2.25.426923 (0390b88869384d6eb0d5d09729679f934aab9eed),platform=Windows NT 6.1.7601 SP1 x86_64) (WARNING: The server did not provide any stacktrace information)
Command duration or timeout: 7 milliseconds: null
Build info: version: &apos;3.0.1&apos;, revision: &apos;1969d75&apos;, time: &apos;2016-10-18 09:49:13 -0700&apos;
System info: host: &apos;CMDABKAREEM&apos;, ip: &apos;172.22.176.38&apos;, os.name: &apos;Windows 7&apos;, os.arch: &apos;amd64&apos;, os.version: &apos;6.1&apos;, java.version: &apos;1.8.0_111&apos;
Driver info: org.openqa.selenium.chrome.ChromeDriver
Capabilities [{applicationCacheEnabled=false, rotatable=false, mobileEmulationEnabled=false, networkConnectionEnabled=false, chrome={chromedriverVersion=2.25.426923 (0390b88869384d6eb0d5d09729679f934aab9eed), userDataDir=C:\Users\abkareem\AppData\Local\Temp\scoped_dir26508_27924}, takesHeapSnapshot=true, pageLoadStrategy=normal, databaseEnabled=false, handlesAlerts=true, hasTouchScreen=false, version=55.0.2883.87, platform=XP, browserConnectionEnabled=false, nativeEvents=true, acceptSslCerts=true, locationContextEnabled=true, webStorageEnabled=true, browserName=chrome, takesScreenshot=true, javascriptEnabled=true, cssSelectorsEnabled=true}]
Session ID: d8838403f6d4b63fd5d31e800bb30786
	at sun.reflect.NativeConstructorAccessorImpl.newInstance0(Native Method)
	at sun.reflect.NativeConstructorAccessorImpl.newInstance(NativeConstructorAccessorImpl.java:62)
	at sun.reflect.DelegatingConstructorAccessorImpl.newInstance(DelegatingConstructorAccessorImpl.java:45)
	at java.lang.reflect.Constructor.newInstance(Constructor.java:423)
	at org.openqa.selenium.remote.ErrorHandler.createThrowable(ErrorHandler.java:216)
	at org.openqa.selenium.remote.ErrorHandler.throwIfResponseFailed(ErrorHandler.java:174)
	at org.openqa.selenium.remote.RemoteWebDriver.execute(RemoteWebDriver.java:635)
	at org.openqa.selenium.remote.RemoteWebDriver.executeScript(RemoteWebDriver.java:537)
	at com.glance.pageobjects.common.CommonPageObject$2.apply(CommonPageObject.java:642)
	at com.glance.pageobjects.common.CommonPageObject$2.apply(CommonPageObject.java:1)
	at org.openqa.selenium.support.ui.FluentWait.until(FluentWait.java:238)
	at com.glance.pageobjects.common.CommonPageObject.waitForPageLoad(CommonPageObject.java:640)
	at com.glance.dashboard.tests.VerifyDashboard.GL_Settings_DB_37(VerifyDashboard.java:149)
	at sun.reflect.NativeMethodAccessorImpl.invoke0(Native Method)
	at sun.reflect.NativeMethodAccessorImpl.invoke(NativeMethodAccessorImpl.java:62)
	at sun.reflect.DelegatingMethodAccessorImpl.invoke(DelegatingMethodAccessorImpl.java:43)
	at java.lang.reflect.Method.invoke(Method.java:498)
	at org.testng.internal.MethodInvocationHelper.invokeMethod(MethodInvocationHelper.java:100)
	at org.testng.internal.Invoker.invokeMethod(Invoker.java:646)
	at org.testng.internal.Invoker.invokeTestMethod(Invoker.java:811)
	at org.testng.internal.Invoker.invokeTestMethods(Invoker.java:1129)
	at org.testng.internal.TestMethodWorker.invokeTestMethods(TestMethodWorker.java:129)
	at org.testng.internal.TestMethodWorker.run(TestMethodWorker.java:112)
	at org.testng.TestRunner.privateRun(TestRunner.java:746)
	at org.testng.TestRunner.run(TestRunner.java:600)
	at org.testng.SuiteRunner.runTest(SuiteRunner.java:366)
	at org.testng.SuiteRunner.runSequentially(SuiteRunner.java:361)
	at org.testng.SuiteRunner.privateRun(SuiteRunner.java:319)
	at org.testng.SuiteRunner.run(SuiteRunner.java:268)
	at org.testng.SuiteRunnerWorker.runSuite(SuiteRunnerWorker.java:52)
	at org.testng.SuiteRunnerWorker.run(SuiteRunnerWorker.java:86)
	at org.testng.TestNG.runSuitesSequentially(TestNG.java:1264)
	at org.testng.TestNG.runSuitesLocally(TestNG.java:1189)
	at org.testng.TestNG.runSuites(TestNG.java:1104)
	at org.testng.TestNG.run(TestNG.java:1076)
	at org.testng.remote.AbstractRemoteTestNG.run(AbstractRemoteTestNG.java:126)
	at org.testng.remote.RemoteTestNG.initAndRun(RemoteTestNG.java:152)
	at org.testng.remote.RemoteTestNG.main(RemoteTestNG.java:57)
</pre></div></td>
<td>0</td>
<td>com.glance.dashboard.tests.VerifyDashboard@59494225</td></tr>
<tr>
<td title='com.glance.dashboard.tests.VerifyDashboard.GL_Settings_DB_39()'><b>GL_Settings_DB_39</b><br>Test class: com.glance.dashboard.tests.VerifyDashboard</td>
<td><div><pre>org.openqa.selenium.UnhandledAlertException: unexpected alert open: {Alert text : Sorry. Server unavailable. }
  (Session info: chrome=55.0.2883.87)
  (Driver info: chromedriver=2.25.426923 (0390b88869384d6eb0d5d09729679f934aab9eed),platform=Windows NT 6.1.7601 SP1 x86_64) (WARNING: The server did not provide any stacktrace information)
Command duration or timeout: 4 milliseconds: null
Build info: version: &apos;3.0.1&apos;, revision: &apos;1969d75&apos;, time: &apos;2016-10-18 09:49:13 -0700&apos;
System info: host: &apos;CMDABKAREEM&apos;, ip: &apos;172.22.176.38&apos;, os.name: &apos;Windows 7&apos;, os.arch: &apos;amd64&apos;, os.version: &apos;6.1&apos;, java.version: &apos;1.8.0_111&apos;
Driver info: org.openqa.selenium.chrome.ChromeDriver
Capabilities [{applicationCacheEnabled=false, rotatable=false, mobileEmulationEnabled=false, networkConnectionEnabled=false, chrome={chromedriverVersion=2.25.426923 (0390b88869384d6eb0d5d09729679f934aab9eed), userDataDir=C:\Users\abkareem\AppData\Local\Temp\scoped_dir26508_27924}, takesHeapSnapshot=true, pageLoadStrategy=normal, databaseEnabled=false, handlesAlerts=true, hasTouchScreen=false, version=55.0.2883.87, platform=XP, browserConnectionEnabled=false, nativeEvents=true, acceptSslCerts=true, locationContextEnabled=true, webStorageEnabled=true, browserName=chrome, takesScreenshot=true, javascriptEnabled=true, cssSelectorsEnabled=true}]
Session ID: d8838403f6d4b63fd5d31e800bb30786
	at org.openqa.selenium.remote.ErrorHandler.createThrowable(ErrorHandler.java:216)
	at org.openqa.selenium.remote.ErrorHandler.throwIfResponseFailed(ErrorHandler.java:174)
	at org.openqa.selenium.remote.RemoteWebDriver.execute(RemoteWebDriver.java:635)
	at org.openqa.selenium.remote.RemoteWebDriver.executeScript(RemoteWebDriver.java:537)
	at com.glance.pageobjects.common.CommonPageObject$2.apply(CommonPageObject.java:642)
	at com.glance.pageobjects.common.CommonPageObject$2.apply(CommonPageObject.java:1)
	at org.openqa.selenium.support.ui.FluentWait.until(FluentWait.java:238)
	at com.glance.pageobjects.common.CommonPageObject.waitForPageLoad(CommonPageObject.java:640)
	at com.glance.dashboard.tests.VerifyDashboard.GL_Settings_DB_39(VerifyDashboard.java:219)
... Removed 28 stack frames</pre></div><a href='#' onClick='toggleBox("stack-trace447144896", this, "Click to show all stack frames", "Click to hide stack frames")'>Click to show all stack frames</a>
<div class='stack-trace' id='stack-trace447144896'><pre>org.openqa.selenium.UnhandledAlertException: unexpected alert open: {Alert text : Sorry. Server unavailable. }
  (Session info: chrome=55.0.2883.87)
  (Driver info: chromedriver=2.25.426923 (0390b88869384d6eb0d5d09729679f934aab9eed),platform=Windows NT 6.1.7601 SP1 x86_64) (WARNING: The server did not provide any stacktrace information)
Command duration or timeout: 4 milliseconds: null
Build info: version: &apos;3.0.1&apos;, revision: &apos;1969d75&apos;, time: &apos;2016-10-18 09:49:13 -0700&apos;
System info: host: &apos;CMDABKAREEM&apos;, ip: &apos;172.22.176.38&apos;, os.name: &apos;Windows 7&apos;, os.arch: &apos;amd64&apos;, os.version: &apos;6.1&apos;, java.version: &apos;1.8.0_111&apos;
Driver info: org.openqa.selenium.chrome.ChromeDriver
Capabilities [{applicationCacheEnabled=false, rotatable=false, mobileEmulationEnabled=false, networkConnectionEnabled=false, chrome={chromedriverVersion=2.25.426923 (0390b88869384d6eb0d5d09729679f934aab9eed), userDataDir=C:\Users\abkareem\AppData\Local\Temp\scoped_dir26508_27924}, takesHeapSnapshot=true, pageLoadStrategy=normal, databaseEnabled=false, handlesAlerts=true, hasTouchScreen=false, version=55.0.2883.87, platform=XP, browserConnectionEnabled=false, nativeEvents=true, acceptSslCerts=true, locationContextEnabled=true, webStorageEnabled=true, browserName=chrome, takesScreenshot=true, javascriptEnabled=true, cssSelectorsEnabled=true}]
Session ID: d8838403f6d4b63fd5d31e800bb30786
	at sun.reflect.GeneratedConstructorAccessor35.newInstance(Unknown Source)
	at sun.reflect.DelegatingConstructorAccessorImpl.newInstance(DelegatingConstructorAccessorImpl.java:45)
	at java.lang.reflect.Constructor.newInstance(Constructor.java:423)
	at org.openqa.selenium.remote.ErrorHandler.createThrowable(ErrorHandler.java:216)
	at org.openqa.selenium.remote.ErrorHandler.throwIfResponseFailed(ErrorHandler.java:174)
	at org.openqa.selenium.remote.RemoteWebDriver.execute(RemoteWebDriver.java:635)
	at org.openqa.selenium.remote.RemoteWebDriver.executeScript(RemoteWebDriver.java:537)
	at com.glance.pageobjects.common.CommonPageObject$2.apply(CommonPageObject.java:642)
	at com.glance.pageobjects.common.CommonPageObject$2.apply(CommonPageObject.java:1)
	at org.openqa.selenium.support.ui.FluentWait.until(FluentWait.java:238)
	at com.glance.pageobjects.common.CommonPageObject.waitForPageLoad(CommonPageObject.java:640)
	at com.glance.dashboard.tests.VerifyDashboard.GL_Settings_DB_39(VerifyDashboard.java:219)
	at sun.reflect.NativeMethodAccessorImpl.invoke0(Native Method)
	at sun.reflect.NativeMethodAccessorImpl.invoke(NativeMethodAccessorImpl.java:62)
	at sun.reflect.DelegatingMethodAccessorImpl.invoke(DelegatingMethodAccessorImpl.java:43)
	at java.lang.reflect.Method.invoke(Method.java:498)
	at org.testng.internal.MethodInvocationHelper.invokeMethod(MethodInvocationHelper.java:100)
	at org.testng.internal.Invoker.invokeMethod(Invoker.java:646)
	at org.testng.internal.Invoker.invokeTestMethod(Invoker.java:811)
	at org.testng.internal.Invoker.invokeTestMethods(Invoker.java:1129)
	at org.testng.internal.TestMethodWorker.invokeTestMethods(TestMethodWorker.java:129)
	at org.testng.internal.TestMethodWorker.run(TestMethodWorker.java:112)
	at org.testng.TestRunner.privateRun(TestRunner.java:746)
	at org.testng.TestRunner.run(TestRunner.java:600)
	at org.testng.SuiteRunner.runTest(SuiteRunner.java:366)
	at org.testng.SuiteRunner.runSequentially(SuiteRunner.java:361)
	at org.testng.SuiteRunner.privateRun(SuiteRunner.java:319)
	at org.testng.SuiteRunner.run(SuiteRunner.java:268)
	at org.testng.SuiteRunnerWorker.runSuite(SuiteRunnerWorker.java:52)
	at org.testng.SuiteRunnerWorker.run(SuiteRunnerWorker.java:86)
	at org.testng.TestNG.runSuitesSequentially(TestNG.java:1264)
	at org.testng.TestNG.runSuitesLocally(TestNG.java:1189)
	at org.testng.TestNG.runSuites(TestNG.java:1104)
	at org.testng.TestNG.run(TestNG.java:1076)
	at org.testng.remote.AbstractRemoteTestNG.run(AbstractRemoteTestNG.java:126)
	at org.testng.remote.RemoteTestNG.initAndRun(RemoteTestNG.java:152)
	at org.testng.remote.RemoteTestNG.main(RemoteTestNG.java:57)
</pre></div></td>
<td>35</td>
<td>com.glance.dashboard.tests.VerifyDashboard@59494225</td></tr>
<tr>
<td title='com.glance.dashboard.tests.VerifyDashboard.GL_Settings_DB_40()'><b>GL_Settings_DB_40</b><br>Test class: com.glance.dashboard.tests.VerifyDashboard</td>
<td><div><pre>org.openqa.selenium.UnhandledAlertException: unexpected alert open: {Alert text : Sorry. Server unavailable. }
  (Session info: chrome=55.0.2883.87)
  (Driver info: chromedriver=2.25.426923 (0390b88869384d6eb0d5d09729679f934aab9eed),platform=Windows NT 6.1.7601 SP1 x86_64) (WARNING: The server did not provide any stacktrace information)
Command duration or timeout: 4 milliseconds: null
Build info: version: &apos;3.0.1&apos;, revision: &apos;1969d75&apos;, time: &apos;2016-10-18 09:49:13 -0700&apos;
System info: host: &apos;CMDABKAREEM&apos;, ip: &apos;172.22.176.38&apos;, os.name: &apos;Windows 7&apos;, os.arch: &apos;amd64&apos;, os.version: &apos;6.1&apos;, java.version: &apos;1.8.0_111&apos;
Driver info: org.openqa.selenium.chrome.ChromeDriver
Capabilities [{applicationCacheEnabled=false, rotatable=false, mobileEmulationEnabled=false, networkConnectionEnabled=false, chrome={chromedriverVersion=2.25.426923 (0390b88869384d6eb0d5d09729679f934aab9eed), userDataDir=C:\Users\abkareem\AppData\Local\Temp\scoped_dir26508_27924}, takesHeapSnapshot=true, pageLoadStrategy=normal, databaseEnabled=false, handlesAlerts=true, hasTouchScreen=false, version=55.0.2883.87, platform=XP, browserConnectionEnabled=false, nativeEvents=true, acceptSslCerts=true, locationContextEnabled=true, webStorageEnabled=true, browserName=chrome, takesScreenshot=true, javascriptEnabled=true, cssSelectorsEnabled=true}]
Session ID: d8838403f6d4b63fd5d31e800bb30786
*** Element info: {Using=xpath, value=//div[@class=&apos;row x_title&apos;]/div[@class=&apos;col-md-6&apos;]/h3}
	at org.openqa.selenium.remote.ErrorHandler.createThrowable(ErrorHandler.java:216)
	at org.openqa.selenium.remote.ErrorHandler.throwIfResponseFailed(ErrorHandler.java:174)
	at org.openqa.selenium.remote.RemoteWebDriver.execute(RemoteWebDriver.java:635)
	at org.openqa.selenium.remote.RemoteWebDriver.findElement(RemoteWebDriver.java:368)
	at org.openqa.selenium.remote.RemoteWebDriver.findElementByXPath(RemoteWebDriver.java:473)
	at org.openqa.selenium.By$ByXPath.findElement(By.java:361)
	at org.openqa.selenium.remote.RemoteWebDriver.findElement(RemoteWebDriver.java:360)
	at org.openqa.selenium.support.pagefactory.DefaultElementLocator.findElement(DefaultElementLocator.java:69)
	at org.openqa.selenium.support.pagefactory.internal.LocatingElementHandler.invoke(LocatingElementHandler.java:38)
	at com.sun.proxy.$Proxy10.getText(Unknown Source)
	at com.glance.pageobjects.dashboard.DashboardPage.getPageName(DashboardPage.java:141)
	at com.glance.dashboard.tests.VerifyDashboard.GL_Settings_DB_40(VerifyDashboard.java:244)
... Removed 28 stack frames</pre></div><a href='#' onClick='toggleBox("stack-trace1051453514", this, "Click to show all stack frames", "Click to hide stack frames")'>Click to show all stack frames</a>
<div class='stack-trace' id='stack-trace1051453514'><pre>org.openqa.selenium.UnhandledAlertException: unexpected alert open: {Alert text : Sorry. Server unavailable. }
  (Session info: chrome=55.0.2883.87)
  (Driver info: chromedriver=2.25.426923 (0390b88869384d6eb0d5d09729679f934aab9eed),platform=Windows NT 6.1.7601 SP1 x86_64) (WARNING: The server did not provide any stacktrace information)
Command duration or timeout: 4 milliseconds: null
Build info: version: &apos;3.0.1&apos;, revision: &apos;1969d75&apos;, time: &apos;2016-10-18 09:49:13 -0700&apos;
System info: host: &apos;CMDABKAREEM&apos;, ip: &apos;172.22.176.38&apos;, os.name: &apos;Windows 7&apos;, os.arch: &apos;amd64&apos;, os.version: &apos;6.1&apos;, java.version: &apos;1.8.0_111&apos;
Driver info: org.openqa.selenium.chrome.ChromeDriver
Capabilities [{applicationCacheEnabled=false, rotatable=false, mobileEmulationEnabled=false, networkConnectionEnabled=false, chrome={chromedriverVersion=2.25.426923 (0390b88869384d6eb0d5d09729679f934aab9eed), userDataDir=C:\Users\abkareem\AppData\Local\Temp\scoped_dir26508_27924}, takesHeapSnapshot=true, pageLoadStrategy=normal, databaseEnabled=false, handlesAlerts=true, hasTouchScreen=false, version=55.0.2883.87, platform=XP, browserConnectionEnabled=false, nativeEvents=true, acceptSslCerts=true, locationContextEnabled=true, webStorageEnabled=true, browserName=chrome, takesScreenshot=true, javascriptEnabled=true, cssSelectorsEnabled=true}]
Session ID: d8838403f6d4b63fd5d31e800bb30786
*** Element info: {Using=xpath, value=//div[@class=&apos;row x_title&apos;]/div[@class=&apos;col-md-6&apos;]/h3}
	at sun.reflect.GeneratedConstructorAccessor35.newInstance(Unknown Source)
	at sun.reflect.DelegatingConstructorAccessorImpl.newInstance(DelegatingConstructorAccessorImpl.java:45)
	at java.lang.reflect.Constructor.newInstance(Constructor.java:423)
	at org.openqa.selenium.remote.ErrorHandler.createThrowable(ErrorHandler.java:216)
	at org.openqa.selenium.remote.ErrorHandler.throwIfResponseFailed(ErrorHandler.java:174)
	at org.openqa.selenium.remote.RemoteWebDriver.execute(RemoteWebDriver.java:635)
	at org.openqa.selenium.remote.RemoteWebDriver.findElement(RemoteWebDriver.java:368)
	at org.openqa.selenium.remote.RemoteWebDriver.findElementByXPath(RemoteWebDriver.java:473)
	at org.openqa.selenium.By$ByXPath.findElement(By.java:361)
	at org.openqa.selenium.remote.RemoteWebDriver.findElement(RemoteWebDriver.java:360)
	at org.openqa.selenium.support.pagefactory.DefaultElementLocator.findElement(DefaultElementLocator.java:69)
	at org.openqa.selenium.support.pagefactory.internal.LocatingElementHandler.invoke(LocatingElementHandler.java:38)
	at com.sun.proxy.$Proxy10.getText(Unknown Source)
	at com.glance.pageobjects.dashboard.DashboardPage.getPageName(DashboardPage.java:141)
	at com.glance.dashboard.tests.VerifyDashboard.GL_Settings_DB_40(VerifyDashboard.java:244)
	at sun.reflect.NativeMethodAccessorImpl.invoke0(Native Method)
	at sun.reflect.NativeMethodAccessorImpl.invoke(NativeMethodAccessorImpl.java:62)
	at sun.reflect.DelegatingMethodAccessorImpl.invoke(DelegatingMethodAccessorImpl.java:43)
	at java.lang.reflect.Method.invoke(Method.java:498)
	at org.testng.internal.MethodInvocationHelper.invokeMethod(MethodInvocationHelper.java:100)
	at org.testng.internal.Invoker.invokeMethod(Invoker.java:646)
	at org.testng.internal.Invoker.invokeTestMethod(Invoker.java:811)
	at org.testng.internal.Invoker.invokeTestMethods(Invoker.java:1129)
	at org.testng.internal.TestMethodWorker.invokeTestMethods(TestMethodWorker.java:129)
	at org.testng.internal.TestMethodWorker.run(TestMethodWorker.java:112)
	at org.testng.TestRunner.privateRun(TestRunner.java:746)
	at org.testng.TestRunner.run(TestRunner.java:600)
	at org.testng.SuiteRunner.runTest(SuiteRunner.java:366)
	at org.testng.SuiteRunner.runSequentially(SuiteRunner.java:361)
	at org.testng.SuiteRunner.privateRun(SuiteRunner.java:319)
	at org.testng.SuiteRunner.run(SuiteRunner.java:268)
	at org.testng.SuiteRunnerWorker.runSuite(SuiteRunnerWorker.java:52)
	at org.testng.SuiteRunnerWorker.run(SuiteRunnerWorker.java:86)
	at org.testng.TestNG.runSuitesSequentially(TestNG.java:1264)
	at org.testng.TestNG.runSuitesLocally(TestNG.java:1189)
	at org.testng.TestNG.runSuites(TestNG.java:1104)
	at org.testng.TestNG.run(TestNG.java:1076)
	at org.testng.remote.AbstractRemoteTestNG.run(AbstractRemoteTestNG.java:126)
	at org.testng.remote.RemoteTestNG.initAndRun(RemoteTestNG.java:152)
	at org.testng.remote.RemoteTestNG.main(RemoteTestNG.java:57)
</pre></div></td>
<td>0</td>
<td>com.glance.dashboard.tests.VerifyDashboard@59494225</td></tr>
<tr>
<td title='com.glance.datamanagement.tests.VerifyDataDeleteUpdatePage.GL_Settings_DM_48()'><b>GL_Settings_DM_48</b><br>Test class: com.glance.datamanagement.tests.VerifyDataDeleteUpdatePage</td>
<td><div><pre>org.openqa.selenium.NoSuchElementException: no such element: Unable to locate element: {&quot;method&quot;:&quot;xpath&quot;,&quot;selector&quot;:&quot;//span[@class=&apos;title&apos;]&quot;}
  (Session info: chrome=55.0.2883.87)
  (Driver info: chromedriver=2.25.426923 (0390b88869384d6eb0d5d09729679f934aab9eed),platform=Windows NT 6.1.7601 SP1 x86_64) (WARNING: The server did not provide any stacktrace information)
Command duration or timeout: 10.05 seconds
For documentation on this error, please visit: http://seleniumhq.org/exceptions/no_such_element.html
Build info: version: &apos;3.0.1&apos;, revision: &apos;1969d75&apos;, time: &apos;2016-10-18 09:49:13 -0700&apos;
System info: host: &apos;CMDABKAREEM&apos;, ip: &apos;172.22.176.38&apos;, os.name: &apos;Windows 7&apos;, os.arch: &apos;amd64&apos;, os.version: &apos;6.1&apos;, java.version: &apos;1.8.0_111&apos;
Driver info: org.openqa.selenium.chrome.ChromeDriver
Capabilities [{applicationCacheEnabled=false, rotatable=false, mobileEmulationEnabled=false, networkConnectionEnabled=false, chrome={chromedriverVersion=2.25.426923 (0390b88869384d6eb0d5d09729679f934aab9eed), userDataDir=C:\Users\abkareem\AppData\Local\Temp\scoped_dir11640_16855}, takesHeapSnapshot=true, pageLoadStrategy=normal, databaseEnabled=false, handlesAlerts=true, hasTouchScreen=false, version=55.0.2883.87, platform=XP, browserConnectionEnabled=false, nativeEvents=true, acceptSslCerts=true, locationContextEnabled=true, webStorageEnabled=true, browserName=chrome, takesScreenshot=true, javascriptEnabled=true, cssSelectorsEnabled=true}]
Session ID: 64d38f7757deb3e6f91c627d892990d8
*** Element info: {Using=xpath, value=//span[@class=&apos;title&apos;]}
	at org.openqa.selenium.remote.ErrorHandler.createThrowable(ErrorHandler.java:216)
	at org.openqa.selenium.remote.ErrorHandler.throwIfResponseFailed(ErrorHandler.java:168)
	at org.openqa.selenium.remote.RemoteWebDriver.execute(RemoteWebDriver.java:635)
	at org.openqa.selenium.remote.RemoteWebDriver.findElement(RemoteWebDriver.java:368)
	at org.openqa.selenium.remote.RemoteWebDriver.findElementByXPath(RemoteWebDriver.java:473)
	at org.openqa.selenium.By$ByXPath.findElement(By.java:361)
	at org.openqa.selenium.remote.RemoteWebDriver.findElement(RemoteWebDriver.java:360)
	at org.openqa.selenium.support.pagefactory.DefaultElementLocator.findElement(DefaultElementLocator.java:69)
	at org.openqa.selenium.support.pagefactory.internal.LocatingElementHandler.invoke(LocatingElementHandler.java:38)
	at com.sun.proxy.$Proxy10.getText(Unknown Source)
	at com.glance.pageobjects.datamanagement.DataDeleteUpdatePage.verifydeleteConfirmationMessage(DataDeleteUpdatePage.java:183)
	at com.glance.datamanagement.tests.VerifyDataDeleteUpdatePage.GL_Settings_DM_48(VerifyDataDeleteUpdatePage.java:99)
... Removed 28 stack frames</pre></div><a href='#' onClick='toggleBox("stack-trace1595938139", this, "Click to show all stack frames", "Click to hide stack frames")'>Click to show all stack frames</a>
<div class='stack-trace' id='stack-trace1595938139'><pre>org.openqa.selenium.NoSuchElementException: no such element: Unable to locate element: {&quot;method&quot;:&quot;xpath&quot;,&quot;selector&quot;:&quot;//span[@class=&apos;title&apos;]&quot;}
  (Session info: chrome=55.0.2883.87)
  (Driver info: chromedriver=2.25.426923 (0390b88869384d6eb0d5d09729679f934aab9eed),platform=Windows NT 6.1.7601 SP1 x86_64) (WARNING: The server did not provide any stacktrace information)
Command duration or timeout: 10.05 seconds
For documentation on this error, please visit: http://seleniumhq.org/exceptions/no_such_element.html
Build info: version: &apos;3.0.1&apos;, revision: &apos;1969d75&apos;, time: &apos;2016-10-18 09:49:13 -0700&apos;
System info: host: &apos;CMDABKAREEM&apos;, ip: &apos;172.22.176.38&apos;, os.name: &apos;Windows 7&apos;, os.arch: &apos;amd64&apos;, os.version: &apos;6.1&apos;, java.version: &apos;1.8.0_111&apos;
Driver info: org.openqa.selenium.chrome.ChromeDriver
Capabilities [{applicationCacheEnabled=false, rotatable=false, mobileEmulationEnabled=false, networkConnectionEnabled=false, chrome={chromedriverVersion=2.25.426923 (0390b88869384d6eb0d5d09729679f934aab9eed), userDataDir=C:\Users\abkareem\AppData\Local\Temp\scoped_dir11640_16855}, takesHeapSnapshot=true, pageLoadStrategy=normal, databaseEnabled=false, handlesAlerts=true, hasTouchScreen=false, version=55.0.2883.87, platform=XP, browserConnectionEnabled=false, nativeEvents=true, acceptSslCerts=true, locationContextEnabled=true, webStorageEnabled=true, browserName=chrome, takesScreenshot=true, javascriptEnabled=true, cssSelectorsEnabled=true}]
Session ID: 64d38f7757deb3e6f91c627d892990d8
*** Element info: {Using=xpath, value=//span[@class=&apos;title&apos;]}
	at sun.reflect.GeneratedConstructorAccessor15.newInstance(Unknown Source)
	at sun.reflect.DelegatingConstructorAccessorImpl.newInstance(DelegatingConstructorAccessorImpl.java:45)
	at java.lang.reflect.Constructor.newInstance(Constructor.java:423)
	at org.openqa.selenium.remote.ErrorHandler.createThrowable(ErrorHandler.java:216)
	at org.openqa.selenium.remote.ErrorHandler.throwIfResponseFailed(ErrorHandler.java:168)
	at org.openqa.selenium.remote.RemoteWebDriver.execute(RemoteWebDriver.java:635)
	at org.openqa.selenium.remote.RemoteWebDriver.findElement(RemoteWebDriver.java:368)
	at org.openqa.selenium.remote.RemoteWebDriver.findElementByXPath(RemoteWebDriver.java:473)
	at org.openqa.selenium.By$ByXPath.findElement(By.java:361)
	at org.openqa.selenium.remote.RemoteWebDriver.findElement(RemoteWebDriver.java:360)
	at org.openqa.selenium.support.pagefactory.DefaultElementLocator.findElement(DefaultElementLocator.java:69)
	at org.openqa.selenium.support.pagefactory.internal.LocatingElementHandler.invoke(LocatingElementHandler.java:38)
	at com.sun.proxy.$Proxy10.getText(Unknown Source)
	at com.glance.pageobjects.datamanagement.DataDeleteUpdatePage.verifydeleteConfirmationMessage(DataDeleteUpdatePage.java:183)
	at com.glance.datamanagement.tests.VerifyDataDeleteUpdatePage.GL_Settings_DM_48(VerifyDataDeleteUpdatePage.java:99)
	at sun.reflect.NativeMethodAccessorImpl.invoke0(Native Method)
	at sun.reflect.NativeMethodAccessorImpl.invoke(NativeMethodAccessorImpl.java:62)
	at sun.reflect.DelegatingMethodAccessorImpl.invoke(DelegatingMethodAccessorImpl.java:43)
	at java.lang.reflect.Method.invoke(Method.java:498)
	at org.testng.internal.MethodInvocationHelper.invokeMethod(MethodInvocationHelper.java:100)
	at org.testng.internal.Invoker.invokeMethod(Invoker.java:646)
	at org.testng.internal.Invoker.invokeTestMethod(Invoker.java:811)
	at org.testng.internal.Invoker.invokeTestMethods(Invoker.java:1129)
	at org.testng.internal.TestMethodWorker.invokeTestMethods(TestMethodWorker.java:129)
	at org.testng.internal.TestMethodWorker.run(TestMethodWorker.java:112)
	at org.testng.TestRunner.privateRun(TestRunner.java:746)
	at org.testng.TestRunner.run(TestRunner.java:600)
	at org.testng.SuiteRunner.runTest(SuiteRunner.java:366)
	at org.testng.SuiteRunner.runSequentially(SuiteRunner.java:361)
	at org.testng.SuiteRunner.privateRun(SuiteRunner.java:319)
	at org.testng.SuiteRunner.run(SuiteRunner.java:268)
	at org.testng.SuiteRunnerWorker.runSuite(SuiteRunnerWorker.java:52)
	at org.testng.SuiteRunnerWorker.run(SuiteRunnerWorker.java:86)
	at org.testng.TestNG.runSuitesSequentially(TestNG.java:1264)
	at org.testng.TestNG.runSuitesLocally(TestNG.java:1189)
	at org.testng.TestNG.runSuites(TestNG.java:1104)
	at org.testng.TestNG.run(TestNG.java:1076)
	at org.testng.remote.AbstractRemoteTestNG.run(AbstractRemoteTestNG.java:126)
	at org.testng.remote.RemoteTestNG.initAndRun(RemoteTestNG.java:152)
	at org.testng.remote.RemoteTestNG.main(RemoteTestNG.java:57)
</pre></div></td>
<td>20</td>
<td>com.glance.datamanagement.tests.VerifyDataDeleteUpdatePage@cb644e</td></tr>
<tr>
<td title='com.glance.datamanagement.tests.VerifyDataDeleteUpdatePage.GL_Settings_DM_49()'><b>GL_Settings_DM_49</b><br>Test class: com.glance.datamanagement.tests.VerifyDataDeleteUpdatePage</td>
<td><div><pre>org.openqa.selenium.NoSuchElementException: no such element: Unable to locate element: {&quot;method&quot;:&quot;xpath&quot;,&quot;selector&quot;:&quot;//span[@class=&apos;title&apos;]&quot;}
  (Session info: chrome=55.0.2883.87)
  (Driver info: chromedriver=2.25.426923 (0390b88869384d6eb0d5d09729679f934aab9eed),platform=Windows NT 6.1.7601 SP1 x86_64) (WARNING: The server did not provide any stacktrace information)
Command duration or timeout: 10.05 seconds
For documentation on this error, please visit: http://seleniumhq.org/exceptions/no_such_element.html
Build info: version: &apos;3.0.1&apos;, revision: &apos;1969d75&apos;, time: &apos;2016-10-18 09:49:13 -0700&apos;
System info: host: &apos;CMDABKAREEM&apos;, ip: &apos;172.22.176.38&apos;, os.name: &apos;Windows 7&apos;, os.arch: &apos;amd64&apos;, os.version: &apos;6.1&apos;, java.version: &apos;1.8.0_111&apos;
Driver info: org.openqa.selenium.chrome.ChromeDriver
Capabilities [{applicationCacheEnabled=false, rotatable=false, mobileEmulationEnabled=false, networkConnectionEnabled=false, chrome={chromedriverVersion=2.25.426923 (0390b88869384d6eb0d5d09729679f934aab9eed), userDataDir=C:\Users\abkareem\AppData\Local\Temp\scoped_dir11640_16855}, takesHeapSnapshot=true, pageLoadStrategy=normal, databaseEnabled=false, handlesAlerts=true, hasTouchScreen=false, version=55.0.2883.87, platform=XP, browserConnectionEnabled=false, nativeEvents=true, acceptSslCerts=true, locationContextEnabled=true, webStorageEnabled=true, browserName=chrome, takesScreenshot=true, javascriptEnabled=true, cssSelectorsEnabled=true}]
Session ID: 64d38f7757deb3e6f91c627d892990d8
*** Element info: {Using=xpath, value=//span[@class=&apos;title&apos;]}
	at org.openqa.selenium.remote.ErrorHandler.createThrowable(ErrorHandler.java:216)
	at org.openqa.selenium.remote.ErrorHandler.throwIfResponseFailed(ErrorHandler.java:168)
	at org.openqa.selenium.remote.RemoteWebDriver.execute(RemoteWebDriver.java:635)
	at org.openqa.selenium.remote.RemoteWebDriver.findElement(RemoteWebDriver.java:368)
	at org.openqa.selenium.remote.RemoteWebDriver.findElementByXPath(RemoteWebDriver.java:473)
	at org.openqa.selenium.By$ByXPath.findElement(By.java:361)
	at org.openqa.selenium.remote.RemoteWebDriver.findElement(RemoteWebDriver.java:360)
	at org.openqa.selenium.support.pagefactory.DefaultElementLocator.findElement(DefaultElementLocator.java:69)
	at org.openqa.selenium.support.pagefactory.internal.LocatingElementHandler.invoke(LocatingElementHandler.java:38)
	at com.sun.proxy.$Proxy10.getText(Unknown Source)
	at com.glance.pageobjects.datamanagement.DataDeleteUpdatePage.verifydeleteConfirmationMessage(DataDeleteUpdatePage.java:183)
	at com.glance.datamanagement.tests.VerifyDataDeleteUpdatePage.GL_Settings_DM_49(VerifyDataDeleteUpdatePage.java:121)
... Removed 28 stack frames</pre></div><a href='#' onClick='toggleBox("stack-trace1230955136", this, "Click to show all stack frames", "Click to hide stack frames")'>Click to show all stack frames</a>
<div class='stack-trace' id='stack-trace1230955136'><pre>org.openqa.selenium.NoSuchElementException: no such element: Unable to locate element: {&quot;method&quot;:&quot;xpath&quot;,&quot;selector&quot;:&quot;//span[@class=&apos;title&apos;]&quot;}
  (Session info: chrome=55.0.2883.87)
  (Driver info: chromedriver=2.25.426923 (0390b88869384d6eb0d5d09729679f934aab9eed),platform=Windows NT 6.1.7601 SP1 x86_64) (WARNING: The server did not provide any stacktrace information)
Command duration or timeout: 10.05 seconds
For documentation on this error, please visit: http://seleniumhq.org/exceptions/no_such_element.html
Build info: version: &apos;3.0.1&apos;, revision: &apos;1969d75&apos;, time: &apos;2016-10-18 09:49:13 -0700&apos;
System info: host: &apos;CMDABKAREEM&apos;, ip: &apos;172.22.176.38&apos;, os.name: &apos;Windows 7&apos;, os.arch: &apos;amd64&apos;, os.version: &apos;6.1&apos;, java.version: &apos;1.8.0_111&apos;
Driver info: org.openqa.selenium.chrome.ChromeDriver
Capabilities [{applicationCacheEnabled=false, rotatable=false, mobileEmulationEnabled=false, networkConnectionEnabled=false, chrome={chromedriverVersion=2.25.426923 (0390b88869384d6eb0d5d09729679f934aab9eed), userDataDir=C:\Users\abkareem\AppData\Local\Temp\scoped_dir11640_16855}, takesHeapSnapshot=true, pageLoadStrategy=normal, databaseEnabled=false, handlesAlerts=true, hasTouchScreen=false, version=55.0.2883.87, platform=XP, browserConnectionEnabled=false, nativeEvents=true, acceptSslCerts=true, locationContextEnabled=true, webStorageEnabled=true, browserName=chrome, takesScreenshot=true, javascriptEnabled=true, cssSelectorsEnabled=true}]
Session ID: 64d38f7757deb3e6f91c627d892990d8
*** Element info: {Using=xpath, value=//span[@class=&apos;title&apos;]}
	at sun.reflect.GeneratedConstructorAccessor15.newInstance(Unknown Source)
	at sun.reflect.DelegatingConstructorAccessorImpl.newInstance(DelegatingConstructorAccessorImpl.java:45)
	at java.lang.reflect.Constructor.newInstance(Constructor.java:423)
	at org.openqa.selenium.remote.ErrorHandler.createThrowable(ErrorHandler.java:216)
	at org.openqa.selenium.remote.ErrorHandler.throwIfResponseFailed(ErrorHandler.java:168)
	at org.openqa.selenium.remote.RemoteWebDriver.execute(RemoteWebDriver.java:635)
	at org.openqa.selenium.remote.RemoteWebDriver.findElement(RemoteWebDriver.java:368)
	at org.openqa.selenium.remote.RemoteWebDriver.findElementByXPath(RemoteWebDriver.java:473)
	at org.openqa.selenium.By$ByXPath.findElement(By.java:361)
	at org.openqa.selenium.remote.RemoteWebDriver.findElement(RemoteWebDriver.java:360)
	at org.openqa.selenium.support.pagefactory.DefaultElementLocator.findElement(DefaultElementLocator.java:69)
	at org.openqa.selenium.support.pagefactory.internal.LocatingElementHandler.invoke(LocatingElementHandler.java:38)
	at com.sun.proxy.$Proxy10.getText(Unknown Source)
	at com.glance.pageobjects.datamanagement.DataDeleteUpdatePage.verifydeleteConfirmationMessage(DataDeleteUpdatePage.java:183)
	at com.glance.datamanagement.tests.VerifyDataDeleteUpdatePage.GL_Settings_DM_49(VerifyDataDeleteUpdatePage.java:121)
	at sun.reflect.NativeMethodAccessorImpl.invoke0(Native Method)
	at sun.reflect.NativeMethodAccessorImpl.invoke(NativeMethodAccessorImpl.java:62)
	at sun.reflect.DelegatingMethodAccessorImpl.invoke(DelegatingMethodAccessorImpl.java:43)
	at java.lang.reflect.Method.invoke(Method.java:498)
	at org.testng.internal.MethodInvocationHelper.invokeMethod(MethodInvocationHelper.java:100)
	at org.testng.internal.Invoker.invokeMethod(Invoker.java:646)
	at org.testng.internal.Invoker.invokeTestMethod(Invoker.java:811)
	at org.testng.internal.Invoker.invokeTestMethods(Invoker.java:1129)
	at org.testng.internal.TestMethodWorker.invokeTestMethods(TestMethodWorker.java:129)
	at org.testng.internal.TestMethodWorker.run(TestMethodWorker.java:112)
	at org.testng.TestRunner.privateRun(TestRunner.java:746)
	at org.testng.TestRunner.run(TestRunner.java:600)
	at org.testng.SuiteRunner.runTest(SuiteRunner.java:366)
	at org.testng.SuiteRunner.runSequentially(SuiteRunner.java:361)
	at org.testng.SuiteRunner.privateRun(SuiteRunner.java:319)
	at org.testng.SuiteRunner.run(SuiteRunner.java:268)
	at org.testng.SuiteRunnerWorker.runSuite(SuiteRunnerWorker.java:52)
	at org.testng.SuiteRunnerWorker.run(SuiteRunnerWorker.java:86)
	at org.testng.TestNG.runSuitesSequentially(TestNG.java:1264)
	at org.testng.TestNG.runSuitesLocally(TestNG.java:1189)
	at org.testng.TestNG.runSuites(TestNG.java:1104)
	at org.testng.TestNG.run(TestNG.java:1076)
	at org.testng.remote.AbstractRemoteTestNG.run(AbstractRemoteTestNG.java:126)
	at org.testng.remote.RemoteTestNG.initAndRun(RemoteTestNG.java:152)
	at org.testng.remote.RemoteTestNG.main(RemoteTestNG.java:57)
</pre></div></td>
<td>20</td>
<td>com.glance.datamanagement.tests.VerifyDataDeleteUpdatePage@cb644e</td></tr>
<tr>
<td title='com.glance.datamanagement.tests.VerifyDataDeleteUpdatePage.GL_Settings_DM_55()'><b>GL_Settings_DM_55</b><br>Test class: com.glance.datamanagement.tests.VerifyDataDeleteUpdatePage</td>
<td><div><pre>org.openqa.selenium.NoSuchElementException: no such element: Unable to locate element: {&quot;method&quot;:&quot;xpath&quot;,&quot;selector&quot;:&quot;//select[@name=&apos;data_table_length&apos;]&quot;}
  (Session info: chrome=55.0.2883.87)
  (Driver info: chromedriver=2.25.426923 (0390b88869384d6eb0d5d09729679f934aab9eed),platform=Windows NT 6.1.7601 SP1 x86_64) (WARNING: The server did not provide any stacktrace information)
Command duration or timeout: 10.03 seconds
For documentation on this error, please visit: http://seleniumhq.org/exceptions/no_such_element.html
Build info: version: &apos;3.0.1&apos;, revision: &apos;1969d75&apos;, time: &apos;2016-10-18 09:49:13 -0700&apos;
System info: host: &apos;CMDABKAREEM&apos;, ip: &apos;172.22.176.38&apos;, os.name: &apos;Windows 7&apos;, os.arch: &apos;amd64&apos;, os.version: &apos;6.1&apos;, java.version: &apos;1.8.0_111&apos;
Driver info: org.openqa.selenium.chrome.ChromeDriver
Capabilities [{applicationCacheEnabled=false, rotatable=false, mobileEmulationEnabled=false, networkConnectionEnabled=false, chrome={chromedriverVersion=2.25.426923 (0390b88869384d6eb0d5d09729679f934aab9eed), userDataDir=C:\Users\abkareem\AppData\Local\Temp\scoped_dir11640_16855}, takesHeapSnapshot=true, pageLoadStrategy=normal, databaseEnabled=false, handlesAlerts=true, hasTouchScreen=false, version=55.0.2883.87, platform=XP, browserConnectionEnabled=false, nativeEvents=true, acceptSslCerts=true, locationContextEnabled=true, webStorageEnabled=true, browserName=chrome, takesScreenshot=true, javascriptEnabled=true, cssSelectorsEnabled=true}]
Session ID: 64d38f7757deb3e6f91c627d892990d8
*** Element info: {Using=xpath, value=//select[@name=&apos;data_table_length&apos;]}
	at org.openqa.selenium.remote.ErrorHandler.createThrowable(ErrorHandler.java:216)
	at org.openqa.selenium.remote.ErrorHandler.throwIfResponseFailed(ErrorHandler.java:168)
	at org.openqa.selenium.remote.RemoteWebDriver.execute(RemoteWebDriver.java:635)
	at org.openqa.selenium.remote.RemoteWebDriver.findElement(RemoteWebDriver.java:368)
	at org.openqa.selenium.remote.RemoteWebDriver.findElementByXPath(RemoteWebDriver.java:473)
	at org.openqa.selenium.By$ByXPath.findElement(By.java:361)
	at org.openqa.selenium.remote.RemoteWebDriver.findElement(RemoteWebDriver.java:360)
	at org.openqa.selenium.support.pagefactory.DefaultElementLocator.findElement(DefaultElementLocator.java:69)
	at org.openqa.selenium.support.pagefactory.internal.LocatingElementHandler.invoke(LocatingElementHandler.java:38)
	at com.sun.proxy.$Proxy10.getTagName(Unknown Source)
	at org.openqa.selenium.support.ui.Select.&lt;init&gt;(Select.java:44)
	at com.glance.pageobjects.datamanagement.DataDeleteUpdatePage.expectedRowCount(DataDeleteUpdatePage.java:432)
	at com.glance.datamanagement.tests.VerifyDataDeleteUpdatePage.GL_Settings_DM_55(VerifyDataDeleteUpdatePage.java:185)
... Removed 28 stack frames</pre></div><a href='#' onClick='toggleBox("stack-trace409195262", this, "Click to show all stack frames", "Click to hide stack frames")'>Click to show all stack frames</a>
<div class='stack-trace' id='stack-trace409195262'><pre>org.openqa.selenium.NoSuchElementException: no such element: Unable to locate element: {&quot;method&quot;:&quot;xpath&quot;,&quot;selector&quot;:&quot;//select[@name=&apos;data_table_length&apos;]&quot;}
  (Session info: chrome=55.0.2883.87)
  (Driver info: chromedriver=2.25.426923 (0390b88869384d6eb0d5d09729679f934aab9eed),platform=Windows NT 6.1.7601 SP1 x86_64) (WARNING: The server did not provide any stacktrace information)
Command duration or timeout: 10.03 seconds
For documentation on this error, please visit: http://seleniumhq.org/exceptions/no_such_element.html
Build info: version: &apos;3.0.1&apos;, revision: &apos;1969d75&apos;, time: &apos;2016-10-18 09:49:13 -0700&apos;
System info: host: &apos;CMDABKAREEM&apos;, ip: &apos;172.22.176.38&apos;, os.name: &apos;Windows 7&apos;, os.arch: &apos;amd64&apos;, os.version: &apos;6.1&apos;, java.version: &apos;1.8.0_111&apos;
Driver info: org.openqa.selenium.chrome.ChromeDriver
Capabilities [{applicationCacheEnabled=false, rotatable=false, mobileEmulationEnabled=false, networkConnectionEnabled=false, chrome={chromedriverVersion=2.25.426923 (0390b88869384d6eb0d5d09729679f934aab9eed), userDataDir=C:\Users\abkareem\AppData\Local\Temp\scoped_dir11640_16855}, takesHeapSnapshot=true, pageLoadStrategy=normal, databaseEnabled=false, handlesAlerts=true, hasTouchScreen=false, version=55.0.2883.87, platform=XP, browserConnectionEnabled=false, nativeEvents=true, acceptSslCerts=true, locationContextEnabled=true, webStorageEnabled=true, browserName=chrome, takesScreenshot=true, javascriptEnabled=true, cssSelectorsEnabled=true}]
Session ID: 64d38f7757deb3e6f91c627d892990d8
*** Element info: {Using=xpath, value=//select[@name=&apos;data_table_length&apos;]}
	at sun.reflect.GeneratedConstructorAccessor15.newInstance(Unknown Source)
	at sun.reflect.DelegatingConstructorAccessorImpl.newInstance(DelegatingConstructorAccessorImpl.java:45)
	at java.lang.reflect.Constructor.newInstance(Constructor.java:423)
	at org.openqa.selenium.remote.ErrorHandler.createThrowable(ErrorHandler.java:216)
	at org.openqa.selenium.remote.ErrorHandler.throwIfResponseFailed(ErrorHandler.java:168)
	at org.openqa.selenium.remote.RemoteWebDriver.execute(RemoteWebDriver.java:635)
	at org.openqa.selenium.remote.RemoteWebDriver.findElement(RemoteWebDriver.java:368)
	at org.openqa.selenium.remote.RemoteWebDriver.findElementByXPath(RemoteWebDriver.java:473)
	at org.openqa.selenium.By$ByXPath.findElement(By.java:361)
	at org.openqa.selenium.remote.RemoteWebDriver.findElement(RemoteWebDriver.java:360)
	at org.openqa.selenium.support.pagefactory.DefaultElementLocator.findElement(DefaultElementLocator.java:69)
	at org.openqa.selenium.support.pagefactory.internal.LocatingElementHandler.invoke(LocatingElementHandler.java:38)
	at com.sun.proxy.$Proxy10.getTagName(Unknown Source)
	at org.openqa.selenium.support.ui.Select.&lt;init&gt;(Select.java:44)
	at com.glance.pageobjects.datamanagement.DataDeleteUpdatePage.expectedRowCount(DataDeleteUpdatePage.java:432)
	at com.glance.datamanagement.tests.VerifyDataDeleteUpdatePage.GL_Settings_DM_55(VerifyDataDeleteUpdatePage.java:185)
	at sun.reflect.NativeMethodAccessorImpl.invoke0(Native Method)
	at sun.reflect.NativeMethodAccessorImpl.invoke(NativeMethodAccessorImpl.java:62)
	at sun.reflect.DelegatingMethodAccessorImpl.invoke(DelegatingMethodAccessorImpl.java:43)
	at java.lang.reflect.Method.invoke(Method.java:498)
	at org.testng.internal.MethodInvocationHelper.invokeMethod(MethodInvocationHelper.java:100)
	at org.testng.internal.Invoker.invokeMethod(Invoker.java:646)
	at org.testng.internal.Invoker.invokeTestMethod(Invoker.java:811)
	at org.testng.internal.Invoker.invokeTestMethods(Invoker.java:1129)
	at org.testng.internal.TestMethodWorker.invokeTestMethods(TestMethodWorker.java:129)
	at org.testng.internal.TestMethodWorker.run(TestMethodWorker.java:112)
	at org.testng.TestRunner.privateRun(TestRunner.java:746)
	at org.testng.TestRunner.run(TestRunner.java:600)
	at org.testng.SuiteRunner.runTest(SuiteRunner.java:366)
	at org.testng.SuiteRunner.runSequentially(SuiteRunner.java:361)
	at org.testng.SuiteRunner.privateRun(SuiteRunner.java:319)
	at org.testng.SuiteRunner.run(SuiteRunner.java:268)
	at org.testng.SuiteRunnerWorker.runSuite(SuiteRunnerWorker.java:52)
	at org.testng.SuiteRunnerWorker.run(SuiteRunnerWorker.java:86)
	at org.testng.TestNG.runSuitesSequentially(TestNG.java:1264)
	at org.testng.TestNG.runSuitesLocally(TestNG.java:1189)
	at org.testng.TestNG.runSuites(TestNG.java:1104)
	at org.testng.TestNG.run(TestNG.java:1076)
	at org.testng.remote.AbstractRemoteTestNG.run(AbstractRemoteTestNG.java:126)
	at org.testng.remote.RemoteTestNG.initAndRun(RemoteTestNG.java:152)
	at org.testng.remote.RemoteTestNG.main(RemoteTestNG.java:57)
</pre></div></td>
<td>20</td>
<td>com.glance.datamanagement.tests.VerifyDataDeleteUpdatePage@cb644e</td></tr>
<tr>
<td title='com.glance.dashboard.tests.VerifyDeleteSearchResults.GL_Settings_DSR_32()'><b>GL_Settings_DSR_32</b><br>Test class: com.glance.dashboard.tests.VerifyDeleteSearchResults</td>
<td><div><pre>junit.framework.AssertionFailedError
	at junit.framework.Assert.fail(Assert.java:47)
	at junit.framework.Assert.assertTrue(Assert.java:20)
	at junit.framework.Assert.assertTrue(Assert.java:27)
	at com.glance.dashboard.tests.VerifyDeleteSearchResults.GL_Settings_DSR_32(VerifyDeleteSearchResults.java:171)
... Removed 25 stack frames</pre></div><a href='#' onClick='toggleBox("stack-trace1729904998", this, "Click to show all stack frames", "Click to hide stack frames")'>Click to show all stack frames</a>
<div class='stack-trace' id='stack-trace1729904998'><pre>junit.framework.AssertionFailedError
	at junit.framework.Assert.fail(Assert.java:47)
	at junit.framework.Assert.assertTrue(Assert.java:20)
	at junit.framework.Assert.assertTrue(Assert.java:27)
	at com.glance.dashboard.tests.VerifyDeleteSearchResults.GL_Settings_DSR_32(VerifyDeleteSearchResults.java:171)
	at sun.reflect.NativeMethodAccessorImpl.invoke0(Native Method)
	at sun.reflect.NativeMethodAccessorImpl.invoke(NativeMethodAccessorImpl.java:62)
	at sun.reflect.DelegatingMethodAccessorImpl.invoke(DelegatingMethodAccessorImpl.java:43)
	at java.lang.reflect.Method.invoke(Method.java:498)
	at org.testng.internal.MethodInvocationHelper.invokeMethod(MethodInvocationHelper.java:100)
	at org.testng.internal.Invoker.invokeMethod(Invoker.java:646)
	at org.testng.internal.Invoker.invokeTestMethod(Invoker.java:811)
	at org.testng.internal.Invoker.invokeTestMethods(Invoker.java:1129)
	at org.testng.internal.TestMethodWorker.invokeTestMethods(TestMethodWorker.java:129)
	at org.testng.internal.TestMethodWorker.run(TestMethodWorker.java:112)
	at org.testng.TestRunner.privateRun(TestRunner.java:746)
	at org.testng.TestRunner.run(TestRunner.java:600)
	at org.testng.SuiteRunner.runTest(SuiteRunner.java:366)
	at org.testng.SuiteRunner.runSequentially(SuiteRunner.java:361)
	at org.testng.SuiteRunner.privateRun(SuiteRunner.java:319)
	at org.testng.SuiteRunner.run(SuiteRunner.java:268)
	at org.testng.SuiteRunnerWorker.runSuite(SuiteRunnerWorker.java:52)
	at org.testng.SuiteRunnerWorker.run(SuiteRunnerWorker.java:86)
	at org.testng.TestNG.runSuitesSequentially(TestNG.java:1264)
	at org.testng.TestNG.runSuitesLocally(TestNG.java:1189)
	at org.testng.TestNG.runSuites(TestNG.java:1104)
	at org.testng.TestNG.run(TestNG.java:1076)
	at org.testng.remote.AbstractRemoteTestNG.run(AbstractRemoteTestNG.java:126)
	at org.testng.remote.RemoteTestNG.initAndRun(RemoteTestNG.java:152)
	at org.testng.remote.RemoteTestNG.main(RemoteTestNG.java:57)
</pre></div></td>
<td>2</td>
<td>com.glance.dashboard.tests.VerifyDeleteSearchResults@5cb9f472</td></tr>
<tr>
<td title='com.glance.datamanagement.tests.VerifyDataUploadPage.GL_Settings_DU_42_1()'><b>GL_Settings_DU_42_1</b><br>Test class: com.glance.datamanagement.tests.VerifyDataUploadPage</td>
<td><div><pre>org.openqa.selenium.NoSuchElementException: no such element: Unable to locate element: {&quot;method&quot;:&quot;xpath&quot;,&quot;selector&quot;:&quot;//tbody&quot;}
  (Session info: chrome=55.0.2883.87)
  (Driver info: chromedriver=2.25.426923 (0390b88869384d6eb0d5d09729679f934aab9eed),platform=Windows NT 6.1.7601 SP1 x86_64) (WARNING: The server did not provide any stacktrace information)
Command duration or timeout: 10.04 seconds
For documentation on this error, please visit: http://seleniumhq.org/exceptions/no_such_element.html
Build info: version: &apos;3.0.1&apos;, revision: &apos;1969d75&apos;, time: &apos;2016-10-18 09:49:13 -0700&apos;
System info: host: &apos;CMDABKAREEM&apos;, ip: &apos;172.22.176.38&apos;, os.name: &apos;Windows 7&apos;, os.arch: &apos;amd64&apos;, os.version: &apos;6.1&apos;, java.version: &apos;1.8.0_111&apos;
Driver info: org.openqa.selenium.chrome.ChromeDriver
Capabilities [{applicationCacheEnabled=false, rotatable=false, mobileEmulationEnabled=false, networkConnectionEnabled=false, chrome={chromedriverVersion=2.25.426923 (0390b88869384d6eb0d5d09729679f934aab9eed), userDataDir=C:\Users\abkareem\AppData\Local\Temp\scoped_dir12124_14211}, takesHeapSnapshot=true, pageLoadStrategy=normal, databaseEnabled=false, handlesAlerts=true, hasTouchScreen=false, version=55.0.2883.87, platform=XP, browserConnectionEnabled=false, nativeEvents=true, acceptSslCerts=true, locationContextEnabled=true, webStorageEnabled=true, browserName=chrome, takesScreenshot=true, javascriptEnabled=true, cssSelectorsEnabled=true}]
Session ID: 1ce6ae31ec6d0a96fb46a9902df4bd9f
*** Element info: {Using=xpath, value=//tbody}
	at org.openqa.selenium.remote.ErrorHandler.createThrowable(ErrorHandler.java:216)
	at org.openqa.selenium.remote.ErrorHandler.throwIfResponseFailed(ErrorHandler.java:168)
	at org.openqa.selenium.remote.RemoteWebDriver.execute(RemoteWebDriver.java:635)
	at org.openqa.selenium.remote.RemoteWebDriver.findElement(RemoteWebDriver.java:368)
	at org.openqa.selenium.remote.RemoteWebDriver.findElementByXPath(RemoteWebDriver.java:473)
	at org.openqa.selenium.By$ByXPath.findElement(By.java:361)
	at org.openqa.selenium.remote.RemoteWebDriver.findElement(RemoteWebDriver.java:360)
	at com.glance.pageobjects.datamanagement.DataDeleteUpdatePage.verifyReordExist(DataDeleteUpdatePage.java:285)
	at com.glance.datamanagement.tests.VerifyDataUploadPage.GL_Settings_DU_42_1(VerifyDataUploadPage.java:66)
... Removed 28 stack frames</pre></div><a href='#' onClick='toggleBox("stack-trace609879567", this, "Click to show all stack frames", "Click to hide stack frames")'>Click to show all stack frames</a>
<div class='stack-trace' id='stack-trace609879567'><pre>org.openqa.selenium.NoSuchElementException: no such element: Unable to locate element: {&quot;method&quot;:&quot;xpath&quot;,&quot;selector&quot;:&quot;//tbody&quot;}
  (Session info: chrome=55.0.2883.87)
  (Driver info: chromedriver=2.25.426923 (0390b88869384d6eb0d5d09729679f934aab9eed),platform=Windows NT 6.1.7601 SP1 x86_64) (WARNING: The server did not provide any stacktrace information)
Command duration or timeout: 10.04 seconds
For documentation on this error, please visit: http://seleniumhq.org/exceptions/no_such_element.html
Build info: version: &apos;3.0.1&apos;, revision: &apos;1969d75&apos;, time: &apos;2016-10-18 09:49:13 -0700&apos;
System info: host: &apos;CMDABKAREEM&apos;, ip: &apos;172.22.176.38&apos;, os.name: &apos;Windows 7&apos;, os.arch: &apos;amd64&apos;, os.version: &apos;6.1&apos;, java.version: &apos;1.8.0_111&apos;
Driver info: org.openqa.selenium.chrome.ChromeDriver
Capabilities [{applicationCacheEnabled=false, rotatable=false, mobileEmulationEnabled=false, networkConnectionEnabled=false, chrome={chromedriverVersion=2.25.426923 (0390b88869384d6eb0d5d09729679f934aab9eed), userDataDir=C:\Users\abkareem\AppData\Local\Temp\scoped_dir12124_14211}, takesHeapSnapshot=true, pageLoadStrategy=normal, databaseEnabled=false, handlesAlerts=true, hasTouchScreen=false, version=55.0.2883.87, platform=XP, browserConnectionEnabled=false, nativeEvents=true, acceptSslCerts=true, locationContextEnabled=true, webStorageEnabled=true, browserName=chrome, takesScreenshot=true, javascriptEnabled=true, cssSelectorsEnabled=true}]
Session ID: 1ce6ae31ec6d0a96fb46a9902df4bd9f
*** Element info: {Using=xpath, value=//tbody}
	at sun.reflect.GeneratedConstructorAccessor15.newInstance(Unknown Source)
	at sun.reflect.DelegatingConstructorAccessorImpl.newInstance(DelegatingConstructorAccessorImpl.java:45)
	at java.lang.reflect.Constructor.newInstance(Constructor.java:423)
	at org.openqa.selenium.remote.ErrorHandler.createThrowable(ErrorHandler.java:216)
	at org.openqa.selenium.remote.ErrorHandler.throwIfResponseFailed(ErrorHandler.java:168)
	at org.openqa.selenium.remote.RemoteWebDriver.execute(RemoteWebDriver.java:635)
	at org.openqa.selenium.remote.RemoteWebDriver.findElement(RemoteWebDriver.java:368)
	at org.openqa.selenium.remote.RemoteWebDriver.findElementByXPath(RemoteWebDriver.java:473)
	at org.openqa.selenium.By$ByXPath.findElement(By.java:361)
	at org.openqa.selenium.remote.RemoteWebDriver.findElement(RemoteWebDriver.java:360)
	at com.glance.pageobjects.datamanagement.DataDeleteUpdatePage.verifyReordExist(DataDeleteUpdatePage.java:285)
	at com.glance.datamanagement.tests.VerifyDataUploadPage.GL_Settings_DU_42_1(VerifyDataUploadPage.java:66)
	at sun.reflect.NativeMethodAccessorImpl.invoke0(Native Method)
	at sun.reflect.NativeMethodAccessorImpl.invoke(NativeMethodAccessorImpl.java:62)
	at sun.reflect.DelegatingMethodAccessorImpl.invoke(DelegatingMethodAccessorImpl.java:43)
	at java.lang.reflect.Method.invoke(Method.java:498)
	at org.testng.internal.MethodInvocationHelper.invokeMethod(MethodInvocationHelper.java:100)
	at org.testng.internal.Invoker.invokeMethod(Invoker.java:646)
	at org.testng.internal.Invoker.invokeTestMethod(Invoker.java:811)
	at org.testng.internal.Invoker.invokeTestMethods(Invoker.java:1129)
	at org.testng.internal.TestMethodWorker.invokeTestMethods(TestMethodWorker.java:129)
	at org.testng.internal.TestMethodWorker.run(TestMethodWorker.java:112)
	at org.testng.TestRunner.privateRun(TestRunner.java:746)
	at org.testng.TestRunner.run(TestRunner.java:600)
	at org.testng.SuiteRunner.runTest(SuiteRunner.java:366)
	at org.testng.SuiteRunner.runSequentially(SuiteRunner.java:361)
	at org.testng.SuiteRunner.privateRun(SuiteRunner.java:319)
	at org.testng.SuiteRunner.run(SuiteRunner.java:268)
	at org.testng.SuiteRunnerWorker.runSuite(SuiteRunnerWorker.java:52)
	at org.testng.SuiteRunnerWorker.run(SuiteRunnerWorker.java:86)
	at org.testng.TestNG.runSuitesSequentially(TestNG.java:1264)
	at org.testng.TestNG.runSuitesLocally(TestNG.java:1189)
	at org.testng.TestNG.runSuites(TestNG.java:1104)
	at org.testng.TestNG.run(TestNG.java:1076)
	at org.testng.remote.AbstractRemoteTestNG.run(AbstractRemoteTestNG.java:126)
	at org.testng.remote.RemoteTestNG.initAndRun(RemoteTestNG.java:152)
	at org.testng.remote.RemoteTestNG.main(RemoteTestNG.java:57)
</pre></div></td>
<td>10</td>
<td>com.glance.datamanagement.tests.VerifyDataUploadPage@13805618</td></tr>
<tr>
<td title='com.glance.datamanagement.tests.VerifyDataUploadPage.GL_Settings_DU_42_3()'><b>GL_Settings_DU_42_3</b><br>Test class: com.glance.datamanagement.tests.VerifyDataUploadPage</td>
<td><div><pre>java.io.IOException: Cannot run program &quot;C:\Poornima\Glance\Glance&quot;: CreateProcess error=2, The system cannot find the file specified
	at java.lang.ProcessBuilder.start(ProcessBuilder.java:1048)
	at java.lang.Runtime.exec(Runtime.java:620)
	at java.lang.Runtime.exec(Runtime.java:450)
	at java.lang.Runtime.exec(Runtime.java:347)
	at com.glance.datamanagement.tests.VerifyDataUploadPage.GL_Settings_DU_42_3(VerifyDataUploadPage.java:122)
Caused by: java.io.IOException: CreateProcess error=2, The system cannot find the file specified
	at java.lang.ProcessImpl.create(Native Method)
	at java.lang.ProcessImpl.&lt;init&gt;(ProcessImpl.java:386)
	at java.lang.ProcessImpl.start(ProcessImpl.java:137)
	at java.lang.ProcessBuilder.start(ProcessBuilder.java:1029)
	... 29 more
... Removed 25 stack frames</pre></div><a href='#' onClick='toggleBox("stack-trace5021240", this, "Click to show all stack frames", "Click to hide stack frames")'>Click to show all stack frames</a>
<div class='stack-trace' id='stack-trace5021240'><pre>java.io.IOException: Cannot run program &quot;C:\Poornima\Glance\Glance&quot;: CreateProcess error=2, The system cannot find the file specified
	at java.lang.ProcessBuilder.start(ProcessBuilder.java:1048)
	at java.lang.Runtime.exec(Runtime.java:620)
	at java.lang.Runtime.exec(Runtime.java:450)
	at java.lang.Runtime.exec(Runtime.java:347)
	at com.glance.datamanagement.tests.VerifyDataUploadPage.GL_Settings_DU_42_3(VerifyDataUploadPage.java:122)
	at sun.reflect.NativeMethodAccessorImpl.invoke0(Native Method)
	at sun.reflect.NativeMethodAccessorImpl.invoke(NativeMethodAccessorImpl.java:62)
	at sun.reflect.DelegatingMethodAccessorImpl.invoke(DelegatingMethodAccessorImpl.java:43)
	at java.lang.reflect.Method.invoke(Method.java:498)
	at org.testng.internal.MethodInvocationHelper.invokeMethod(MethodInvocationHelper.java:100)
	at org.testng.internal.Invoker.invokeMethod(Invoker.java:646)
	at org.testng.internal.Invoker.invokeTestMethod(Invoker.java:811)
	at org.testng.internal.Invoker.invokeTestMethods(Invoker.java:1129)
	at org.testng.internal.TestMethodWorker.invokeTestMethods(TestMethodWorker.java:129)
	at org.testng.internal.TestMethodWorker.run(TestMethodWorker.java:112)
	at org.testng.TestRunner.privateRun(TestRunner.java:746)
	at org.testng.TestRunner.run(TestRunner.java:600)
	at org.testng.SuiteRunner.runTest(SuiteRunner.java:366)
	at org.testng.SuiteRunner.runSequentially(SuiteRunner.java:361)
	at org.testng.SuiteRunner.privateRun(SuiteRunner.java:319)
	at org.testng.SuiteRunner.run(SuiteRunner.java:268)
	at org.testng.SuiteRunnerWorker.runSuite(SuiteRunnerWorker.java:52)
	at org.testng.SuiteRunnerWorker.run(SuiteRunnerWorker.java:86)
	at org.testng.TestNG.runSuitesSequentially(TestNG.java:1264)
	at org.testng.TestNG.runSuitesLocally(TestNG.java:1189)
	at org.testng.TestNG.runSuites(TestNG.java:1104)
	at org.testng.TestNG.run(TestNG.java:1076)
	at org.testng.remote.AbstractRemoteTestNG.run(AbstractRemoteTestNG.java:126)
	at org.testng.remote.RemoteTestNG.initAndRun(RemoteTestNG.java:152)
	at org.testng.remote.RemoteTestNG.main(RemoteTestNG.java:57)
Caused by: java.io.IOException: CreateProcess error=2, The system cannot find the file specified
	at java.lang.ProcessImpl.create(Native Method)
	at java.lang.ProcessImpl.&lt;init&gt;(ProcessImpl.java:386)
	at java.lang.ProcessImpl.start(ProcessImpl.java:137)
	at java.lang.ProcessBuilder.start(ProcessBuilder.java:1029)
	... 29 more
</pre></div></td>
<td>0</td>
<td>com.glance.datamanagement.tests.VerifyDataUploadPage@13805618</td></tr>
<tr>
<td title='com.glance.usermanagement.tests.VerifyManageGroup.GL_Settings_MG_80()'><b>GL_Settings_MG_80</b><br>Test class: com.glance.usermanagement.tests.VerifyManageGroup</td>
<td><div><pre>java.io.IOException: Cannot run program &quot;C:\GlanceProject\GlanceAutomationTests\GroupImageUpload.exe&quot;: CreateProcess error=2, The system cannot find the file specified
	at java.lang.ProcessBuilder.start(ProcessBuilder.java:1048)
	at java.lang.Runtime.exec(Runtime.java:620)
	at java.lang.Runtime.exec(Runtime.java:450)
	at java.lang.Runtime.exec(Runtime.java:347)
	at com.glance.usermanagement.tests.VerifyManageGroup.GL_Settings_MG_80(VerifyManageGroup.java:50)
Caused by: java.io.IOException: CreateProcess error=2, The system cannot find the file specified
	at java.lang.ProcessImpl.create(Native Method)
	at java.lang.ProcessImpl.&lt;init&gt;(ProcessImpl.java:386)
	at java.lang.ProcessImpl.start(ProcessImpl.java:137)
	at java.lang.ProcessBuilder.start(ProcessBuilder.java:1029)
	... 29 more
... Removed 25 stack frames</pre></div><a href='#' onClick='toggleBox("stack-trace1063801186", this, "Click to show all stack frames", "Click to hide stack frames")'>Click to show all stack frames</a>
<div class='stack-trace' id='stack-trace1063801186'><pre>java.io.IOException: Cannot run program &quot;C:\GlanceProject\GlanceAutomationTests\GroupImageUpload.exe&quot;: CreateProcess error=2, The system cannot find the file specified
	at java.lang.ProcessBuilder.start(ProcessBuilder.java:1048)
	at java.lang.Runtime.exec(Runtime.java:620)
	at java.lang.Runtime.exec(Runtime.java:450)
	at java.lang.Runtime.exec(Runtime.java:347)
	at com.glance.usermanagement.tests.VerifyManageGroup.GL_Settings_MG_80(VerifyManageGroup.java:50)
	at sun.reflect.NativeMethodAccessorImpl.invoke0(Native Method)
	at sun.reflect.NativeMethodAccessorImpl.invoke(NativeMethodAccessorImpl.java:62)
	at sun.reflect.DelegatingMethodAccessorImpl.invoke(DelegatingMethodAccessorImpl.java:43)
	at java.lang.reflect.Method.invoke(Method.java:498)
	at org.testng.internal.MethodInvocationHelper.invokeMethod(MethodInvocationHelper.java:100)
	at org.testng.internal.Invoker.invokeMethod(Invoker.java:646)
	at org.testng.internal.Invoker.invokeTestMethod(Invoker.java:811)
	at org.testng.internal.Invoker.invokeTestMethods(Invoker.java:1129)
	at org.testng.internal.TestMethodWorker.invokeTestMethods(TestMethodWorker.java:129)
	at org.testng.internal.TestMethodWorker.run(TestMethodWorker.java:112)
	at org.testng.TestRunner.privateRun(TestRunner.java:746)
	at org.testng.TestRunner.run(TestRunner.java:600)
	at org.testng.SuiteRunner.runTest(SuiteRunner.java:366)
	at org.testng.SuiteRunner.runSequentially(SuiteRunner.java:361)
	at org.testng.SuiteRunner.privateRun(SuiteRunner.java:319)
	at org.testng.SuiteRunner.run(SuiteRunner.java:268)
	at org.testng.SuiteRunnerWorker.runSuite(SuiteRunnerWorker.java:52)
	at org.testng.SuiteRunnerWorker.run(SuiteRunnerWorker.java:86)
	at org.testng.TestNG.runSuitesSequentially(TestNG.java:1264)
	at org.testng.TestNG.runSuitesLocally(TestNG.java:1189)
	at org.testng.TestNG.runSuites(TestNG.java:1104)
	at org.testng.TestNG.run(TestNG.java:1076)
	at org.testng.remote.AbstractRemoteTestNG.run(AbstractRemoteTestNG.java:126)
	at org.testng.remote.RemoteTestNG.initAndRun(RemoteTestNG.java:152)
	at org.testng.remote.RemoteTestNG.main(RemoteTestNG.java:57)
Caused by: java.io.IOException: CreateProcess error=2, The system cannot find the file specified
	at java.lang.ProcessImpl.create(Native Method)
	at java.lang.ProcessImpl.&lt;init&gt;(ProcessImpl.java:386)
	at java.lang.ProcessImpl.start(ProcessImpl.java:137)
	at java.lang.ProcessBuilder.start(ProcessBuilder.java:1029)
	... 29 more
</pre></div></td>
<td>8</td>
<td>com.glance.usermanagement.tests.VerifyManageGroup@4bec1f0c</td></tr>
<tr>
<td title='com.glance.usermanagement.tests.VerifyManageGroup.GL_Settings_MG_83()'><b>GL_Settings_MG_83</b><br>Test class: com.glance.usermanagement.tests.VerifyManageGroup</td>
<td><div><pre>java.lang.AssertionError: expected [true] but found [false]
	at com.glance.usermanagement.tests.VerifyManageGroup.GL_Settings_MG_83(VerifyManageGroup.java:169)
... Removed 29 stack frames</pre></div><a href='#' onClick='toggleBox("stack-trace2013332834", this, "Click to show all stack frames", "Click to hide stack frames")'>Click to show all stack frames</a>
<div class='stack-trace' id='stack-trace2013332834'><pre>java.lang.AssertionError: expected [true] but found [false]
	at org.testng.Assert.fail(Assert.java:94)
	at org.testng.Assert.failNotEquals(Assert.java:513)
	at org.testng.Assert.assertTrue(Assert.java:42)
	at org.testng.Assert.assertTrue(Assert.java:52)
	at com.glance.usermanagement.tests.VerifyManageGroup.GL_Settings_MG_83(VerifyManageGroup.java:169)
	at sun.reflect.NativeMethodAccessorImpl.invoke0(Native Method)
	at sun.reflect.NativeMethodAccessorImpl.invoke(NativeMethodAccessorImpl.java:62)
	at sun.reflect.DelegatingMethodAccessorImpl.invoke(DelegatingMethodAccessorImpl.java:43)
	at java.lang.reflect.Method.invoke(Method.java:498)
	at org.testng.internal.MethodInvocationHelper.invokeMethod(MethodInvocationHelper.java:100)
	at org.testng.internal.Invoker.invokeMethod(Invoker.java:646)
	at org.testng.internal.Invoker.invokeTestMethod(Invoker.java:811)
	at org.testng.internal.Invoker.invokeTestMethods(Invoker.java:1129)
	at org.testng.internal.TestMethodWorker.invokeTestMethods(TestMethodWorker.java:129)
	at org.testng.internal.TestMethodWorker.run(TestMethodWorker.java:112)
	at org.testng.TestRunner.privateRun(TestRunner.java:746)
	at org.testng.TestRunner.run(TestRunner.java:600)
	at org.testng.SuiteRunner.runTest(SuiteRunner.java:366)
	at org.testng.SuiteRunner.runSequentially(SuiteRunner.java:361)
	at org.testng.SuiteRunner.privateRun(SuiteRunner.java:319)
	at org.testng.SuiteRunner.run(SuiteRunner.java:268)
	at org.testng.SuiteRunnerWorker.runSuite(SuiteRunnerWorker.java:52)
	at org.testng.SuiteRunnerWorker.run(SuiteRunnerWorker.java:86)
	at org.testng.TestNG.runSuitesSequentially(TestNG.java:1264)
	at org.testng.TestNG.runSuitesLocally(TestNG.java:1189)
	at org.testng.TestNG.runSuites(TestNG.java:1104)
	at org.testng.TestNG.run(TestNG.java:1076)
	at org.testng.remote.AbstractRemoteTestNG.run(AbstractRemoteTestNG.java:126)
	at org.testng.remote.RemoteTestNG.initAndRun(RemoteTestNG.java:152)
	at org.testng.remote.RemoteTestNG.main(RemoteTestNG.java:57)
</pre></div></td>
<td>15</td>
<td>com.glance.usermanagement.tests.VerifyManageGroup@4bec1f0c</td></tr>
<tr>
<td title='com.glance.usermanagement.tests.VerifyManageGroup.GL_Settings_MG_84()'><b>GL_Settings_MG_84</b><br>Test class: com.glance.usermanagement.tests.VerifyManageGroup</td>
<td><div><pre>java.lang.NullPointerException
	at java.lang.String.contains(String.java:2133)
	at com.glance.pageobjects.usermanagement.EditGroupPage.verifyUpdated(EditGroupPage.java:154)
	at com.glance.usermanagement.tests.VerifyManageGroup.GL_Settings_MG_84(VerifyManageGroup.java:202)
... Removed 25 stack frames</pre></div><a href='#' onClick='toggleBox("stack-trace1454366618", this, "Click to show all stack frames", "Click to hide stack frames")'>Click to show all stack frames</a>
<div class='stack-trace' id='stack-trace1454366618'><pre>java.lang.NullPointerException
	at java.lang.String.contains(String.java:2133)
	at com.glance.pageobjects.usermanagement.EditGroupPage.verifyUpdated(EditGroupPage.java:154)
	at com.glance.usermanagement.tests.VerifyManageGroup.GL_Settings_MG_84(VerifyManageGroup.java:202)
	at sun.reflect.NativeMethodAccessorImpl.invoke0(Native Method)
	at sun.reflect.NativeMethodAccessorImpl.invoke(NativeMethodAccessorImpl.java:62)
	at sun.reflect.DelegatingMethodAccessorImpl.invoke(DelegatingMethodAccessorImpl.java:43)
	at java.lang.reflect.Method.invoke(Method.java:498)
	at org.testng.internal.MethodInvocationHelper.invokeMethod(MethodInvocationHelper.java:100)
	at org.testng.internal.Invoker.invokeMethod(Invoker.java:646)
	at org.testng.internal.Invoker.invokeTestMethod(Invoker.java:811)
	at org.testng.internal.Invoker.invokeTestMethods(Invoker.java:1129)
	at org.testng.internal.TestMethodWorker.invokeTestMethods(TestMethodWorker.java:129)
	at org.testng.internal.TestMethodWorker.run(TestMethodWorker.java:112)
	at org.testng.TestRunner.privateRun(TestRunner.java:746)
	at org.testng.TestRunner.run(TestRunner.java:600)
	at org.testng.SuiteRunner.runTest(SuiteRunner.java:366)
	at org.testng.SuiteRunner.runSequentially(SuiteRunner.java:361)
	at org.testng.SuiteRunner.privateRun(SuiteRunner.java:319)
	at org.testng.SuiteRunner.run(SuiteRunner.java:268)
	at org.testng.SuiteRunnerWorker.runSuite(SuiteRunnerWorker.java:52)
	at org.testng.SuiteRunnerWorker.run(SuiteRunnerWorker.java:86)
	at org.testng.TestNG.runSuitesSequentially(TestNG.java:1264)
	at org.testng.TestNG.runSuitesLocally(TestNG.java:1189)
	at org.testng.TestNG.runSuites(TestNG.java:1104)
	at org.testng.TestNG.run(TestNG.java:1076)
	at org.testng.remote.AbstractRemoteTestNG.run(AbstractRemoteTestNG.java:126)
	at org.testng.remote.RemoteTestNG.initAndRun(RemoteTestNG.java:152)
	at org.testng.remote.RemoteTestNG.main(RemoteTestNG.java:57)
</pre></div></td>
<td>60</td>
<td>com.glance.usermanagement.tests.VerifyManageGroup@4bec1f0c</td></tr>
<tr>
<td title='com.glance.usermanagement.tests.VerifyManageGroup.GL_Settings_MG_85()'><b>GL_Settings_MG_85</b><br>Test class: com.glance.usermanagement.tests.VerifyManageGroup</td>
<td><div><pre>java.lang.AssertionError: expected [true] but found [false]
	at com.glance.usermanagement.tests.VerifyManageGroup.GL_Settings_MG_85(VerifyManageGroup.java:234)
... Removed 29 stack frames</pre></div><a href='#' onClick='toggleBox("stack-trace538375433", this, "Click to show all stack frames", "Click to hide stack frames")'>Click to show all stack frames</a>
<div class='stack-trace' id='stack-trace538375433'><pre>java.lang.AssertionError: expected [true] but found [false]
	at org.testng.Assert.fail(Assert.java:94)
	at org.testng.Assert.failNotEquals(Assert.java:513)
	at org.testng.Assert.assertTrue(Assert.java:42)
	at org.testng.Assert.assertTrue(Assert.java:52)
	at com.glance.usermanagement.tests.VerifyManageGroup.GL_Settings_MG_85(VerifyManageGroup.java:234)
	at sun.reflect.NativeMethodAccessorImpl.invoke0(Native Method)
	at sun.reflect.NativeMethodAccessorImpl.invoke(NativeMethodAccessorImpl.java:62)
	at sun.reflect.DelegatingMethodAccessorImpl.invoke(DelegatingMethodAccessorImpl.java:43)
	at java.lang.reflect.Method.invoke(Method.java:498)
	at org.testng.internal.MethodInvocationHelper.invokeMethod(MethodInvocationHelper.java:100)
	at org.testng.internal.Invoker.invokeMethod(Invoker.java:646)
	at org.testng.internal.Invoker.invokeTestMethod(Invoker.java:811)
	at org.testng.internal.Invoker.invokeTestMethods(Invoker.java:1129)
	at org.testng.internal.TestMethodWorker.invokeTestMethods(TestMethodWorker.java:129)
	at org.testng.internal.TestMethodWorker.run(TestMethodWorker.java:112)
	at org.testng.TestRunner.privateRun(TestRunner.java:746)
	at org.testng.TestRunner.run(TestRunner.java:600)
	at org.testng.SuiteRunner.runTest(SuiteRunner.java:366)
	at org.testng.SuiteRunner.runSequentially(SuiteRunner.java:361)
	at org.testng.SuiteRunner.privateRun(SuiteRunner.java:319)
	at org.testng.SuiteRunner.run(SuiteRunner.java:268)
	at org.testng.SuiteRunnerWorker.runSuite(SuiteRunnerWorker.java:52)
	at org.testng.SuiteRunnerWorker.run(SuiteRunnerWorker.java:86)
	at org.testng.TestNG.runSuitesSequentially(TestNG.java:1264)
	at org.testng.TestNG.runSuitesLocally(TestNG.java:1189)
	at org.testng.TestNG.runSuites(TestNG.java:1104)
	at org.testng.TestNG.run(TestNG.java:1076)
	at org.testng.remote.AbstractRemoteTestNG.run(AbstractRemoteTestNG.java:126)
	at org.testng.remote.RemoteTestNG.initAndRun(RemoteTestNG.java:152)
	at org.testng.remote.RemoteTestNG.main(RemoteTestNG.java:57)
</pre></div></td>
<td>47</td>
<td>com.glance.usermanagement.tests.VerifyManageGroup@4bec1f0c</td></tr>
<tr>
<td title='com.glance.usermanagement.tests.VerifyManageGroup.GL_Settings_MG_86()'><b>GL_Settings_MG_86</b><br>Test class: com.glance.usermanagement.tests.VerifyManageGroup</td>
<td><div><pre>java.lang.NullPointerException
	at java.lang.String.contains(String.java:2133)
	at com.glance.pageobjects.usermanagement.ManageGroupPage.verifyDeleted(ManageGroupPage.java:295)
	at com.glance.usermanagement.tests.VerifyManageGroup.GL_Settings_MG_86(VerifyManageGroup.java:263)
... Removed 25 stack frames</pre></div><a href='#' onClick='toggleBox("stack-trace1905548224", this, "Click to show all stack frames", "Click to hide stack frames")'>Click to show all stack frames</a>
<div class='stack-trace' id='stack-trace1905548224'><pre>java.lang.NullPointerException
	at java.lang.String.contains(String.java:2133)
	at com.glance.pageobjects.usermanagement.ManageGroupPage.verifyDeleted(ManageGroupPage.java:295)
	at com.glance.usermanagement.tests.VerifyManageGroup.GL_Settings_MG_86(VerifyManageGroup.java:263)
	at sun.reflect.NativeMethodAccessorImpl.invoke0(Native Method)
	at sun.reflect.NativeMethodAccessorImpl.invoke(NativeMethodAccessorImpl.java:62)
	at sun.reflect.DelegatingMethodAccessorImpl.invoke(DelegatingMethodAccessorImpl.java:43)
	at java.lang.reflect.Method.invoke(Method.java:498)
	at org.testng.internal.MethodInvocationHelper.invokeMethod(MethodInvocationHelper.java:100)
	at org.testng.internal.Invoker.invokeMethod(Invoker.java:646)
	at org.testng.internal.Invoker.invokeTestMethod(Invoker.java:811)
	at org.testng.internal.Invoker.invokeTestMethods(Invoker.java:1129)
	at org.testng.internal.TestMethodWorker.invokeTestMethods(TestMethodWorker.java:129)
	at org.testng.internal.TestMethodWorker.run(TestMethodWorker.java:112)
	at org.testng.TestRunner.privateRun(TestRunner.java:746)
	at org.testng.TestRunner.run(TestRunner.java:600)
	at org.testng.SuiteRunner.runTest(SuiteRunner.java:366)
	at org.testng.SuiteRunner.runSequentially(SuiteRunner.java:361)
	at org.testng.SuiteRunner.privateRun(SuiteRunner.java:319)
	at org.testng.SuiteRunner.run(SuiteRunner.java:268)
	at org.testng.SuiteRunnerWorker.runSuite(SuiteRunnerWorker.java:52)
	at org.testng.SuiteRunnerWorker.run(SuiteRunnerWorker.java:86)
	at org.testng.TestNG.runSuitesSequentially(TestNG.java:1264)
	at org.testng.TestNG.runSuitesLocally(TestNG.java:1189)
	at org.testng.TestNG.runSuites(TestNG.java:1104)
	at org.testng.TestNG.run(TestNG.java:1076)
	at org.testng.remote.AbstractRemoteTestNG.run(AbstractRemoteTestNG.java:126)
	at org.testng.remote.RemoteTestNG.initAndRun(RemoteTestNG.java:152)
	at org.testng.remote.RemoteTestNG.main(RemoteTestNG.java:57)
</pre></div></td>
<td>43</td>
<td>com.glance.usermanagement.tests.VerifyManageGroup@4bec1f0c</td></tr>
<tr>
<td title='com.glance.userlogin.tests.VerifyProfileUpdatePage.GL_Settings_PU_93()'><b>GL_Settings_PU_93</b><br>Test class: com.glance.userlogin.tests.VerifyProfileUpdatePage</td>
<td><div><pre>java.lang.AssertionError: expected [true] but found [false]
	at com.glance.userlogin.tests.VerifyProfileUpdatePage.GL_Settings_PU_93(VerifyProfileUpdatePage.java:162)
... Removed 29 stack frames</pre></div><a href='#' onClick='toggleBox("stack-trace1021656938", this, "Click to show all stack frames", "Click to hide stack frames")'>Click to show all stack frames</a>
<div class='stack-trace' id='stack-trace1021656938'><pre>java.lang.AssertionError: expected [true] but found [false]
	at org.testng.Assert.fail(Assert.java:94)
	at org.testng.Assert.failNotEquals(Assert.java:513)
	at org.testng.Assert.assertTrue(Assert.java:42)
	at org.testng.Assert.assertTrue(Assert.java:52)
	at com.glance.userlogin.tests.VerifyProfileUpdatePage.GL_Settings_PU_93(VerifyProfileUpdatePage.java:162)
	at sun.reflect.NativeMethodAccessorImpl.invoke0(Native Method)
	at sun.reflect.NativeMethodAccessorImpl.invoke(NativeMethodAccessorImpl.java:62)
	at sun.reflect.DelegatingMethodAccessorImpl.invoke(DelegatingMethodAccessorImpl.java:43)
	at java.lang.reflect.Method.invoke(Method.java:498)
	at org.testng.internal.MethodInvocationHelper.invokeMethod(MethodInvocationHelper.java:100)
	at org.testng.internal.Invoker.invokeMethod(Invoker.java:646)
	at org.testng.internal.Invoker.invokeTestMethod(Invoker.java:811)
	at org.testng.internal.Invoker.invokeTestMethods(Invoker.java:1129)
	at org.testng.internal.TestMethodWorker.invokeTestMethods(TestMethodWorker.java:129)
	at org.testng.internal.TestMethodWorker.run(TestMethodWorker.java:112)
	at org.testng.TestRunner.privateRun(TestRunner.java:746)
	at org.testng.TestRunner.run(TestRunner.java:600)
	at org.testng.SuiteRunner.runTest(SuiteRunner.java:366)
	at org.testng.SuiteRunner.runSequentially(SuiteRunner.java:361)
	at org.testng.SuiteRunner.privateRun(SuiteRunner.java:319)
	at org.testng.SuiteRunner.run(SuiteRunner.java:268)
	at org.testng.SuiteRunnerWorker.runSuite(SuiteRunnerWorker.java:52)
	at org.testng.SuiteRunnerWorker.run(SuiteRunnerWorker.java:86)
	at org.testng.TestNG.runSuitesSequentially(TestNG.java:1264)
	at org.testng.TestNG.runSuitesLocally(TestNG.java:1189)
	at org.testng.TestNG.runSuites(TestNG.java:1104)
	at org.testng.TestNG.run(TestNG.java:1076)
	at org.testng.remote.AbstractRemoteTestNG.run(AbstractRemoteTestNG.java:126)
	at org.testng.remote.RemoteTestNG.initAndRun(RemoteTestNG.java:152)
	at org.testng.remote.RemoteTestNG.main(RemoteTestNG.java:57)
</pre></div></td>
<td>15</td>
<td>com.glance.userlogin.tests.VerifyProfileUpdatePage@25bbe1b6</td></tr>
<tr>
<td title='com.glance.userlogin.tests.VerifyProfileUpdatePage.GL_Settings_PU_94()'><b>GL_Settings_PU_94</b><br>Test class: com.glance.userlogin.tests.VerifyProfileUpdatePage</td>
<td><div><pre>java.lang.AssertionError: expected [true] but found [false]
	at com.glance.userlogin.tests.VerifyProfileUpdatePage.GL_Settings_PU_94(VerifyProfileUpdatePage.java:230)
... Removed 29 stack frames</pre></div><a href='#' onClick='toggleBox("stack-trace8268900", this, "Click to show all stack frames", "Click to hide stack frames")'>Click to show all stack frames</a>
<div class='stack-trace' id='stack-trace8268900'><pre>java.lang.AssertionError: expected [true] but found [false]
	at org.testng.Assert.fail(Assert.java:94)
	at org.testng.Assert.failNotEquals(Assert.java:513)
	at org.testng.Assert.assertTrue(Assert.java:42)
	at org.testng.Assert.assertTrue(Assert.java:52)
	at com.glance.userlogin.tests.VerifyProfileUpdatePage.GL_Settings_PU_94(VerifyProfileUpdatePage.java:230)
	at sun.reflect.NativeMethodAccessorImpl.invoke0(Native Method)
	at sun.reflect.NativeMethodAccessorImpl.invoke(NativeMethodAccessorImpl.java:62)
	at sun.reflect.DelegatingMethodAccessorImpl.invoke(DelegatingMethodAccessorImpl.java:43)
	at java.lang.reflect.Method.invoke(Method.java:498)
	at org.testng.internal.MethodInvocationHelper.invokeMethod(MethodInvocationHelper.java:100)
	at org.testng.internal.Invoker.invokeMethod(Invoker.java:646)
	at org.testng.internal.Invoker.invokeTestMethod(Invoker.java:811)
	at org.testng.internal.Invoker.invokeTestMethods(Invoker.java:1129)
	at org.testng.internal.TestMethodWorker.invokeTestMethods(TestMethodWorker.java:129)
	at org.testng.internal.TestMethodWorker.run(TestMethodWorker.java:112)
	at org.testng.TestRunner.privateRun(TestRunner.java:746)
	at org.testng.TestRunner.run(TestRunner.java:600)
	at org.testng.SuiteRunner.runTest(SuiteRunner.java:366)
	at org.testng.SuiteRunner.runSequentially(SuiteRunner.java:361)
	at org.testng.SuiteRunner.privateRun(SuiteRunner.java:319)
	at org.testng.SuiteRunner.run(SuiteRunner.java:268)
	at org.testng.SuiteRunnerWorker.runSuite(SuiteRunnerWorker.java:52)
	at org.testng.SuiteRunnerWorker.run(SuiteRunnerWorker.java:86)
	at org.testng.TestNG.runSuitesSequentially(TestNG.java:1264)
	at org.testng.TestNG.runSuitesLocally(TestNG.java:1189)
	at org.testng.TestNG.runSuites(TestNG.java:1104)
	at org.testng.TestNG.run(TestNG.java:1076)
	at org.testng.remote.AbstractRemoteTestNG.run(AbstractRemoteTestNG.java:126)
	at org.testng.remote.RemoteTestNG.initAndRun(RemoteTestNG.java:152)
	at org.testng.remote.RemoteTestNG.main(RemoteTestNG.java:57)
</pre></div></td>
<td>45</td>
<td>com.glance.userlogin.tests.VerifyProfileUpdatePage@25bbe1b6</td></tr>
<tr>
<td title='com.glance.userlogin.tests.VerifyProfileUpdatePage.GL_Settings_PU_95()'><b>GL_Settings_PU_95</b><br>Test class: com.glance.userlogin.tests.VerifyProfileUpdatePage</td>
<td><div><pre>java.lang.AssertionError: expected [true] but found [false]
	at com.glance.userlogin.tests.VerifyProfileUpdatePage.GL_Settings_PU_95(VerifyProfileUpdatePage.java:314)
... Removed 29 stack frames</pre></div><a href='#' onClick='toggleBox("stack-trace538132628", this, "Click to show all stack frames", "Click to hide stack frames")'>Click to show all stack frames</a>
<div class='stack-trace' id='stack-trace538132628'><pre>java.lang.AssertionError: expected [true] but found [false]
	at org.testng.Assert.fail(Assert.java:94)
	at org.testng.Assert.failNotEquals(Assert.java:513)
	at org.testng.Assert.assertTrue(Assert.java:42)
	at org.testng.Assert.assertTrue(Assert.java:52)
	at com.glance.userlogin.tests.VerifyProfileUpdatePage.GL_Settings_PU_95(VerifyProfileUpdatePage.java:314)
	at sun.reflect.NativeMethodAccessorImpl.invoke0(Native Method)
	at sun.reflect.NativeMethodAccessorImpl.invoke(NativeMethodAccessorImpl.java:62)
	at sun.reflect.DelegatingMethodAccessorImpl.invoke(DelegatingMethodAccessorImpl.java:43)
	at java.lang.reflect.Method.invoke(Method.java:498)
	at org.testng.internal.MethodInvocationHelper.invokeMethod(MethodInvocationHelper.java:100)
	at org.testng.internal.Invoker.invokeMethod(Invoker.java:646)
	at org.testng.internal.Invoker.invokeTestMethod(Invoker.java:811)
	at org.testng.internal.Invoker.invokeTestMethods(Invoker.java:1129)
	at org.testng.internal.TestMethodWorker.invokeTestMethods(TestMethodWorker.java:129)
	at org.testng.internal.TestMethodWorker.run(TestMethodWorker.java:112)
	at org.testng.TestRunner.privateRun(TestRunner.java:746)
	at org.testng.TestRunner.run(TestRunner.java:600)
	at org.testng.SuiteRunner.runTest(SuiteRunner.java:366)
	at org.testng.SuiteRunner.runSequentially(SuiteRunner.java:361)
	at org.testng.SuiteRunner.privateRun(SuiteRunner.java:319)
	at org.testng.SuiteRunner.run(SuiteRunner.java:268)
	at org.testng.SuiteRunnerWorker.runSuite(SuiteRunnerWorker.java:52)
	at org.testng.SuiteRunnerWorker.run(SuiteRunnerWorker.java:86)
	at org.testng.TestNG.runSuitesSequentially(TestNG.java:1264)
	at org.testng.TestNG.runSuitesLocally(TestNG.java:1189)
	at org.testng.TestNG.runSuites(TestNG.java:1104)
	at org.testng.TestNG.run(TestNG.java:1076)
	at org.testng.remote.AbstractRemoteTestNG.run(AbstractRemoteTestNG.java:126)
	at org.testng.remote.RemoteTestNG.initAndRun(RemoteTestNG.java:152)
	at org.testng.remote.RemoteTestNG.main(RemoteTestNG.java:57)
</pre></div></td>
<td>20</td>
<td>com.glance.userlogin.tests.VerifyProfileUpdatePage@25bbe1b6</td></tr>
<tr>
<td title='com.glance.userlogin.tests.VerifyProfileUpdatePage.GL_Settings_PU_96()'><b>GL_Settings_PU_96</b><br>Test class: com.glance.userlogin.tests.VerifyProfileUpdatePage</td>
<td><div><pre>java.io.IOException: Cannot run program &quot;C:\Users\nhewawasam\Desktop\FileUpload.exe&quot;: CreateProcess error=2, The system cannot find the file specified
	at java.lang.ProcessBuilder.start(ProcessBuilder.java:1048)
	at java.lang.Runtime.exec(Runtime.java:620)
	at java.lang.Runtime.exec(Runtime.java:450)
	at java.lang.Runtime.exec(Runtime.java:347)
	at com.glance.userlogin.tests.VerifyProfileUpdatePage.GL_Settings_PU_96(VerifyProfileUpdatePage.java:365)
Caused by: java.io.IOException: CreateProcess error=2, The system cannot find the file specified
	at java.lang.ProcessImpl.create(Native Method)
	at java.lang.ProcessImpl.&lt;init&gt;(ProcessImpl.java:386)
	at java.lang.ProcessImpl.start(ProcessImpl.java:137)
	at java.lang.ProcessBuilder.start(ProcessBuilder.java:1029)
	... 29 more
... Removed 25 stack frames</pre></div><a href='#' onClick='toggleBox("stack-trace1276666395", this, "Click to show all stack frames", "Click to hide stack frames")'>Click to show all stack frames</a>
<div class='stack-trace' id='stack-trace1276666395'><pre>java.io.IOException: Cannot run program &quot;C:\Users\nhewawasam\Desktop\FileUpload.exe&quot;: CreateProcess error=2, The system cannot find the file specified
	at java.lang.ProcessBuilder.start(ProcessBuilder.java:1048)
	at java.lang.Runtime.exec(Runtime.java:620)
	at java.lang.Runtime.exec(Runtime.java:450)
	at java.lang.Runtime.exec(Runtime.java:347)
	at com.glance.userlogin.tests.VerifyProfileUpdatePage.GL_Settings_PU_96(VerifyProfileUpdatePage.java:365)
	at sun.reflect.NativeMethodAccessorImpl.invoke0(Native Method)
	at sun.reflect.NativeMethodAccessorImpl.invoke(NativeMethodAccessorImpl.java:62)
	at sun.reflect.DelegatingMethodAccessorImpl.invoke(DelegatingMethodAccessorImpl.java:43)
	at java.lang.reflect.Method.invoke(Method.java:498)
	at org.testng.internal.MethodInvocationHelper.invokeMethod(MethodInvocationHelper.java:100)
	at org.testng.internal.Invoker.invokeMethod(Invoker.java:646)
	at org.testng.internal.Invoker.invokeTestMethod(Invoker.java:811)
	at org.testng.internal.Invoker.invokeTestMethods(Invoker.java:1129)
	at org.testng.internal.TestMethodWorker.invokeTestMethods(TestMethodWorker.java:129)
	at org.testng.internal.TestMethodWorker.run(TestMethodWorker.java:112)
	at org.testng.TestRunner.privateRun(TestRunner.java:746)
	at org.testng.TestRunner.run(TestRunner.java:600)
	at org.testng.SuiteRunner.runTest(SuiteRunner.java:366)
	at org.testng.SuiteRunner.runSequentially(SuiteRunner.java:361)
	at org.testng.SuiteRunner.privateRun(SuiteRunner.java:319)
	at org.testng.SuiteRunner.run(SuiteRunner.java:268)
	at org.testng.SuiteRunnerWorker.runSuite(SuiteRunnerWorker.java:52)
	at org.testng.SuiteRunnerWorker.run(SuiteRunnerWorker.java:86)
	at org.testng.TestNG.runSuitesSequentially(TestNG.java:1264)
	at org.testng.TestNG.runSuitesLocally(TestNG.java:1189)
	at org.testng.TestNG.runSuites(TestNG.java:1104)
	at org.testng.TestNG.run(TestNG.java:1076)
	at org.testng.remote.AbstractRemoteTestNG.run(AbstractRemoteTestNG.java:126)
	at org.testng.remote.RemoteTestNG.initAndRun(RemoteTestNG.java:152)
	at org.testng.remote.RemoteTestNG.main(RemoteTestNG.java:57)
Caused by: java.io.IOException: CreateProcess error=2, The system cannot find the file specified
	at java.lang.ProcessImpl.create(Native Method)
	at java.lang.ProcessImpl.&lt;init&gt;(ProcessImpl.java:386)
	at java.lang.ProcessImpl.start(ProcessImpl.java:137)
	at java.lang.ProcessBuilder.start(ProcessBuilder.java:1029)
	... 29 more
</pre></div></td>
<td>5</td>
<td>com.glance.userlogin.tests.VerifyProfileUpdatePage@25bbe1b6</td></tr>
<tr>
<td title='com.glance.userlogin.tests.VerifyProfileUpdatePage.GL_Settings_PU_97()'><b>GL_Settings_PU_97</b><br>Test class: com.glance.userlogin.tests.VerifyProfileUpdatePage</td>
<td><div><pre>java.lang.AssertionError: expected [true] but found [false]
	at com.glance.userlogin.tests.VerifyProfileUpdatePage.GL_Settings_PU_97(VerifyProfileUpdatePage.java:403)
... Removed 29 stack frames</pre></div><a href='#' onClick='toggleBox("stack-trace1331654213", this, "Click to show all stack frames", "Click to hide stack frames")'>Click to show all stack frames</a>
<div class='stack-trace' id='stack-trace1331654213'><pre>java.lang.AssertionError: expected [true] but found [false]
	at org.testng.Assert.fail(Assert.java:94)
	at org.testng.Assert.failNotEquals(Assert.java:513)
	at org.testng.Assert.assertTrue(Assert.java:42)
	at org.testng.Assert.assertTrue(Assert.java:52)
	at com.glance.userlogin.tests.VerifyProfileUpdatePage.GL_Settings_PU_97(VerifyProfileUpdatePage.java:403)
	at sun.reflect.NativeMethodAccessorImpl.invoke0(Native Method)
	at sun.reflect.NativeMethodAccessorImpl.invoke(NativeMethodAccessorImpl.java:62)
	at sun.reflect.DelegatingMethodAccessorImpl.invoke(DelegatingMethodAccessorImpl.java:43)
	at java.lang.reflect.Method.invoke(Method.java:498)
	at org.testng.internal.MethodInvocationHelper.invokeMethod(MethodInvocationHelper.java:100)
	at org.testng.internal.Invoker.invokeMethod(Invoker.java:646)
	at org.testng.internal.Invoker.invokeTestMethod(Invoker.java:811)
	at org.testng.internal.Invoker.invokeTestMethods(Invoker.java:1129)
	at org.testng.internal.TestMethodWorker.invokeTestMethods(TestMethodWorker.java:129)
	at org.testng.internal.TestMethodWorker.run(TestMethodWorker.java:112)
	at org.testng.TestRunner.privateRun(TestRunner.java:746)
	at org.testng.TestRunner.run(TestRunner.java:600)
	at org.testng.SuiteRunner.runTest(SuiteRunner.java:366)
	at org.testng.SuiteRunner.runSequentially(SuiteRunner.java:361)
	at org.testng.SuiteRunner.privateRun(SuiteRunner.java:319)
	at org.testng.SuiteRunner.run(SuiteRunner.java:268)
	at org.testng.SuiteRunnerWorker.runSuite(SuiteRunnerWorker.java:52)
	at org.testng.SuiteRunnerWorker.run(SuiteRunnerWorker.java:86)
	at org.testng.TestNG.runSuitesSequentially(TestNG.java:1264)
	at org.testng.TestNG.runSuitesLocally(TestNG.java:1189)
	at org.testng.TestNG.runSuites(TestNG.java:1104)
	at org.testng.TestNG.run(TestNG.java:1076)
	at org.testng.remote.AbstractRemoteTestNG.run(AbstractRemoteTestNG.java:126)
	at org.testng.remote.RemoteTestNG.initAndRun(RemoteTestNG.java:152)
	at org.testng.remote.RemoteTestNG.main(RemoteTestNG.java:57)
</pre></div></td>
<td>15</td>
<td>com.glance.userlogin.tests.VerifyProfileUpdatePage@25bbe1b6</td></tr>
<tr>
<td title='com.glance.userlogin.tests.VerifySettingsPage.GL_Settings_SD_100_verifySessionDump()'><b>GL_Settings_SD_100_verifySessionDump</b><br>Test class: com.glance.userlogin.tests.VerifySettingsPage</td>
<td><div><pre>java.lang.AssertionError: expected [true] but found [false]
	at com.glance.userlogin.tests.VerifySettingsPage.GL_Settings_SD_100_verifySessionDump(VerifySettingsPage.java:266)
... Removed 29 stack frames</pre></div><a href='#' onClick='toggleBox("stack-trace243596165", this, "Click to show all stack frames", "Click to hide stack frames")'>Click to show all stack frames</a>
<div class='stack-trace' id='stack-trace243596165'><pre>java.lang.AssertionError: expected [true] but found [false]
	at org.testng.Assert.fail(Assert.java:94)
	at org.testng.Assert.failNotEquals(Assert.java:513)
	at org.testng.Assert.assertTrue(Assert.java:42)
	at org.testng.Assert.assertTrue(Assert.java:52)
	at com.glance.userlogin.tests.VerifySettingsPage.GL_Settings_SD_100_verifySessionDump(VerifySettingsPage.java:266)
	at sun.reflect.NativeMethodAccessorImpl.invoke0(Native Method)
	at sun.reflect.NativeMethodAccessorImpl.invoke(NativeMethodAccessorImpl.java:62)
	at sun.reflect.DelegatingMethodAccessorImpl.invoke(DelegatingMethodAccessorImpl.java:43)
	at java.lang.reflect.Method.invoke(Method.java:498)
	at org.testng.internal.MethodInvocationHelper.invokeMethod(MethodInvocationHelper.java:100)
	at org.testng.internal.Invoker.invokeMethod(Invoker.java:646)
	at org.testng.internal.Invoker.invokeTestMethod(Invoker.java:811)
	at org.testng.internal.Invoker.invokeTestMethods(Invoker.java:1129)
	at org.testng.internal.TestMethodWorker.invokeTestMethods(TestMethodWorker.java:129)
	at org.testng.internal.TestMethodWorker.run(TestMethodWorker.java:112)
	at org.testng.TestRunner.privateRun(TestRunner.java:746)
	at org.testng.TestRunner.run(TestRunner.java:600)
	at org.testng.SuiteRunner.runTest(SuiteRunner.java:366)
	at org.testng.SuiteRunner.runSequentially(SuiteRunner.java:361)
	at org.testng.SuiteRunner.privateRun(SuiteRunner.java:319)
	at org.testng.SuiteRunner.run(SuiteRunner.java:268)
	at org.testng.SuiteRunnerWorker.runSuite(SuiteRunnerWorker.java:52)
	at org.testng.SuiteRunnerWorker.run(SuiteRunnerWorker.java:86)
	at org.testng.TestNG.runSuitesSequentially(TestNG.java:1264)
	at org.testng.TestNG.runSuitesLocally(TestNG.java:1189)
	at org.testng.TestNG.runSuites(TestNG.java:1104)
	at org.testng.TestNG.run(TestNG.java:1076)
	at org.testng.remote.AbstractRemoteTestNG.run(AbstractRemoteTestNG.java:126)
	at org.testng.remote.RemoteTestNG.initAndRun(RemoteTestNG.java:152)
	at org.testng.remote.RemoteTestNG.main(RemoteTestNG.java:57)
</pre></div></td>
<td>0</td>
<td>com.glance.userlogin.tests.VerifySettingsPage@5702b3b1</td></tr>
<tr>
<td title='com.glance.usermanagement.tests.ManageUser.GL_UM_08()'><b>GL_UM_08</b><br>Test class: com.glance.usermanagement.tests.ManageUser<br>Parameters: 11, 1</td>
<td><div><pre>java.lang.AssertionError: expected [1] but found [2]
	at com.glance.usermanagement.tests.ManageUser.GL_UM_08(ManageUser.java:55)
... Removed 31 stack frames</pre></div><a href='#' onClick='toggleBox("stack-trace2008547236", this, "Click to show all stack frames", "Click to hide stack frames")'>Click to show all stack frames</a>
<div class='stack-trace' id='stack-trace2008547236'><pre>java.lang.AssertionError: expected [1] but found [2]
	at org.testng.Assert.fail(Assert.java:94)
	at org.testng.Assert.failNotEquals(Assert.java:513)
	at org.testng.Assert.assertEqualsImpl(Assert.java:135)
	at org.testng.Assert.assertEquals(Assert.java:116)
	at org.testng.Assert.assertEquals(Assert.java:389)
	at org.testng.Assert.assertEquals(Assert.java:399)
	at com.glance.usermanagement.tests.ManageUser.GL_UM_08(ManageUser.java:55)
	at sun.reflect.NativeMethodAccessorImpl.invoke0(Native Method)
	at sun.reflect.NativeMethodAccessorImpl.invoke(NativeMethodAccessorImpl.java:62)
	at sun.reflect.DelegatingMethodAccessorImpl.invoke(DelegatingMethodAccessorImpl.java:43)
	at java.lang.reflect.Method.invoke(Method.java:498)
	at org.testng.internal.MethodInvocationHelper.invokeMethod(MethodInvocationHelper.java:100)
	at org.testng.internal.Invoker.invokeMethod(Invoker.java:646)
	at org.testng.internal.Invoker.invokeTestMethod(Invoker.java:811)
	at org.testng.internal.Invoker.invokeTestMethods(Invoker.java:1129)
	at org.testng.internal.TestMethodWorker.invokeTestMethods(TestMethodWorker.java:129)
	at org.testng.internal.TestMethodWorker.run(TestMethodWorker.java:112)
	at org.testng.TestRunner.privateRun(TestRunner.java:746)
	at org.testng.TestRunner.run(TestRunner.java:600)
	at org.testng.SuiteRunner.runTest(SuiteRunner.java:366)
	at org.testng.SuiteRunner.runSequentially(SuiteRunner.java:361)
	at org.testng.SuiteRunner.privateRun(SuiteRunner.java:319)
	at org.testng.SuiteRunner.run(SuiteRunner.java:268)
	at org.testng.SuiteRunnerWorker.runSuite(SuiteRunnerWorker.java:52)
	at org.testng.SuiteRunnerWorker.run(SuiteRunnerWorker.java:86)
	at org.testng.TestNG.runSuitesSequentially(TestNG.java:1264)
	at org.testng.TestNG.runSuitesLocally(TestNG.java:1189)
	at org.testng.TestNG.runSuites(TestNG.java:1104)
	at org.testng.TestNG.run(TestNG.java:1076)
	at org.testng.remote.AbstractRemoteTestNG.run(AbstractRemoteTestNG.java:126)
	at org.testng.remote.RemoteTestNG.initAndRun(RemoteTestNG.java:152)
	at org.testng.remote.RemoteTestNG.main(RemoteTestNG.java:57)
</pre></div></td>
<td>0</td>
<td>com.glance.usermanagement.tests.ManageUser@69ea3742</td></tr>
<tr>
<td title='com.glance.userlogin.tests.VerifyLoginPage.GL_login_03()'><b>GL_login_03</b><br>Test class: com.glance.userlogin.tests.VerifyLoginPage</td>
<td><div><pre>junit.framework.AssertionFailedError
	at junit.framework.Assert.fail(Assert.java:47)
	at junit.framework.Assert.assertTrue(Assert.java:20)
	at junit.framework.Assert.assertTrue(Assert.java:27)
	at com.glance.userlogin.tests.VerifyLoginPage.GL_login_03(VerifyLoginPage.java:106)
... Removed 25 stack frames</pre></div><a href='#' onClick='toggleBox("stack-trace1818592781", this, "Click to show all stack frames", "Click to hide stack frames")'>Click to show all stack frames</a>
<div class='stack-trace' id='stack-trace1818592781'><pre>junit.framework.AssertionFailedError
	at junit.framework.Assert.fail(Assert.java:47)
	at junit.framework.Assert.assertTrue(Assert.java:20)
	at junit.framework.Assert.assertTrue(Assert.java:27)
	at com.glance.userlogin.tests.VerifyLoginPage.GL_login_03(VerifyLoginPage.java:106)
	at sun.reflect.NativeMethodAccessorImpl.invoke0(Native Method)
	at sun.reflect.NativeMethodAccessorImpl.invoke(NativeMethodAccessorImpl.java:62)
	at sun.reflect.DelegatingMethodAccessorImpl.invoke(DelegatingMethodAccessorImpl.java:43)
	at java.lang.reflect.Method.invoke(Method.java:498)
	at org.testng.internal.MethodInvocationHelper.invokeMethod(MethodInvocationHelper.java:100)
	at org.testng.internal.Invoker.invokeMethod(Invoker.java:646)
	at org.testng.internal.Invoker.invokeTestMethod(Invoker.java:811)
	at org.testng.internal.Invoker.invokeTestMethods(Invoker.java:1129)
	at org.testng.internal.TestMethodWorker.invokeTestMethods(TestMethodWorker.java:129)
	at org.testng.internal.TestMethodWorker.run(TestMethodWorker.java:112)
	at org.testng.TestRunner.privateRun(TestRunner.java:746)
	at org.testng.TestRunner.run(TestRunner.java:600)
	at org.testng.SuiteRunner.runTest(SuiteRunner.java:366)
	at org.testng.SuiteRunner.runSequentially(SuiteRunner.java:361)
	at org.testng.SuiteRunner.privateRun(SuiteRunner.java:319)
	at org.testng.SuiteRunner.run(SuiteRunner.java:268)
	at org.testng.SuiteRunnerWorker.runSuite(SuiteRunnerWorker.java:52)
	at org.testng.SuiteRunnerWorker.run(SuiteRunnerWorker.java:86)
	at org.testng.TestNG.runSuitesSequentially(TestNG.java:1264)
	at org.testng.TestNG.runSuitesLocally(TestNG.java:1189)
	at org.testng.TestNG.runSuites(TestNG.java:1104)
	at org.testng.TestNG.run(TestNG.java:1076)
	at org.testng.remote.AbstractRemoteTestNG.run(AbstractRemoteTestNG.java:126)
	at org.testng.remote.RemoteTestNG.initAndRun(RemoteTestNG.java:152)
	at org.testng.remote.RemoteTestNG.main(RemoteTestNG.java:57)
</pre></div></td>
<td>2</td>
<td>com.glance.userlogin.tests.VerifyLoginPage@1ed4004b</td></tr>
</table><p>
<table width='100%' border='1' class='invocation-passed'>
<tr><td colspan='4' align='center'><b>PASSED TESTS</b></td></tr>
<tr><td><b>Test method</b></td>
<td width="30%"><b>Exception</b></td>
<td width="10%"><b>Time (seconds)</b></td>
<td><b>Instance</b></td>
</tr>
<tr>
<td title='com.glance.userlogin.tests.VerifyLoginPage.GL_Login_01()'><b>GL_Login_01</b><br>Test class: com.glance.userlogin.tests.VerifyLoginPage</td>
<td></td>
<td>0</td>
<td>com.glance.userlogin.tests.VerifyLoginPage@1ed4004b</td></tr>
<tr>
<td title='com.glance.userlogin.tests.VerifyCreateAccountPage.GL_Login_04()'><b>GL_Login_04</b><br>Test class: com.glance.userlogin.tests.VerifyCreateAccountPage</td>
<td></td>
<td>5</td>
<td>com.glance.userlogin.tests.VerifyCreateAccountPage@56ef9176</td></tr>
<tr>
<td title='com.glance.userlogin.tests.VerifyCreateAccountPage.GL_Login_05()'><b>GL_Login_05</b><br>Test class: com.glance.userlogin.tests.VerifyCreateAccountPage</td>
<td></td>
<td>15</td>
<td>com.glance.userlogin.tests.VerifyCreateAccountPage@56ef9176</td></tr>
<tr>
<td title='com.glance.userlogin.tests.VerifyCreateAccountPage.GL_Login_06()'><b>GL_Login_06</b><br>Test class: com.glance.userlogin.tests.VerifyCreateAccountPage</td>
<td></td>
<td>5</td>
<td>com.glance.userlogin.tests.VerifyCreateAccountPage@56ef9176</td></tr>
<tr>
<td title='com.glance.userlogin.tests.VerifyCreateAccountPage.GL_Login_07()'><b>GL_Login_07</b><br>Test class: com.glance.userlogin.tests.VerifyCreateAccountPage</td>
<td></td>
<td>172</td>
<td>com.glance.userlogin.tests.VerifyCreateAccountPage@56ef9176</td></tr>
<tr>
<td title='com.glance.userlogin.tests.VerifyCreateAccountPage.GL_Login_09()'><b>GL_Login_09</b><br>Test class: com.glance.userlogin.tests.VerifyCreateAccountPage</td>
<td></td>
<td>20</td>
<td>com.glance.userlogin.tests.VerifyCreateAccountPage@56ef9176</td></tr>
<tr>
<td title='com.glance.userlogin.tests.VerifyCreateAccountPage.GL_Login_11()'><b>GL_Login_11</b><br>Test class: com.glance.userlogin.tests.VerifyCreateAccountPage</td>
<td></td>
<td>10</td>
<td>com.glance.userlogin.tests.VerifyCreateAccountPage@56ef9176</td></tr>
<tr>
<td title='com.glance.userlogin.tests.VerifyLostPasswordPage.GL_Login_11()'><b>GL_Login_11</b><br>Test class: com.glance.userlogin.tests.VerifyLostPasswordPage</td>
<td></td>
<td>1</td>
<td>com.glance.userlogin.tests.VerifyLostPasswordPage@ff5b51f</td></tr>
<tr>
<td title='com.glance.userlogin.tests.VerifyCreateAccountPage.GL_Login_12()'><b>GL_Login_12</b><br>Test class: com.glance.userlogin.tests.VerifyCreateAccountPage</td>
<td></td>
<td>20</td>
<td>com.glance.userlogin.tests.VerifyCreateAccountPage@56ef9176</td></tr>
<tr>
<td title='com.glance.userlogin.tests.VerifyCreateAccountPage.GL_Login_13()'><b>GL_Login_13</b><br>Test class: com.glance.userlogin.tests.VerifyCreateAccountPage</td>
<td></td>
<td>51</td>
<td>com.glance.userlogin.tests.VerifyCreateAccountPage@56ef9176</td></tr>
<tr>
<td title='com.glance.userlogin.tests.VerifyLostPasswordPage.GL_Login_13()'><b>GL_Login_13</b><br>Test class: com.glance.userlogin.tests.VerifyLostPasswordPage</td>
<td></td>
<td>10</td>
<td>com.glance.userlogin.tests.VerifyLostPasswordPage@ff5b51f</td></tr>
<tr>
<td title='com.glance.userlogin.tests.VerifyLostPasswordPage.GL_Login_14()'><b>GL_Login_14</b><br>Test class: com.glance.userlogin.tests.VerifyLostPasswordPage</td>
<td></td>
<td>0</td>
<td>com.glance.userlogin.tests.VerifyLostPasswordPage@ff5b51f</td></tr>
<tr>
<td title='com.glance.userlogin.tests.VerifyLostPasswordPage.GL_Login_15()'><b>GL_Login_15</b><br>Test class: com.glance.userlogin.tests.VerifyLostPasswordPage</td>
<td></td>
<td>0</td>
<td>com.glance.userlogin.tests.VerifyLostPasswordPage@ff5b51f</td></tr>
<tr>
<td title='com.glance.userlogin.tests.VerifyLockScreen.GL_Main_08_verifyClickProfile()'><b>GL_Main_08_verifyClickProfile</b><br>Test class: com.glance.userlogin.tests.VerifyLockScreen</td>
<td></td>
<td>2</td>
<td>com.glance.userlogin.tests.VerifyLockScreen@4566e5bd</td></tr>
<tr>
<td title='com.glance.dashboard.tests.VerifyAddAccountPage.GL_Settings_AA_01()'><b>GL_Settings_AA_01</b><br>Test class: com.glance.dashboard.tests.VerifyAddAccountPage</td>
<td></td>
<td>1</td>
<td>com.glance.dashboard.tests.VerifyAddAccountPage@56ac3a89</td></tr>
<tr>
<td title='com.glance.userlogin.tests.VerifySettingsPage.GL_Settings_AA_01_verifyAddAccount()'><b>GL_Settings_AA_01_verifyAddAccount</b><br>Test class: com.glance.userlogin.tests.VerifySettingsPage</td>
<td></td>
<td>6</td>
<td>com.glance.userlogin.tests.VerifySettingsPage@5702b3b1</td></tr>
<tr>
<td title='com.glance.dashboard.tests.VerifyAddAccountPage.GL_Settings_AA_02()'><b>GL_Settings_AA_02</b><br>Test class: com.glance.dashboard.tests.VerifyAddAccountPage</td>
<td></td>
<td>0</td>
<td>com.glance.dashboard.tests.VerifyAddAccountPage@56ac3a89</td></tr>
<tr>
<td title='com.glance.dashboard.tests.VerifyAddAccountPage.GL_Settings_AA_03_1()'><b>GL_Settings_AA_03_1</b><br>Test class: com.glance.dashboard.tests.VerifyAddAccountPage</td>
<td></td>
<td>1</td>
<td>com.glance.dashboard.tests.VerifyAddAccountPage@56ac3a89</td></tr>
<tr>
<td title='com.glance.dashboard.tests.VerifyAddAccountPage.GL_Settings_AA_03_2()'><b>GL_Settings_AA_03_2</b><br>Test class: com.glance.dashboard.tests.VerifyAddAccountPage</td>
<td></td>
<td>0</td>
<td>com.glance.dashboard.tests.VerifyAddAccountPage@56ac3a89</td></tr>
<tr>
<td title='com.glance.dashboard.tests.VerifyAddAccountPage.GL_Settings_AA_03_3()'><b>GL_Settings_AA_03_3</b><br>Test class: com.glance.dashboard.tests.VerifyAddAccountPage</td>
<td></td>
<td>25</td>
<td>com.glance.dashboard.tests.VerifyAddAccountPage@56ac3a89</td></tr>
<tr>
<td title='com.glance.dashboard.tests.VerifyAddAccountPage.GL_Settings_AA_04()'><b>GL_Settings_AA_04</b><br>Test class: com.glance.dashboard.tests.VerifyAddAccountPage</td>
<td></td>
<td>0</td>
<td>com.glance.dashboard.tests.VerifyAddAccountPage@56ac3a89</td></tr>
<tr>
<td title='com.glance.dashboard.tests.VerifyAddAccountPage.GL_Settings_AA_05()'><b>GL_Settings_AA_05</b><br>Test class: com.glance.dashboard.tests.VerifyAddAccountPage</td>
<td></td>
<td>0</td>
<td>com.glance.dashboard.tests.VerifyAddAccountPage@56ac3a89</td></tr>
<tr>
<td title='com.glance.dashboard.tests.VerifyAddAccountPage.GL_Settings_AA_06()'><b>GL_Settings_AA_06</b><br>Test class: com.glance.dashboard.tests.VerifyAddAccountPage</td>
<td></td>
<td>1</td>
<td>com.glance.dashboard.tests.VerifyAddAccountPage@56ac3a89</td></tr>
<tr>
<td title='com.glance.dashboard.tests.VerifyAddAccountPage.GL_Settings_AA_07()'><b>GL_Settings_AA_07</b><br>Test class: com.glance.dashboard.tests.VerifyAddAccountPage</td>
<td></td>
<td>0</td>
<td>com.glance.dashboard.tests.VerifyAddAccountPage@56ac3a89</td></tr>
<tr>
<td title='com.glance.dashboard.tests.VerifyAddAccountPage.GL_Settings_AA_08()'><b>GL_Settings_AA_08</b><br>Test class: com.glance.dashboard.tests.VerifyAddAccountPage</td>
<td></td>
<td>0</td>
<td>com.glance.dashboard.tests.VerifyAddAccountPage@56ac3a89</td></tr>
<tr>
<td title='com.glance.dashboard.tests.VerifyAddEngagement.GL_Settings_AE_09()'><b>GL_Settings_AE_09</b><br>Test class: com.glance.dashboard.tests.VerifyAddEngagement</td>
<td></td>
<td>5</td>
<td>com.glance.dashboard.tests.VerifyAddEngagement@72d818d1</td></tr>
<tr>
<td title='com.glance.userlogin.tests.VerifySettingsPage.GL_Settings_AE_09_verifyAddEngagement()'><b>GL_Settings_AE_09_verifyAddEngagement</b><br>Test class: com.glance.userlogin.tests.VerifySettingsPage</td>
<td></td>
<td>0</td>
<td>com.glance.userlogin.tests.VerifySettingsPage@5702b3b1</td></tr>
<tr>
<td title='com.glance.dashboard.tests.VerifyAddEngagement.GL_Settings_AE_10()'><b>GL_Settings_AE_10</b><br>Test class: com.glance.dashboard.tests.VerifyAddEngagement</td>
<td></td>
<td>5</td>
<td>com.glance.dashboard.tests.VerifyAddEngagement@72d818d1</td></tr>
<tr>
<td title='com.glance.dashboard.tests.VerifyAddEngagement.GL_Settings_AE_11()'><b>GL_Settings_AE_11</b><br>Test class: com.glance.dashboard.tests.VerifyAddEngagement</td>
<td></td>
<td>2</td>
<td>com.glance.dashboard.tests.VerifyAddEngagement@72d818d1</td></tr>
<tr>
<td title='com.glance.dashboard.tests.VerifyAddEngagement.GL_Settings_AE_11_verify1()'><b>GL_Settings_AE_11_verify1</b><br>Test class: com.glance.dashboard.tests.VerifyAddEngagement</td>
<td></td>
<td>5</td>
<td>com.glance.dashboard.tests.VerifyAddEngagement@72d818d1</td></tr>
<tr>
<td title='com.glance.dashboard.tests.VerifyAddEngagement.GL_Settings_AE_11_verify2()'><b>GL_Settings_AE_11_verify2</b><br>Test class: com.glance.dashboard.tests.VerifyAddEngagement</td>
<td></td>
<td>10003</td>
<td>com.glance.dashboard.tests.VerifyAddEngagement@72d818d1</td></tr>
<tr>
<td title='com.glance.dashboard.tests.VerifyAddEngagement.GL_Settings_AE_12()'><b>GL_Settings_AE_12</b><br>Test class: com.glance.dashboard.tests.VerifyAddEngagement</td>
<td></td>
<td>1</td>
<td>com.glance.dashboard.tests.VerifyAddEngagement@72d818d1</td></tr>
<tr>
<td title='com.glance.dashboard.tests.VerifyAddEngagement.GL_Settings_AE_13()'><b>GL_Settings_AE_13</b><br>Test class: com.glance.dashboard.tests.VerifyAddEngagement</td>
<td></td>
<td>0</td>
<td>com.glance.dashboard.tests.VerifyAddEngagement@72d818d1</td></tr>
<tr>
<td title='com.glance.userlogin.tests.VerifySettingsPage.GL_Settings_AP_14_verifyAddProject()'><b>GL_Settings_AP_14_verifyAddProject</b><br>Test class: com.glance.userlogin.tests.VerifySettingsPage</td>
<td></td>
<td>0</td>
<td>com.glance.userlogin.tests.VerifySettingsPage@5702b3b1</td></tr>
<tr>
<td title='com.glance.dashboard.tests.VerifyAddProject.GL_Settings_AP_15_verifyAddProjectNavigation()'><b>GL_Settings_AP_15_verifyAddProjectNavigation</b><br>Test class: com.glance.dashboard.tests.VerifyAddProject</td>
<td></td>
<td>5</td>
<td>com.glance.dashboard.tests.VerifyAddProject@6e06451e</td></tr>
<tr>
<td title='com.glance.dashboard.tests.VerifyAddProject.GL_Settings_AP_16_verifyAddProject()'><b>GL_Settings_AP_16_verifyAddProject</b><br>Test class: com.glance.dashboard.tests.VerifyAddProject</td>
<td></td>
<td>2</td>
<td>com.glance.dashboard.tests.VerifyAddProject@6e06451e</td></tr>
<tr>
<td title='com.glance.dashboard.tests.VerifyAddProject.GL_Settings_AP_17_verifyAddProjectSubmission()'><b>GL_Settings_AP_17_verifyAddProjectSubmission</b><br>Test class: com.glance.dashboard.tests.VerifyAddProject</td>
<td></td>
<td>1</td>
<td>com.glance.dashboard.tests.VerifyAddProject@6e06451e</td></tr>
<tr>
<td title='com.glance.dashboard.tests.VerifyAddProject.GL_Settings_AP_18_verifyAddedProjectValidation()'><b>GL_Settings_AP_18_verifyAddedProjectValidation</b><br>Test class: com.glance.dashboard.tests.VerifyAddProject</td>
<td></td>
<td>21</td>
<td>com.glance.dashboard.tests.VerifyAddProject@6e06451e</td></tr>
<tr>
<td title='com.glance.dashboard.tests.VerifyAddProject.GL_Settings_AP_19_verifyCancelAddProject()'><b>GL_Settings_AP_19_verifyCancelAddProject</b><br>Test class: com.glance.dashboard.tests.VerifyAddProject</td>
<td></td>
<td>21</td>
<td>com.glance.dashboard.tests.VerifyAddProject@6e06451e</td></tr>
<tr>
<td title='com.glance.dashboard.tests.VerifyDashboard.GL_Settings_DB_35()'><b>GL_Settings_DB_35</b><br>Test class: com.glance.dashboard.tests.VerifyDashboard</td>
<td></td>
<td>7</td>
<td>com.glance.dashboard.tests.VerifyDashboard@59494225</td></tr>
<tr>
<td title='com.glance.dashboard.tests.VerifyDashboard.GL_Settings_DB_38()'><b>GL_Settings_DB_38</b><br>Test class: com.glance.dashboard.tests.VerifyDashboard</td>
<td></td>
<td>0</td>
<td>com.glance.dashboard.tests.VerifyDashboard@59494225</td></tr>
<tr>
<td title='com.glance.userlogin.tests.VerifySettingsPage.GL_Settings_DD_88_verifyRadioBtnCurrentMonth()'><b>GL_Settings_DD_88_verifyRadioBtnCurrentMonth</b><br>Test class: com.glance.userlogin.tests.VerifySettingsPage</td>
<td></td>
<td>0</td>
<td>com.glance.userlogin.tests.VerifySettingsPage@5702b3b1</td></tr>
<tr>
<td title='com.glance.userlogin.tests.VerifySettingsPage.GL_Settings_DD_89_verifyRadioBtnLastSelected()'><b>GL_Settings_DD_89_verifyRadioBtnLastSelected</b><br>Test class: com.glance.userlogin.tests.VerifySettingsPage</td>
<td></td>
<td>0</td>
<td>com.glance.userlogin.tests.VerifySettingsPage@5702b3b1</td></tr>
<tr>
<td title='com.glance.datamanagement.tests.VerifyDataDeleteUpdatePage.GL_Settings_DM_45()'><b>GL_Settings_DM_45</b><br>Test class: com.glance.datamanagement.tests.VerifyDataDeleteUpdatePage</td>
<td></td>
<td>1</td>
<td>com.glance.datamanagement.tests.VerifyDataDeleteUpdatePage@cb644e</td></tr>
<tr>
<td title='com.glance.userlogin.tests.VerifySettingsPage.GL_Settings_DM_45_verifyDataDeleteModifyPage()'><b>GL_Settings_DM_45_verifyDataDeleteModifyPage</b><br>Test class: com.glance.userlogin.tests.VerifySettingsPage</td>
<td></td>
<td>0</td>
<td>com.glance.userlogin.tests.VerifySettingsPage@5702b3b1</td></tr>
<tr>
<td title='com.glance.datamanagement.tests.VerifyDataDeleteUpdatePage.GL_Settings_DM_46()'><b>GL_Settings_DM_46</b><br>Test class: com.glance.datamanagement.tests.VerifyDataDeleteUpdatePage</td>
<td></td>
<td>0</td>
<td>com.glance.datamanagement.tests.VerifyDataDeleteUpdatePage@cb644e</td></tr>
<tr>
<td title='com.glance.datamanagement.tests.VerifyDataDeleteUpdatePage.GL_Settings_DM_47()'><b>GL_Settings_DM_47</b><br>Test class: com.glance.datamanagement.tests.VerifyDataDeleteUpdatePage</td>
<td></td>
<td>20</td>
<td>com.glance.datamanagement.tests.VerifyDataDeleteUpdatePage@cb644e</td></tr>
<tr>
<td title='com.glance.datamanagement.tests.VerifyDataDeleteUpdatePage.GL_Settings_DM_51()'><b>GL_Settings_DM_51</b><br>Test class: com.glance.datamanagement.tests.VerifyDataDeleteUpdatePage</td>
<td></td>
<td>10</td>
<td>com.glance.datamanagement.tests.VerifyDataDeleteUpdatePage@cb644e</td></tr>
<tr>
<td title='com.glance.datamanagement.tests.VerifyDataDeleteUpdatePage.GL_Settings_DM_52()'><b>GL_Settings_DM_52</b><br>Test class: com.glance.datamanagement.tests.VerifyDataDeleteUpdatePage</td>
<td></td>
<td>90</td>
<td>com.glance.datamanagement.tests.VerifyDataDeleteUpdatePage@cb644e</td></tr>
<tr>
<td title='com.glance.datamanagement.tests.VerifyDataDeleteUpdatePage.GL_Settings_DM_53()'><b>GL_Settings_DM_53</b><br>Test class: com.glance.datamanagement.tests.VerifyDataDeleteUpdatePage</td>
<td></td>
<td>0</td>
<td>com.glance.datamanagement.tests.VerifyDataDeleteUpdatePage@cb644e</td></tr>
<tr>
<td title='com.glance.datamanagement.tests.VerifyDataDeleteUpdatePage.GL_Settings_DM_54()'><b>GL_Settings_DM_54</b><br>Test class: com.glance.datamanagement.tests.VerifyDataDeleteUpdatePage</td>
<td></td>
<td>0</td>
<td>com.glance.datamanagement.tests.VerifyDataDeleteUpdatePage@cb644e</td></tr>
<tr>
<td title='com.glance.dashboard.tests.VerifyDeleteSearchResults.GL_Settings_DSR_28()'><b>GL_Settings_DSR_28</b><br>Test class: com.glance.dashboard.tests.VerifyDeleteSearchResults</td>
<td></td>
<td>0</td>
<td>com.glance.dashboard.tests.VerifyDeleteSearchResults@5cb9f472</td></tr>
<tr>
<td title='com.glance.dashboard.tests.VerifyDeleteSearchResults.GL_Settings_DSR_29()'><b>GL_Settings_DSR_29</b><br>Test class: com.glance.dashboard.tests.VerifyDeleteSearchResults</td>
<td></td>
<td>0</td>
<td>com.glance.dashboard.tests.VerifyDeleteSearchResults@5cb9f472</td></tr>
<tr>
<td title='com.glance.dashboard.tests.VerifyDeleteSearchResults.GL_Settings_DSR_30()'><b>GL_Settings_DSR_30</b><br>Test class: com.glance.dashboard.tests.VerifyDeleteSearchResults<br>Parameters: 10</td>
<td></td>
<td>0</td>
<td>com.glance.dashboard.tests.VerifyDeleteSearchResults@5cb9f472</td></tr>
<tr>
<td title='com.glance.dashboard.tests.VerifyDeleteSearchResults.GL_Settings_DSR_30()'><b>GL_Settings_DSR_30</b><br>Test class: com.glance.dashboard.tests.VerifyDeleteSearchResults<br>Parameters: 25</td>
<td></td>
<td>0</td>
<td>com.glance.dashboard.tests.VerifyDeleteSearchResults@5cb9f472</td></tr>
<tr>
<td title='com.glance.dashboard.tests.VerifyDeleteSearchResults.GL_Settings_DSR_30()'><b>GL_Settings_DSR_30</b><br>Test class: com.glance.dashboard.tests.VerifyDeleteSearchResults<br>Parameters: 50</td>
<td></td>
<td>0</td>
<td>com.glance.dashboard.tests.VerifyDeleteSearchResults@5cb9f472</td></tr>
<tr>
<td title='com.glance.dashboard.tests.VerifyDeleteSearchResults.GL_Settings_DSR_30()'><b>GL_Settings_DSR_30</b><br>Test class: com.glance.dashboard.tests.VerifyDeleteSearchResults<br>Parameters: 100</td>
<td></td>
<td>0</td>
<td>com.glance.dashboard.tests.VerifyDeleteSearchResults@5cb9f472</td></tr>
<tr>
<td title='com.glance.dashboard.tests.VerifyDeleteSearchResults.GL_Settings_DSR_31()'><b>GL_Settings_DSR_31</b><br>Test class: com.glance.dashboard.tests.VerifyDeleteSearchResults</td>
<td></td>
<td>0</td>
<td>com.glance.dashboard.tests.VerifyDeleteSearchResults@5cb9f472</td></tr>
<tr>
<td title='com.glance.dashboard.tests.VerifyDeleteSearchResults.GL_Settings_DSR_33()'><b>GL_Settings_DSR_33</b><br>Test class: com.glance.dashboard.tests.VerifyDeleteSearchResults</td>
<td></td>
<td>9</td>
<td>com.glance.dashboard.tests.VerifyDeleteSearchResults@5cb9f472</td></tr>
<tr>
<td title='com.glance.dashboard.tests.VerifyDeleteSearchResults.GL_Settings_DSR_34()'><b>GL_Settings_DSR_34</b><br>Test class: com.glance.dashboard.tests.VerifyDeleteSearchResults</td>
<td></td>
<td>0</td>
<td>com.glance.dashboard.tests.VerifyDeleteSearchResults@5cb9f472</td></tr>
<tr>
<td title='com.glance.dashboard.tests.VerifyDeleteSearch.GL_Settings_DS_22()'><b>GL_Settings_DS_22</b><br>Test class: com.glance.dashboard.tests.VerifyDeleteSearch</td>
<td></td>
<td>1</td>
<td>com.glance.dashboard.tests.VerifyDeleteSearch@6e1567f1</td></tr>
<tr>
<td title='com.glance.userlogin.tests.VerifySettingsPage.GL_Settings_DS_22_verifyDeleteSearch()'><b>GL_Settings_DS_22_verifyDeleteSearch</b><br>Test class: com.glance.userlogin.tests.VerifySettingsPage</td>
<td></td>
<td>0</td>
<td>com.glance.userlogin.tests.VerifySettingsPage@5702b3b1</td></tr>
<tr>
<td title='com.glance.dashboard.tests.VerifyDeleteSearch.GL_Settings_DS_23()'><b>GL_Settings_DS_23</b><br>Test class: com.glance.dashboard.tests.VerifyDeleteSearch</td>
<td></td>
<td>0</td>
<td>com.glance.dashboard.tests.VerifyDeleteSearch@6e1567f1</td></tr>
<tr>
<td title='com.glance.dashboard.tests.VerifyDeleteSearch.GL_Settings_DS_24()'><b>GL_Settings_DS_24</b><br>Test class: com.glance.dashboard.tests.VerifyDeleteSearch</td>
<td></td>
<td>0</td>
<td>com.glance.dashboard.tests.VerifyDeleteSearch@6e1567f1</td></tr>
<tr>
<td title='com.glance.dashboard.tests.VerifyDeleteSearch.GL_Settings_DS_25()'><b>GL_Settings_DS_25</b><br>Test class: com.glance.dashboard.tests.VerifyDeleteSearch</td>
<td></td>
<td>0</td>
<td>com.glance.dashboard.tests.VerifyDeleteSearch@6e1567f1</td></tr>
<tr>
<td title='com.glance.dashboard.tests.VerifyDeleteSearch.GL_Settings_DS_26()'><b>GL_Settings_DS_26</b><br>Test class: com.glance.dashboard.tests.VerifyDeleteSearch</td>
<td></td>
<td>0</td>
<td>com.glance.dashboard.tests.VerifyDeleteSearch@6e1567f1</td></tr>
<tr>
<td title='com.glance.dashboard.tests.VerifyDeleteSearch.GL_Settings_DS_27()'><b>GL_Settings_DS_27</b><br>Test class: com.glance.dashboard.tests.VerifyDeleteSearch</td>
<td></td>
<td>0</td>
<td>com.glance.dashboard.tests.VerifyDeleteSearch@6e1567f1</td></tr>
<tr>
<td title='com.glance.datamanagement.tests.VerifyDataUploadPage.GL_Settings_DU_41()'><b>GL_Settings_DU_41</b><br>Test class: com.glance.datamanagement.tests.VerifyDataUploadPage</td>
<td></td>
<td>1</td>
<td>com.glance.datamanagement.tests.VerifyDataUploadPage@13805618</td></tr>
<tr>
<td title='com.glance.userlogin.tests.VerifySettingsPage.GL_Settings_DU_41_verifyDataUploadPage()'><b>GL_Settings_DU_41_verifyDataUploadPage</b><br>Test class: com.glance.userlogin.tests.VerifySettingsPage</td>
<td></td>
<td>0</td>
<td>com.glance.userlogin.tests.VerifySettingsPage@5702b3b1</td></tr>
<tr>
<td title='com.glance.datamanagement.tests.VerifyDataUploadPage.GL_Settings_DU_42_2()'><b>GL_Settings_DU_42_2</b><br>Test class: com.glance.datamanagement.tests.VerifyDataUploadPage</td>
<td></td>
<td>0</td>
<td>com.glance.datamanagement.tests.VerifyDataUploadPage@13805618</td></tr>
<tr>
<td title='com.glance.datamanagement.tests.VerifyDataUploadPage.GL_Settings_DU_42_4()'><b>GL_Settings_DU_42_4</b><br>Test class: com.glance.datamanagement.tests.VerifyDataUploadPage</td>
<td></td>
<td>5</td>
<td>com.glance.datamanagement.tests.VerifyDataUploadPage@13805618</td></tr>
<tr>
<td title='com.glance.datamanagement.tests.VerifyDataUploadPage.GL_Settings_DU_43()'><b>GL_Settings_DU_43</b><br>Test class: com.glance.datamanagement.tests.VerifyDataUploadPage</td>
<td></td>
<td>0</td>
<td>com.glance.datamanagement.tests.VerifyDataUploadPage@13805618</td></tr>
<tr>
<td title='com.glance.datamanagement.tests.VerifyDataUploadPage.GL_Settings_DU_44()'><b>GL_Settings_DU_44</b><br>Test class: com.glance.datamanagement.tests.VerifyDataUploadPage</td>
<td></td>
<td>0</td>
<td>com.glance.datamanagement.tests.VerifyDataUploadPage@13805618</td></tr>
<tr>
<td title='com.glance.userlogin.tests.VerifySettingsPage.GL_Settings_GM_68_verifyManageGroupmembershipPage()'><b>GL_Settings_GM_68_verifyManageGroupmembershipPage</b><br>Test class: com.glance.userlogin.tests.VerifySettingsPage</td>
<td></td>
<td>0</td>
<td>com.glance.userlogin.tests.VerifySettingsPage@5702b3b1</td></tr>
<tr>
<td title='com.glance.usermanagement.tests.TestGroupMembership.GL_Settings_GM_69_verifyAddGroupMembership()'><b>GL_Settings_GM_69_verifyAddGroupMembership</b><br>Test class: com.glance.usermanagement.tests.TestGroupMembership</td>
<td></td>
<td>38</td>
<td>com.glance.usermanagement.tests.TestGroupMembership@3159c4b8</td></tr>
<tr>
<td title='com.glance.usermanagement.tests.TestGroupMembership.GL_Settings_GM_70_verifyAddGroupMembershipWithEmptyFields()'><b>GL_Settings_GM_70_verifyAddGroupMembershipWithEmptyFields</b><br>Test class: com.glance.usermanagement.tests.TestGroupMembership</td>
<td></td>
<td>10</td>
<td>com.glance.usermanagement.tests.TestGroupMembership@3159c4b8</td></tr>
<tr>
<td title='com.glance.usermanagement.tests.TestGroupMembership.GL_Settings_GM_71_verifyAddDuplicateEntries()'><b>GL_Settings_GM_71_verifyAddDuplicateEntries</b><br>Test class: com.glance.usermanagement.tests.TestGroupMembership</td>
<td></td>
<td>8</td>
<td>com.glance.usermanagement.tests.TestGroupMembership@3159c4b8</td></tr>
<tr>
<td title='com.glance.usermanagement.tests.TestGroupMembership.GL_Settings_GM_72_viewMembers()'><b>GL_Settings_GM_72_viewMembers</b><br>Test class: com.glance.usermanagement.tests.TestGroupMembership</td>
<td></td>
<td>0</td>
<td>com.glance.usermanagement.tests.TestGroupMembership@3159c4b8</td></tr>
<tr>
<td title='com.glance.usermanagement.tests.TestGroupMembership.GL_Settings_GM_73_verifyDeleteGroupMembership()'><b>GL_Settings_GM_73_verifyDeleteGroupMembership</b><br>Test class: com.glance.usermanagement.tests.TestGroupMembership</td>
<td></td>
<td>15</td>
<td>com.glance.usermanagement.tests.TestGroupMembership@3159c4b8</td></tr>
<tr>
<td title='com.glance.usermanagement.tests.TestGroupMembership.GL_Settings_GM_74_verifyCancelDelete()'><b>GL_Settings_GM_74_verifyCancelDelete</b><br>Test class: com.glance.usermanagement.tests.TestGroupMembership</td>
<td></td>
<td>15</td>
<td>com.glance.usermanagement.tests.TestGroupMembership@3159c4b8</td></tr>
<tr>
<td title='com.glance.userlogin.tests.VerifySettingsPage.GL_Settings_MA_75_verifyManageAccessPage()'><b>GL_Settings_MA_75_verifyManageAccessPage</b><br>Test class: com.glance.userlogin.tests.VerifySettingsPage</td>
<td></td>
<td>0</td>
<td>com.glance.userlogin.tests.VerifySettingsPage@5702b3b1</td></tr>
<tr>
<td title='com.glance.usermanagement.tests.TestManageAccess.GL_Settings_MA_76_testGiveAccess()'><b>GL_Settings_MA_76_testGiveAccess</b><br>Test class: com.glance.usermanagement.tests.TestManageAccess</td>
<td></td>
<td>33</td>
<td>com.glance.usermanagement.tests.TestManageAccess@73846619</td></tr>
<tr>
<td title='com.glance.usermanagement.tests.TestManageAccess.GL_Settings_MA_77_testGiveAccessWithEmptyFields()'><b>GL_Settings_MA_77_testGiveAccessWithEmptyFields</b><br>Test class: com.glance.usermanagement.tests.TestManageAccess</td>
<td></td>
<td>31</td>
<td>com.glance.usermanagement.tests.TestManageAccess@73846619</td></tr>
<tr>
<td title='com.glance.usermanagement.tests.TestManageAccess.GL_Settings_MA_78_cancelManageAccess()'><b>GL_Settings_MA_78_cancelManageAccess</b><br>Test class: com.glance.usermanagement.tests.TestManageAccess</td>
<td></td>
<td>2</td>
<td>com.glance.usermanagement.tests.TestManageAccess@73846619</td></tr>
<tr>
<td title='com.glance.userlogin.tests.VerifySettingsPage.GL_Settings_MG_79_verifyManageGroupPage()'><b>GL_Settings_MG_79_verifyManageGroupPage</b><br>Test class: com.glance.userlogin.tests.VerifySettingsPage</td>
<td></td>
<td>0</td>
<td>com.glance.userlogin.tests.VerifySettingsPage@5702b3b1</td></tr>
<tr>
<td title='com.glance.usermanagement.tests.VerifyManageGroup.GL_Settings_MG_81()'><b>GL_Settings_MG_81</b><br>Test class: com.glance.usermanagement.tests.VerifyManageGroup</td>
<td></td>
<td>50</td>
<td>com.glance.usermanagement.tests.VerifyManageGroup@4bec1f0c</td></tr>
<tr>
<td title='com.glance.usermanagement.tests.VerifyManageGroup.GL_Settings_MG_82()'><b>GL_Settings_MG_82</b><br>Test class: com.glance.usermanagement.tests.VerifyManageGroup</td>
<td></td>
<td>5</td>
<td>com.glance.usermanagement.tests.VerifyManageGroup@4bec1f0c</td></tr>
<tr>
<td title='com.glance.userlogin.tests.VerifySettingsPage.GL_Settings_MU_56_verifyManageUsersPage()'><b>GL_Settings_MU_56_verifyManageUsersPage</b><br>Test class: com.glance.userlogin.tests.VerifySettingsPage</td>
<td></td>
<td>0</td>
<td>com.glance.userlogin.tests.VerifySettingsPage@5702b3b1</td></tr>
<tr>
<td title='com.glance.usermanagement.tests.TestEditUser.GL_Settings_MU_58_1_verifyEditUser()'><b>GL_Settings_MU_58_1_verifyEditUser</b><br>Test class: com.glance.usermanagement.tests.TestEditUser</td>
<td></td>
<td>14</td>
<td>com.glance.usermanagement.tests.TestEditUser@4b952a2d</td></tr>
<tr>
<td title='com.glance.usermanagement.tests.TestEditUser.GL_Settings_MU_58_2_checkUserNameValidation()'><b>GL_Settings_MU_58_2_checkUserNameValidation</b><br>Test class: com.glance.usermanagement.tests.TestEditUser</td>
<td></td>
<td>10</td>
<td>com.glance.usermanagement.tests.TestEditUser@4b952a2d</td></tr>
<tr>
<td title='com.glance.usermanagement.tests.TestEditUser.GL_Settings_MU_58_3_checkEmailValidation()'><b>GL_Settings_MU_58_3_checkEmailValidation</b><br>Test class: com.glance.usermanagement.tests.TestEditUser</td>
<td></td>
<td>10</td>
<td>com.glance.usermanagement.tests.TestEditUser@4b952a2d</td></tr>
<tr>
<td title='com.glance.usermanagement.tests.TestEditUser.GL_Settings_MU_59_cancelEditPage()'><b>GL_Settings_MU_59_cancelEditPage</b><br>Test class: com.glance.usermanagement.tests.TestEditUser</td>
<td></td>
<td>5</td>
<td>com.glance.usermanagement.tests.TestEditUser@4b952a2d</td></tr>
<tr>
<td title='com.glance.usermanagement.tests.TestEditUser.GL_Settings_MU_60_verifyDeleteUser()'><b>GL_Settings_MU_60_verifyDeleteUser</b><br>Test class: com.glance.usermanagement.tests.TestEditUser</td>
<td></td>
<td>17</td>
<td>com.glance.usermanagement.tests.TestEditUser@4b952a2d</td></tr>
<tr>
<td title='com.glance.usermanagement.tests.TestEditUser.GL_Settings_MU_61_verifyCancelDeleteUser()'><b>GL_Settings_MU_61_verifyCancelDeleteUser</b><br>Test class: com.glance.usermanagement.tests.TestEditUser</td>
<td></td>
<td>20</td>
<td>com.glance.usermanagement.tests.TestEditUser@4b952a2d</td></tr>
<tr>
<td title='com.glance.usermanagement.tests.TestEditUser.GL_Settings_MU_62_verifyGoBackFromDeleteUser()'><b>GL_Settings_MU_62_verifyGoBackFromDeleteUser</b><br>Test class: com.glance.usermanagement.tests.TestEditUser</td>
<td></td>
<td>10</td>
<td>com.glance.usermanagement.tests.TestEditUser@4b952a2d</td></tr>
<tr>
<td title='com.glance.userlogin.tests.VerifySettingsPage.GL_Settings_PU_90_verifyProfileUpdate()'><b>GL_Settings_PU_90_verifyProfileUpdate</b><br>Test class: com.glance.userlogin.tests.VerifySettingsPage</td>
<td></td>
<td>0</td>
<td>com.glance.userlogin.tests.VerifySettingsPage@5702b3b1</td></tr>
<tr>
<td title='com.glance.userlogin.tests.VerifyProfileUpdatePage.GL_Settings_PU_92()'><b>GL_Settings_PU_92</b><br>Test class: com.glance.userlogin.tests.VerifyProfileUpdatePage</td>
<td></td>
<td>184</td>
<td>com.glance.userlogin.tests.VerifyProfileUpdatePage@25bbe1b6</td></tr>
<tr>
<td title='com.glance.userlogin.tests.VerifyProfileUpdatePage.GL_Settings_PU_99()'><b>GL_Settings_PU_99</b><br>Test class: com.glance.userlogin.tests.VerifyProfileUpdatePage</td>
<td></td>
<td>20</td>
<td>com.glance.userlogin.tests.VerifyProfileUpdatePage@25bbe1b6</td></tr>
<tr>
<td title='com.glance.usermanagement.tests.ManageUser.GL_UM_02()'><b>GL_UM_02</b><br>Test class: com.glance.usermanagement.tests.ManageUser<br>Parameters: User ID</td>
<td></td>
<td>0</td>
<td>com.glance.usermanagement.tests.ManageUser@69ea3742</td></tr>
<tr>
<td title='com.glance.usermanagement.tests.ManageUser.GL_UM_02()'><b>GL_UM_02</b><br>Test class: com.glance.usermanagement.tests.ManageUser<br>Parameters: User Name</td>
<td></td>
<td>0</td>
<td>com.glance.usermanagement.tests.ManageUser@69ea3742</td></tr>
<tr>
<td title='com.glance.usermanagement.tests.ManageUser.GL_UM_02()'><b>GL_UM_02</b><br>Test class: com.glance.usermanagement.tests.ManageUser<br>Parameters: First Name</td>
<td></td>
<td>0</td>
<td>com.glance.usermanagement.tests.ManageUser@69ea3742</td></tr>
<tr>
<td title='com.glance.usermanagement.tests.ManageUser.GL_UM_02()'><b>GL_UM_02</b><br>Test class: com.glance.usermanagement.tests.ManageUser<br>Parameters: Last Name</td>
<td></td>
<td>0</td>
<td>com.glance.usermanagement.tests.ManageUser@69ea3742</td></tr>
<tr>
<td title='com.glance.usermanagement.tests.ManageUser.GL_UM_02()'><b>GL_UM_02</b><br>Test class: com.glance.usermanagement.tests.ManageUser<br>Parameters: Job Role</td>
<td></td>
<td>0</td>
<td>com.glance.usermanagement.tests.ManageUser@69ea3742</td></tr>
<tr>
<td title='com.glance.usermanagement.tests.ManageUser.GL_UM_08()'><b>GL_UM_08</b><br>Test class: com.glance.usermanagement.tests.ManageUser<br>Parameters: Admin, 2</td>
<td></td>
<td>0</td>
<td>com.glance.usermanagement.tests.ManageUser@69ea3742</td></tr>
<tr>
<td title='com.glance.usermanagement.tests.ManageUser.GL_UM_08()'><b>GL_UM_08</b><br>Test class: com.glance.usermanagement.tests.ManageUser<br>Parameters: Oshadha, 1</td>
<td></td>
<td>0</td>
<td>com.glance.usermanagement.tests.ManageUser@69ea3742</td></tr>
<tr>
<td title='com.glance.usermanagement.tests.ManageUser.GL_UM_08()'><b>GL_UM_08</b><br>Test class: com.glance.usermanagement.tests.ManageUser<br>Parameters: as, 8</td>
<td></td>
<td>0</td>
<td>com.glance.usermanagement.tests.ManageUser@69ea3742</td></tr>
<tr>
<td title='com.glance.usermanagement.tests.ManageUser.GL_UM_08()'><b>GL_UM_08</b><br>Test class: com.glance.usermanagement.tests.ManageUser<br>Parameters: test, 5</td>
<td></td>
<td>0</td>
<td>com.glance.usermanagement.tests.ManageUser@69ea3742</td></tr>
<tr>
<td title='com.glance.usermanagement.tests.ManageUser.GL_UM_08()'><b>GL_UM_08</b><br>Test class: com.glance.usermanagement.tests.ManageUser<br>Parameters: Wijesooriya, 1</td>
<td></td>
<td>0</td>
<td>com.glance.usermanagement.tests.ManageUser@69ea3742</td></tr>
<tr>
<td title='com.glance.usermanagement.tests.ManageUser.GL_UM_09_1()'><b>GL_UM_09_1</b><br>Test class: com.glance.usermanagement.tests.ManageUser<br>Parameters: First</td>
<td></td>
<td>0</td>
<td>com.glance.usermanagement.tests.ManageUser@69ea3742</td></tr>
<tr>
<td title='com.glance.usermanagement.tests.ManageUser.GL_UM_09_1()'><b>GL_UM_09_1</b><br>Test class: com.glance.usermanagement.tests.ManageUser<br>Parameters: Next</td>
<td></td>
<td>0</td>
<td>com.glance.usermanagement.tests.ManageUser@69ea3742</td></tr>
<tr>
<td title='com.glance.usermanagement.tests.ManageUser.GL_UM_09_1()'><b>GL_UM_09_1</b><br>Test class: com.glance.usermanagement.tests.ManageUser<br>Parameters: Last</td>
<td></td>
<td>0</td>
<td>com.glance.usermanagement.tests.ManageUser@69ea3742</td></tr>
<tr>
<td title='com.glance.usermanagement.tests.ManageUser.GL_UM_09_1()'><b>GL_UM_09_1</b><br>Test class: com.glance.usermanagement.tests.ManageUser<br>Parameters: Previous</td>
<td></td>
<td>0</td>
<td>com.glance.usermanagement.tests.ManageUser@69ea3742</td></tr>
<tr>
<td title='com.glance.usermanagement.tests.ManageUser.GL_UM_09_2()'><b>GL_UM_09_2</b><br>Test class: com.glance.usermanagement.tests.ManageUser<br>Parameters: 1</td>
<td></td>
<td>0</td>
<td>com.glance.usermanagement.tests.ManageUser@69ea3742</td></tr>
<tr>
<td title='com.glance.usermanagement.tests.ManageUser.GL_UM_09_2()'><b>GL_UM_09_2</b><br>Test class: com.glance.usermanagement.tests.ManageUser<br>Parameters: 2</td>
<td></td>
<td>0</td>
<td>com.glance.usermanagement.tests.ManageUser@69ea3742</td></tr>
<tr>
<td title='com.glance.usermanagement.tests.ManageUser.GL_UM_09_2()'><b>GL_UM_09_2</b><br>Test class: com.glance.usermanagement.tests.ManageUser<br>Parameters: 3</td>
<td></td>
<td>0</td>
<td>com.glance.usermanagement.tests.ManageUser@69ea3742</td></tr>
<tr>
<td title='com.glance.usermanagement.tests.ManageUser.GL_UM_10()'><b>GL_UM_10</b><br>Test class: com.glance.usermanagement.tests.ManageUser</td>
<td></td>
<td>10</td>
<td>com.glance.usermanagement.tests.ManageUser@69ea3742</td></tr>
<tr>
<td title='com.glance.usermanagement.tests.ManageUser.GL_UM_11()'><b>GL_UM_11</b><br>Test class: com.glance.usermanagement.tests.ManageUser</td>
<td></td>
<td>0</td>
<td>com.glance.usermanagement.tests.ManageUser@69ea3742</td></tr>
<tr>
<td title='com.glance.usermanagement.tests.ManageUser.GL_UM_12()'><b>GL_UM_12</b><br>Test class: com.glance.usermanagement.tests.ManageUser<br>Parameters: 10</td>
<td></td>
<td>0</td>
<td>com.glance.usermanagement.tests.ManageUser@69ea3742</td></tr>
<tr>
<td title='com.glance.usermanagement.tests.ManageUser.GL_UM_12()'><b>GL_UM_12</b><br>Test class: com.glance.usermanagement.tests.ManageUser<br>Parameters: 25</td>
<td></td>
<td>0</td>
<td>com.glance.usermanagement.tests.ManageUser@69ea3742</td></tr>
<tr>
<td title='com.glance.usermanagement.tests.ManageUser.GL_UM_12()'><b>GL_UM_12</b><br>Test class: com.glance.usermanagement.tests.ManageUser<br>Parameters: 50</td>
<td></td>
<td>0</td>
<td>com.glance.usermanagement.tests.ManageUser@69ea3742</td></tr>
<tr>
<td title='com.glance.usermanagement.tests.ManageUser.GL_UM_12()'><b>GL_UM_12</b><br>Test class: com.glance.usermanagement.tests.ManageUser<br>Parameters: 100</td>
<td></td>
<td>0</td>
<td>com.glance.usermanagement.tests.ManageUser@69ea3742</td></tr>
<tr>
<td title='com.glance.userlogin.tests.VerifyLoginPage.GL_login_02()'><b>GL_login_02</b><br>Test class: com.glance.userlogin.tests.VerifyLoginPage</td>
<td></td>
<td>9</td>
<td>com.glance.userlogin.tests.VerifyLoginPage@1ed4004b</td></tr>
<tr>
<td title='com.glance.userlogin.tests.VerifyLoginPage.GL_login_04()'><b>GL_login_04</b><br>Test class: com.glance.userlogin.tests.VerifyLoginPage</td>
<td></td>
<td>1</td>
<td>com.glance.userlogin.tests.VerifyLoginPage@1ed4004b</td></tr>
<tr>
<td title='com.glance.dashboard.tests.VerifyAddElementWizard.TC01_verifyAddNewDashboardElement()'><b>TC01_verifyAddNewDashboardElement</b><br>Test class: com.glance.dashboard.tests.VerifyAddElementWizard<br>Parameters: Affinion, Other Bar Chart, Glance Other Bar Chart 1, Glance Other bar chart footer 1, Glance Other bar chart Description 1, cdi, cdi_id, cdi_id, cdi_id, cdi_id</td>
<td></td>
<td>53</td>
<td>com.glance.dashboard.tests.VerifyAddElementWizard@27c20538</td></tr>
<tr>
<td title='com.glance.dashboard.tests.VerifyAddElementWizard.TC01_verifyAddNewDashboardElement()'><b>TC01_verifyAddNewDashboardElement</b><br>Test class: com.glance.dashboard.tests.VerifyAddElementWizard<br>Parameters: Affinion, Other Line Chart, Glance Other Line Chart 1, Glance Other Line Chart footer 1, Glance Other Line chart Description 1, cdi, cdi_id, cdi_id, cdi_id, cdi_id</td>
<td></td>
<td>82</td>
<td>com.glance.dashboard.tests.VerifyAddElementWizard@27c20538</td></tr>
<tr>
<td title='com.glance.dashboard.tests.VerifyAddElementWizard.TC01_verifyAddNewDashboardElement()'><b>TC01_verifyAddNewDashboardElement</b><br>Test class: com.glance.dashboard.tests.VerifyAddElementWizard<br>Parameters: Affinion, Other Pie Chart, Glance Other Pie Chart 1, Glance Other Pie Chart footer 1, Glance Other Pie chart Description 1, cdi, cdi_id, cdi_id, cdi_id, cdi_id</td>
<td></td>
<td>82</td>
<td>com.glance.dashboard.tests.VerifyAddElementWizard@27c20538</td></tr>
<tr>
<td title='com.glance.usermanagement.tests.TestGroupMembership.verifyCancelAddGroupMembership()'><b>verifyCancelAddGroupMembership</b><br>Test class: com.glance.usermanagement.tests.TestGroupMembership</td>
<td></td>
<td>0</td>
<td>com.glance.usermanagement.tests.TestGroupMembership@3159c4b8</td></tr>
<tr>
<td title='com.glance.userlogin.tests.VerifySettingsPage.verifySocketsPage()'><b>verifySocketsPage</b><br>Test class: com.glance.userlogin.tests.VerifySettingsPage</td>
<td></td>
<td>0</td>
<td>com.glance.userlogin.tests.VerifySettingsPage@5702b3b1</td></tr>
</table><p>
</body>
</html>