<?xml version="1.0" encoding="UTF-8"?>
<<<<<<< HEAD
<<<<<<< HEAD
<testng-results skipped="3" failed="0" total="3" passed="0">
  <reporter-output>
  </reporter-output>
  <suite name="Default suite" duration-ms="5516" started-at="2016-12-08T07:55:19Z" finished-at="2016-12-08T07:55:25Z">
    <groups>
    </groups>
    <test name="Default test" duration-ms="5516" started-at="2016-12-08T07:55:19Z" finished-at="2016-12-08T07:55:25Z">
      <class name="com.glance.usermanagement.tests.TestDeleteUser">
        <test-method status="PASS" signature="testStartUp()[pri:0, instance:com.glance.usermanagement.tests.TestDeleteUser@4dfa3a9d]" name="testStartUp" is-config="true" duration-ms="47" started-at="2016-12-08T13:25:19Z" finished-at="2016-12-08T13:25:19Z">
          <reporter-output>
          </reporter-output>
        </test-method> <!-- testStartUp -->
        <test-method status="PASS" signature="initializeTest()[pri:0, instance:com.glance.usermanagement.tests.TestDeleteUser@4dfa3a9d]" name="initializeTest" is-config="true" duration-ms="5447" started-at="2016-12-08T13:25:19Z" finished-at="2016-12-08T13:25:24Z">
          <reporter-output>
          </reporter-output>
        </test-method> <!-- initializeTest -->
        <test-method status="FAIL" signature="verifyGoToDeleteUserPage()[pri:0, instance:com.glance.usermanagement.tests.TestDeleteUser@4dfa3a9d]" name="verifyGoToDeleteUserPage" is-config="true" duration-ms="0" started-at="2016-12-08T13:25:24Z" finished-at="2016-12-08T13:25:24Z">
          <exception class="java.lang.Error">
            <message>
              <![CDATA[Unresolved compilation problem: 
	The declared package "com.glance.usermanagement.tests" does not match the expected package "com.glance.pageobjects.usermanagement"
]]>
            </message>
            <full-stacktrace>
              <![CDATA[java.lang.Error: Unresolved compilation problem: 
	The declared package "com.glance.usermanagement.tests" does not match the expected package "com.glance.pageobjects.usermanagement"

	at com.glance.pageobjects.usermanagement.DeleteUser.<init>(DeleteUser.java:1)
	at com.glance.usermanagement.tests.TestDeleteUser.verifyGoToDeleteUserPage(TestDeleteUser.java:25)
=======
<testng-results skipped="0" failed="4" total="7" passed="3">
  <reporter-output>
  </reporter-output>
  <suite name="Default suite" duration-ms="170488" started-at="2016-12-08T09:06:04Z" finished-at="2016-12-08T09:08:55Z">
    <groups>
    </groups>
    <test name="Default test" duration-ms="170488" started-at="2016-12-08T09:06:04Z" finished-at="2016-12-08T09:08:55Z">
      <class name="com.glance.dashboard.tests.VerifyAddEngagement">
        <test-method status="PASS" signature="testStartUp()[pri:0, instance:com.glance.dashboard.tests.VerifyAddEngagement@5dd70c4b]" name="testStartUp" is-config="true" duration-ms="257" started-at="2016-12-08T14:36:04Z" finished-at="2016-12-08T14:36:04Z">
          <reporter-output>
          </reporter-output>
        </test-method> <!-- testStartUp -->
        <test-method status="PASS" signature="initializeTest()[pri:0, instance:com.glance.dashboard.tests.VerifyAddEngagement@5dd70c4b]" name="initializeTest" is-config="true" duration-ms="3738" started-at="2016-12-08T14:36:04Z" finished-at="2016-12-08T14:36:08Z">
          <reporter-output>
          </reporter-output>
        </test-method> <!-- initializeTest -->
        <test-method status="PASS" signature="testLogin()[pri:0, instance:com.glance.dashboard.tests.VerifyAddEngagement@5dd70c4b]" name="testLogin" is-config="true" duration-ms="228" started-at="2016-12-08T14:36:08Z" finished-at="2016-12-08T14:36:08Z">
          <reporter-output>
          </reporter-output>
        </test-method> <!-- testLogin -->
        <test-method status="PASS" signature="GL_Settings_AE_09()[pri:0, instance:com.glance.dashboard.tests.VerifyAddEngagement@5dd70c4b]" name="GL_Settings_AE_09" duration-ms="1728" started-at="2016-12-08T14:36:08Z" finished-at="2016-12-08T14:36:10Z">
          <reporter-output>
          </reporter-output>
        </test-method> <!-- GL_Settings_AE_09 -->
        <test-method status="PASS" signature="testLogout()[pri:0, instance:com.glance.dashboard.tests.VerifyAddEngagement@5dd70c4b]" name="testLogout" is-config="true" duration-ms="155" started-at="2016-12-08T14:36:10Z" finished-at="2016-12-08T14:36:10Z">
          <reporter-output>
          </reporter-output>
        </test-method> <!-- testLogout -->
        <test-method status="PASS" signature="testLogin()[pri:0, instance:com.glance.dashboard.tests.VerifyAddEngagement@5dd70c4b]" name="testLogin" is-config="true" duration-ms="229" started-at="2016-12-08T14:36:10Z" finished-at="2016-12-08T14:36:10Z">
          <reporter-output>
          </reporter-output>
        </test-method> <!-- testLogin -->
        <test-method status="PASS" signature="GL_Settings_AE_10()[pri:1, instance:com.glance.dashboard.tests.VerifyAddEngagement@5dd70c4b]" name="GL_Settings_AE_10" duration-ms="5768" started-at="2016-12-08T14:36:10Z" finished-at="2016-12-08T14:36:16Z">
          <reporter-output>
          </reporter-output>
        </test-method> <!-- GL_Settings_AE_10 -->
        <test-method status="PASS" signature="testLogout()[pri:0, instance:com.glance.dashboard.tests.VerifyAddEngagement@5dd70c4b]" name="testLogout" is-config="true" duration-ms="125" started-at="2016-12-08T14:36:16Z" finished-at="2016-12-08T14:36:16Z">
          <reporter-output>
          </reporter-output>
        </test-method> <!-- testLogout -->
        <test-method status="PASS" signature="testLogin()[pri:0, instance:com.glance.dashboard.tests.VerifyAddEngagement@5dd70c4b]" name="testLogin" is-config="true" duration-ms="168" started-at="2016-12-08T14:36:16Z" finished-at="2016-12-08T14:36:16Z">
          <reporter-output>
          </reporter-output>
        </test-method> <!-- testLogin -->
        <test-method status="PASS" signature="GL_Settings_AE_11()[pri:2, instance:com.glance.dashboard.tests.VerifyAddEngagement@5dd70c4b]" name="GL_Settings_AE_11" duration-ms="3022" started-at="2016-12-08T14:36:16Z" finished-at="2016-12-08T14:36:19Z">
          <reporter-output>
          </reporter-output>
        </test-method> <!-- GL_Settings_AE_11 -->
        <test-method status="PASS" signature="testLogout()[pri:0, instance:com.glance.dashboard.tests.VerifyAddEngagement@5dd70c4b]" name="testLogout" is-config="true" duration-ms="114" started-at="2016-12-08T14:36:19Z" finished-at="2016-12-08T14:36:19Z">
          <reporter-output>
          </reporter-output>
        </test-method> <!-- testLogout -->
        <test-method status="PASS" signature="testLogin()[pri:0, instance:com.glance.dashboard.tests.VerifyAddEngagement@5dd70c4b]" name="testLogin" is-config="true" duration-ms="222" started-at="2016-12-08T14:36:19Z" finished-at="2016-12-08T14:36:20Z">
          <reporter-output>
          </reporter-output>
        </test-method> <!-- testLogin -->
        <test-method status="FAIL" signature="GL_Settings_AE_12()[pri:3, instance:com.glance.dashboard.tests.VerifyAddEngagement@5dd70c4b]" name="GL_Settings_AE_12" duration-ms="1527" started-at="2016-12-08T14:36:20Z" finished-at="2016-12-08T14:36:21Z">
          <exception class="java.lang.AssertionError">
            <message>
              <![CDATA[expected [[Ljava.lang.String;@35b7fa17] but found [Dashboard Management]]]>
            </message>
            <full-stacktrace>
              <![CDATA[java.lang.AssertionError: expected [[Ljava.lang.String;@35b7fa17] but found [Dashboard Management]
	at org.testng.Assert.fail(Assert.java:94)
	at org.testng.Assert.failNotEquals(Assert.java:513)
	at org.testng.Assert.assertArrayEquals(Assert.java:169)
	at org.testng.Assert.assertEquals(Assert.java:113)
	at org.testng.Assert.assertEquals(Assert.java:179)
	at com.glance.dashboard.tests.VerifyAddEngagement.GL_Settings_AE_12(VerifyAddEngagement.java:148)
	at sun.reflect.NativeMethodAccessorImpl.invoke0(Native Method)
	at sun.reflect.NativeMethodAccessorImpl.invoke(NativeMethodAccessorImpl.java:57)
	at sun.reflect.DelegatingMethodAccessorImpl.invoke(DelegatingMethodAccessorImpl.java:43)
	at java.lang.reflect.Method.invoke(Method.java:606)
	at org.testng.internal.MethodInvocationHelper.invokeMethod(MethodInvocationHelper.java:100)
	at org.testng.internal.Invoker.invokeMethod(Invoker.java:646)
	at org.testng.internal.Invoker.invokeTestMethod(Invoker.java:811)
	at org.testng.internal.Invoker.invokeTestMethods(Invoker.java:1137)
	at org.testng.internal.TestMethodWorker.invokeTestMethods(TestMethodWorker.java:129)
	at org.testng.internal.TestMethodWorker.run(TestMethodWorker.java:112)
	at org.testng.TestRunner.privateRun(TestRunner.java:753)
	at org.testng.TestRunner.run(TestRunner.java:607)
	at org.testng.SuiteRunner.runTest(SuiteRunner.java:368)
	at org.testng.SuiteRunner.runSequentially(SuiteRunner.java:363)
	at org.testng.SuiteRunner.privateRun(SuiteRunner.java:321)
	at org.testng.SuiteRunner.run(SuiteRunner.java:270)
	at org.testng.SuiteRunnerWorker.runSuite(SuiteRunnerWorker.java:52)
	at org.testng.SuiteRunnerWorker.run(SuiteRunnerWorker.java:86)
	at org.testng.TestNG.runSuitesSequentially(TestNG.java:1284)
	at org.testng.TestNG.runSuitesLocally(TestNG.java:1209)
	at org.testng.TestNG.runSuites(TestNG.java:1124)
	at org.testng.TestNG.run(TestNG.java:1096)
	at org.testng.remote.AbstractRemoteTestNG.run(AbstractRemoteTestNG.java:132)
	at org.testng.remote.RemoteTestNG.initAndRun(RemoteTestNG.java:236)
	at org.testng.remote.RemoteTestNG.main(RemoteTestNG.java:81)
]]>
            </full-stacktrace>
          </exception> <!-- java.lang.AssertionError -->
          <reporter-output>
          </reporter-output>
        </test-method> <!-- GL_Settings_AE_12 -->
        <test-method status="PASS" signature="testLogout()[pri:0, instance:com.glance.dashboard.tests.VerifyAddEngagement@5dd70c4b]" name="testLogout" is-config="true" duration-ms="155" started-at="2016-12-08T14:36:21Z" finished-at="2016-12-08T14:36:21Z">
          <reporter-output>
          </reporter-output>
        </test-method> <!-- testLogout -->
        <test-method status="PASS" signature="testLogin()[pri:0, instance:com.glance.dashboard.tests.VerifyAddEngagement@5dd70c4b]" name="testLogin" is-config="true" duration-ms="180" started-at="2016-12-08T14:36:21Z" finished-at="2016-12-08T14:36:21Z">
          <reporter-output>
          </reporter-output>
        </test-method> <!-- testLogin -->
        <test-method status="FAIL" signature="GL_Settings_AE_11_verify1()[pri:4, instance:com.glance.dashboard.tests.VerifyAddEngagement@5dd70c4b]" name="GL_Settings_AE_11_verify1" duration-ms="1383" started-at="2016-12-08T14:36:21Z" finished-at="2016-12-08T14:36:23Z">
          <exception class="java.lang.AssertionError">
            <message>
              <![CDATA[expected [true] but found [false]]]>
            </message>
            <full-stacktrace>
              <![CDATA[java.lang.AssertionError: expected [true] but found [false]
	at org.testng.Assert.fail(Assert.java:94)
	at org.testng.Assert.failNotEquals(Assert.java:513)
	at org.testng.Assert.assertTrue(Assert.java:42)
	at org.testng.Assert.assertTrue(Assert.java:52)
	at com.glance.dashboard.tests.VerifyAddEngagement.GL_Settings_AE_11_verify1(VerifyAddEngagement.java:180)
	at sun.reflect.NativeMethodAccessorImpl.invoke0(Native Method)
	at sun.reflect.NativeMethodAccessorImpl.invoke(NativeMethodAccessorImpl.java:57)
	at sun.reflect.DelegatingMethodAccessorImpl.invoke(DelegatingMethodAccessorImpl.java:43)
	at java.lang.reflect.Method.invoke(Method.java:606)
	at org.testng.internal.MethodInvocationHelper.invokeMethod(MethodInvocationHelper.java:100)
	at org.testng.internal.Invoker.invokeMethod(Invoker.java:646)
	at org.testng.internal.Invoker.invokeTestMethod(Invoker.java:811)
	at org.testng.internal.Invoker.invokeTestMethods(Invoker.java:1137)
	at org.testng.internal.TestMethodWorker.invokeTestMethods(TestMethodWorker.java:129)
	at org.testng.internal.TestMethodWorker.run(TestMethodWorker.java:112)
	at org.testng.TestRunner.privateRun(TestRunner.java:753)
	at org.testng.TestRunner.run(TestRunner.java:607)
	at org.testng.SuiteRunner.runTest(SuiteRunner.java:368)
	at org.testng.SuiteRunner.runSequentially(SuiteRunner.java:363)
	at org.testng.SuiteRunner.privateRun(SuiteRunner.java:321)
	at org.testng.SuiteRunner.run(SuiteRunner.java:270)
	at org.testng.SuiteRunnerWorker.runSuite(SuiteRunnerWorker.java:52)
	at org.testng.SuiteRunnerWorker.run(SuiteRunnerWorker.java:86)
	at org.testng.TestNG.runSuitesSequentially(TestNG.java:1284)
	at org.testng.TestNG.runSuitesLocally(TestNG.java:1209)
	at org.testng.TestNG.runSuites(TestNG.java:1124)
	at org.testng.TestNG.run(TestNG.java:1096)
	at org.testng.remote.AbstractRemoteTestNG.run(AbstractRemoteTestNG.java:132)
	at org.testng.remote.RemoteTestNG.initAndRun(RemoteTestNG.java:236)
	at org.testng.remote.RemoteTestNG.main(RemoteTestNG.java:81)
]]>
            </full-stacktrace>
          </exception> <!-- java.lang.AssertionError -->
          <reporter-output>
          </reporter-output>
        </test-method> <!-- GL_Settings_AE_11_verify1 -->
        <test-method status="PASS" signature="testLogout()[pri:0, instance:com.glance.dashboard.tests.VerifyAddEngagement@5dd70c4b]" name="testLogout" is-config="true" duration-ms="60" started-at="2016-12-08T14:36:23Z" finished-at="2016-12-08T14:36:23Z">
          <reporter-output>
          </reporter-output>
        </test-method> <!-- testLogout -->
        <test-method status="PASS" signature="testLogin()[pri:0, instance:com.glance.dashboard.tests.VerifyAddEngagement@5dd70c4b]" name="testLogin" is-config="true" duration-ms="74177" started-at="2016-12-08T14:36:23Z" finished-at="2016-12-08T14:37:37Z">
          <reporter-output>
          </reporter-output>
        </test-method> <!-- testLogin -->
        <test-method status="FAIL" signature="GL_Settings_AE_11_verify2()[pri:5, instance:com.glance.dashboard.tests.VerifyAddEngagement@5dd70c4b]" name="GL_Settings_AE_11_verify2" duration-ms="21062" started-at="2016-12-08T14:37:37Z" finished-at="2016-12-08T14:37:58Z">
          <exception class="org.openqa.selenium.WebDriverException">
            <message>
              <![CDATA[chrome not reachable
  (Session info: chrome=54.0.2840.99)
  (Driver info: chromedriver=2.25.426923 (0390b88869384d6eb0d5d09729679f934aab9eed),platform=Windows NT 6.1.7601 SP1 x86_64) (WARNING: The server did not provide any stacktrace information)
Command duration or timeout: 7.03 seconds
Build info: version: '2.53.1', revision: 'a36b8b1cd5757287168e54b817830adce9b0158d', time: '2016-06-30 19:26:09'
System info: host: 'CMDMITTRN9', ip: '172.28.32.101', os.name: 'Windows 7', os.arch: 'amd64', os.version: '6.1', java.version: '1.7.0_67'
*** Element info: {Using=xpath, value=//div[@class='x_title']/h2}
Session ID: 28e240d28734ff0e6029fec76ab7e779
Driver info: org.openqa.selenium.chrome.ChromeDriver
Capabilities [{platform=XP, acceptSslCerts=true, javascriptEnabled=true, browserName=chrome, chrome={userDataDir=C:\Users\SDSMAD~1\AppData\Local\Temp\scoped_dir440_19963, chromedriverVersion=2.25.426923 (0390b88869384d6eb0d5d09729679f934aab9eed)}, networkConnectionEnabled=false, rotatable=false, locationContextEnabled=true, mobileEmulationEnabled=false, version=54.0.2840.99, pageLoadStrategy=normal, takesHeapSnapshot=true, cssSelectorsEnabled=true, databaseEnabled=false, handlesAlerts=true, browserConnectionEnabled=false, webStorageEnabled=true, nativeEvents=true, hasTouchScreen=false, applicationCacheEnabled=false, takesScreenshot=true}]]]>
            </message>
            <full-stacktrace>
              <![CDATA[org.openqa.selenium.WebDriverException: chrome not reachable
  (Session info: chrome=54.0.2840.99)
  (Driver info: chromedriver=2.25.426923 (0390b88869384d6eb0d5d09729679f934aab9eed),platform=Windows NT 6.1.7601 SP1 x86_64) (WARNING: The server did not provide any stacktrace information)
Command duration or timeout: 7.03 seconds
Build info: version: '2.53.1', revision: 'a36b8b1cd5757287168e54b817830adce9b0158d', time: '2016-06-30 19:26:09'
System info: host: 'CMDMITTRN9', ip: '172.28.32.101', os.name: 'Windows 7', os.arch: 'amd64', os.version: '6.1', java.version: '1.7.0_67'
*** Element info: {Using=xpath, value=//div[@class='x_title']/h2}
Session ID: 28e240d28734ff0e6029fec76ab7e779
Driver info: org.openqa.selenium.chrome.ChromeDriver
Capabilities [{platform=XP, acceptSslCerts=true, javascriptEnabled=true, browserName=chrome, chrome={userDataDir=C:\Users\SDSMAD~1\AppData\Local\Temp\scoped_dir440_19963, chromedriverVersion=2.25.426923 (0390b88869384d6eb0d5d09729679f934aab9eed)}, networkConnectionEnabled=false, rotatable=false, locationContextEnabled=true, mobileEmulationEnabled=false, version=54.0.2840.99, pageLoadStrategy=normal, takesHeapSnapshot=true, cssSelectorsEnabled=true, databaseEnabled=false, handlesAlerts=true, browserConnectionEnabled=false, webStorageEnabled=true, nativeEvents=true, hasTouchScreen=false, applicationCacheEnabled=false, takesScreenshot=true}]
	at sun.reflect.NativeConstructorAccessorImpl.newInstance0(Native Method)
	at sun.reflect.NativeConstructorAccessorImpl.newInstance(NativeConstructorAccessorImpl.java:57)
	at sun.reflect.DelegatingConstructorAccessorImpl.newInstance(DelegatingConstructorAccessorImpl.java:45)
	at java.lang.reflect.Constructor.newInstance(Constructor.java:526)
	at org.openqa.selenium.remote.ErrorHandler.createThrowable(ErrorHandler.java:206)
	at org.openqa.selenium.remote.ErrorHandler.throwIfResponseFailed(ErrorHandler.java:158)
	at org.openqa.selenium.remote.RemoteWebDriver.execute(RemoteWebDriver.java:678)
	at org.openqa.selenium.remote.RemoteWebDriver.findElement(RemoteWebDriver.java:363)
	at org.openqa.selenium.remote.RemoteWebDriver.findElementByXPath(RemoteWebDriver.java:500)
	at org.openqa.selenium.By$ByXPath.findElement(By.java:361)
	at org.openqa.selenium.remote.RemoteWebDriver.findElement(RemoteWebDriver.java:355)
	at org.openqa.selenium.support.pagefactory.DefaultElementLocator.findElement(DefaultElementLocator.java:69)
	at org.openqa.selenium.support.pagefactory.internal.LocatingElementHandler.invoke(LocatingElementHandler.java:38)
	at com.sun.proxy.$Proxy12.getText(Unknown Source)
	at com.glance.pageobjects.dashboard.AddEngagementPage.getPageName(AddEngagementPage.java:86)
	at com.glance.dashboard.tests.VerifyAddEngagement.GL_Settings_AE_11_verify2(VerifyAddEngagement.java:207)
	at sun.reflect.NativeMethodAccessorImpl.invoke0(Native Method)
	at sun.reflect.NativeMethodAccessorImpl.invoke(NativeMethodAccessorImpl.java:57)
	at sun.reflect.DelegatingMethodAccessorImpl.invoke(DelegatingMethodAccessorImpl.java:43)
	at java.lang.reflect.Method.invoke(Method.java:606)
	at org.testng.internal.MethodInvocationHelper.invokeMethod(MethodInvocationHelper.java:100)
	at org.testng.internal.Invoker.invokeMethod(Invoker.java:646)
	at org.testng.internal.Invoker.invokeTestMethod(Invoker.java:811)
	at org.testng.internal.Invoker.invokeTestMethods(Invoker.java:1137)
	at org.testng.internal.TestMethodWorker.invokeTestMethods(TestMethodWorker.java:129)
	at org.testng.internal.TestMethodWorker.run(TestMethodWorker.java:112)
	at org.testng.TestRunner.privateRun(TestRunner.java:753)
	at org.testng.TestRunner.run(TestRunner.java:607)
	at org.testng.SuiteRunner.runTest(SuiteRunner.java:368)
	at org.testng.SuiteRunner.runSequentially(SuiteRunner.java:363)
	at org.testng.SuiteRunner.privateRun(SuiteRunner.java:321)
	at org.testng.SuiteRunner.run(SuiteRunner.java:270)
	at org.testng.SuiteRunnerWorker.runSuite(SuiteRunnerWorker.java:52)
	at org.testng.SuiteRunnerWorker.run(SuiteRunnerWorker.java:86)
	at org.testng.TestNG.runSuitesSequentially(TestNG.java:1284)
	at org.testng.TestNG.runSuitesLocally(TestNG.java:1209)
	at org.testng.TestNG.runSuites(TestNG.java:1124)
	at org.testng.TestNG.run(TestNG.java:1096)
	at org.testng.remote.AbstractRemoteTestNG.run(AbstractRemoteTestNG.java:132)
	at org.testng.remote.RemoteTestNG.initAndRun(RemoteTestNG.java:236)
	at org.testng.remote.RemoteTestNG.main(RemoteTestNG.java:81)
]]>
            </full-stacktrace>
          </exception> <!-- org.openqa.selenium.WebDriverException -->
          <reporter-output>
          </reporter-output>
        </test-method> <!-- GL_Settings_AE_11_verify2 -->
        <test-method status="PASS" signature="testLogout()[pri:0, instance:com.glance.dashboard.tests.VerifyAddEngagement@5dd70c4b]" name="testLogout" is-config="true" duration-ms="7023" started-at="2016-12-08T14:37:58Z" finished-at="2016-12-08T14:38:05Z">
          <reporter-output>
          </reporter-output>
        </test-method> <!-- testLogout -->
        <test-method status="PASS" signature="testLogin()[pri:0, instance:com.glance.dashboard.tests.VerifyAddEngagement@5dd70c4b]" name="testLogin" is-config="true" duration-ms="21020" started-at="2016-12-08T14:38:05Z" finished-at="2016-12-08T14:38:26Z">
          <reporter-output>
          </reporter-output>
        </test-method> <!-- testLogin -->
        <test-method status="FAIL" signature="GL_Settings_AE_13()[pri:6, instance:com.glance.dashboard.tests.VerifyAddEngagement@5dd70c4b]" name="GL_Settings_AE_13" duration-ms="21091" started-at="2016-12-08T14:38:26Z" finished-at="2016-12-08T14:38:47Z">
          <exception class="org.openqa.selenium.WebDriverException">
            <message>
              <![CDATA[chrome not reachable
  (Session info: chrome=54.0.2840.99)
  (Driver info: chromedriver=2.25.426923 (0390b88869384d6eb0d5d09729679f934aab9eed),platform=Windows NT 6.1.7601 SP1 x86_64) (WARNING: The server did not provide any stacktrace information)
Command duration or timeout: 7.02 seconds
Build info: version: '2.53.1', revision: 'a36b8b1cd5757287168e54b817830adce9b0158d', time: '2016-06-30 19:26:09'
System info: host: 'CMDMITTRN9', ip: '172.28.32.101', os.name: 'Windows 7', os.arch: 'amd64', os.version: '6.1', java.version: '1.7.0_67'
Session ID: 28e240d28734ff0e6029fec76ab7e779
Driver info: org.openqa.selenium.chrome.ChromeDriver
Capabilities [{platform=XP, acceptSslCerts=true, javascriptEnabled=true, browserName=chrome, chrome={userDataDir=C:\Users\SDSMAD~1\AppData\Local\Temp\scoped_dir440_19963, chromedriverVersion=2.25.426923 (0390b88869384d6eb0d5d09729679f934aab9eed)}, networkConnectionEnabled=false, rotatable=false, locationContextEnabled=true, mobileEmulationEnabled=false, version=54.0.2840.99, pageLoadStrategy=normal, takesHeapSnapshot=true, cssSelectorsEnabled=true, databaseEnabled=false, handlesAlerts=true, browserConnectionEnabled=false, webStorageEnabled=true, nativeEvents=true, hasTouchScreen=false, applicationCacheEnabled=false, takesScreenshot=true}]]]>
            </message>
            <full-stacktrace>
              <![CDATA[org.openqa.selenium.WebDriverException: chrome not reachable
  (Session info: chrome=54.0.2840.99)
  (Driver info: chromedriver=2.25.426923 (0390b88869384d6eb0d5d09729679f934aab9eed),platform=Windows NT 6.1.7601 SP1 x86_64) (WARNING: The server did not provide any stacktrace information)
Command duration or timeout: 7.02 seconds
Build info: version: '2.53.1', revision: 'a36b8b1cd5757287168e54b817830adce9b0158d', time: '2016-06-30 19:26:09'
System info: host: 'CMDMITTRN9', ip: '172.28.32.101', os.name: 'Windows 7', os.arch: 'amd64', os.version: '6.1', java.version: '1.7.0_67'
Session ID: 28e240d28734ff0e6029fec76ab7e779
Driver info: org.openqa.selenium.chrome.ChromeDriver
Capabilities [{platform=XP, acceptSslCerts=true, javascriptEnabled=true, browserName=chrome, chrome={userDataDir=C:\Users\SDSMAD~1\AppData\Local\Temp\scoped_dir440_19963, chromedriverVersion=2.25.426923 (0390b88869384d6eb0d5d09729679f934aab9eed)}, networkConnectionEnabled=false, rotatable=false, locationContextEnabled=true, mobileEmulationEnabled=false, version=54.0.2840.99, pageLoadStrategy=normal, takesHeapSnapshot=true, cssSelectorsEnabled=true, databaseEnabled=false, handlesAlerts=true, browserConnectionEnabled=false, webStorageEnabled=true, nativeEvents=true, hasTouchScreen=false, applicationCacheEnabled=false, takesScreenshot=true}]
	at sun.reflect.NativeConstructorAccessorImpl.newInstance0(Native Method)
	at sun.reflect.NativeConstructorAccessorImpl.newInstance(NativeConstructorAccessorImpl.java:57)
	at sun.reflect.DelegatingConstructorAccessorImpl.newInstance(DelegatingConstructorAccessorImpl.java:45)
	at java.lang.reflect.Constructor.newInstance(Constructor.java:526)
	at org.openqa.selenium.remote.ErrorHandler.createThrowable(ErrorHandler.java:206)
	at org.openqa.selenium.remote.ErrorHandler.throwIfResponseFailed(ErrorHandler.java:158)
	at org.openqa.selenium.remote.RemoteWebDriver.execute(RemoteWebDriver.java:678)
	at org.openqa.selenium.remote.RemoteWebDriver.executeScript(RemoteWebDriver.java:577)
	at com.glance.pageobjects.common.CommonPageObject$1.apply(CommonPageObject.java:602)
	at com.glance.pageobjects.common.CommonPageObject$1.apply(CommonPageObject.java:1)
	at org.openqa.selenium.support.ui.FluentWait.until(FluentWait.java:238)
	at com.glance.pageobjects.common.CommonPageObject.waitForPageLoad(CommonPageObject.java:600)
	at com.glance.dashboard.tests.VerifyAddEngagement.GL_Settings_AE_13(VerifyAddEngagement.java:241)
>>>>>>> sachiniTEST
	at sun.reflect.NativeMethodAccessorImpl.invoke0(Native Method)
	at sun.reflect.NativeMethodAccessorImpl.invoke(NativeMethodAccessorImpl.java:62)
	at sun.reflect.DelegatingMethodAccessorImpl.invoke(DelegatingMethodAccessorImpl.java:43)
	at java.lang.reflect.Method.invoke(Method.java:497)
	at org.testng.internal.MethodInvocationHelper.invokeMethod(MethodInvocationHelper.java:100)
	at org.testng.internal.Invoker.invokeConfigurationMethod(Invoker.java:515)
	at org.testng.internal.Invoker.invokeConfigurations(Invoker.java:216)
	at org.testng.internal.Invoker.invokeMethod(Invoker.java:590)
	at org.testng.internal.Invoker.invokeTestMethod(Invoker.java:811)
	at org.testng.internal.Invoker.invokeTestMethods(Invoker.java:1137)
	at org.testng.internal.TestMethodWorker.invokeTestMethods(TestMethodWorker.java:129)
	at org.testng.internal.TestMethodWorker.run(TestMethodWorker.java:112)
	at org.testng.TestRunner.privateRun(TestRunner.java:753)
	at org.testng.TestRunner.run(TestRunner.java:607)
	at org.testng.SuiteRunner.runTest(SuiteRunner.java:368)
	at org.testng.SuiteRunner.runSequentially(SuiteRunner.java:363)
	at org.testng.SuiteRunner.privateRun(SuiteRunner.java:321)
	at org.testng.SuiteRunner.run(SuiteRunner.java:270)
	at org.testng.SuiteRunnerWorker.runSuite(SuiteRunnerWorker.java:52)
	at org.testng.SuiteRunnerWorker.run(SuiteRunnerWorker.java:86)
	at org.testng.TestNG.runSuitesSequentially(TestNG.java:1284)
	at org.testng.TestNG.runSuitesLocally(TestNG.java:1209)
	at org.testng.TestNG.runSuites(TestNG.java:1124)
	at org.testng.TestNG.run(TestNG.java:1096)
	at org.testng.remote.AbstractRemoteTestNG.run(AbstractRemoteTestNG.java:132)
	at org.testng.remote.RemoteTestNG.initAndRun(RemoteTestNG.java:236)
	at org.testng.remote.RemoteTestNG.main(RemoteTestNG.java:81)
]]>
            </full-stacktrace>
          </exception> <!-- java.lang.Error -->
          <reporter-output>
          </reporter-output>
        </test-method> <!-- verifyGoToDeleteUserPage -->
        <test-method status="SKIP" signature="GL_Settings_MU_62_verifyGoBack()[pri:1, instance:com.glance.usermanagement.tests.TestDeleteUser@4dfa3a9d]" name="GL_Settings_MU_62_verifyGoBack" duration-ms="0" started-at="2016-12-08T13:25:25Z" finished-at="2016-12-08T13:25:25Z">
          <reporter-output>
          </reporter-output>
        </test-method> <!-- GL_Settings_MU_62_verifyGoBack -->
        <test-method status="SKIP" signature="verifyGoToDeleteUserPage()[pri:0, instance:com.glance.usermanagement.tests.TestDeleteUser@4dfa3a9d]" name="verifyGoToDeleteUserPage" is-config="true" duration-ms="0" started-at="2016-12-08T13:25:25Z" finished-at="2016-12-08T13:25:25Z">
          <reporter-output>
          </reporter-output>
        </test-method> <!-- verifyGoToDeleteUserPage -->
        <test-method status="SKIP" signature="GL_Settings_MU_61_verifyCancelDeleteUser()[pri:2, instance:com.glance.usermanagement.tests.TestDeleteUser@4dfa3a9d]" name="GL_Settings_MU_61_verifyCancelDeleteUser" duration-ms="2" started-at="2016-12-08T13:25:25Z" finished-at="2016-12-08T13:25:25Z">
          <reporter-output>
          </reporter-output>
        </test-method> <!-- GL_Settings_MU_61_verifyCancelDeleteUser -->
        <test-method status="SKIP" signature="verifyGoToDeleteUserPage()[pri:0, instance:com.glance.usermanagement.tests.TestDeleteUser@4dfa3a9d]" name="verifyGoToDeleteUserPage" is-config="true" duration-ms="0" started-at="2016-12-08T13:25:25Z" finished-at="2016-12-08T13:25:25Z">
          <reporter-output>
          </reporter-output>
        </test-method> <!-- verifyGoToDeleteUserPage -->
        <test-method status="SKIP" signature="GL_Settings_MU_60_verifyDeleteUser()[pri:3, instance:com.glance.usermanagement.tests.TestDeleteUser@4dfa3a9d]" name="GL_Settings_MU_60_verifyDeleteUser" duration-ms="0" started-at="2016-12-08T13:25:25Z" finished-at="2016-12-08T13:25:25Z">
          <reporter-output>
          </reporter-output>
        </test-method> <!-- GL_Settings_MU_60_verifyDeleteUser -->
      </class> <!-- com.glance.usermanagement.tests.TestDeleteUser -->
=======
<testng-results skipped="0" failed="0" total="1" passed="1">
  <reporter-output>
  </reporter-output>
  <suite name="Default suite" duration-ms="269807" started-at="2016-12-08T07:35:16Z" finished-at="2016-12-08T07:39:45Z">
    <groups>
    </groups>
    <test name="Default test" duration-ms="269807" started-at="2016-12-08T07:35:16Z" finished-at="2016-12-08T07:39:45Z">
      <class name="userlogin.VerifyProfileUpdatePage">
        <test-method status="PASS" signature="testStartUp()[pri:0, instance:userlogin.VerifyProfileUpdatePage@43beaa92]" name="testStartUp" is-config="true" duration-ms="79" started-at="2016-12-08T13:05:16Z" finished-at="2016-12-08T13:05:16Z">
          <reporter-output>
          </reporter-output>
        </test-method> <!-- testStartUp -->
        <test-method status="PASS" signature="initializeTest()[pri:0, instance:userlogin.VerifyProfileUpdatePage@43beaa92]" name="initializeTest" is-config="true" duration-ms="5732" started-at="2016-12-08T13:05:16Z" finished-at="2016-12-08T13:05:21Z">
          <reporter-output>
          </reporter-output>
        </test-method> <!-- initializeTest -->
        <test-method status="PASS" signature="LoginAndNavigation()[pri:0, instance:userlogin.VerifyProfileUpdatePage@43beaa92]" name="LoginAndNavigation" is-config="true" duration-ms="7184" started-at="2016-12-08T13:05:21Z" finished-at="2016-12-08T13:05:29Z">
          <reporter-output>
          </reporter-output>
<<<<<<< HEAD
        </test-method> <!-- LoginAndNavigation -->
        <test-method status="PASS" signature="GL_Settings_07()[pri:5, instance:userlogin.VerifyProfileUpdatePage@43beaa92]" name="GL_Settings_07" duration-ms="256880" started-at="2016-12-08T13:05:29Z" finished-at="2016-12-08T13:09:45Z">
          <reporter-output>
          </reporter-output>
        </test-method> <!-- GL_Settings_07 -->
      </class> <!-- userlogin.VerifyProfileUpdatePage -->
>>>>>>> neelamaniTest
=======
        </test-method> <!-- GL_Settings_AE_13 -->
        <test-method status="PASS" signature="testLogout()[pri:0, instance:com.glance.dashboard.tests.VerifyAddEngagement@5dd70c4b]" name="testLogout" is-config="true" duration-ms="7015" started-at="2016-12-08T14:38:47Z" finished-at="2016-12-08T14:38:54Z">
          <reporter-output>
          </reporter-output>
        </test-method> <!-- testLogout -->
        <test-method status="PASS" signature="finishTest()[pri:0, instance:com.glance.dashboard.tests.VerifyAddEngagement@5dd70c4b]" name="finishTest" is-config="true" duration-ms="256" started-at="2016-12-08T14:38:54Z" finished-at="2016-12-08T14:38:55Z">
          <reporter-output>
          </reporter-output>
        </test-method> <!-- finishTest -->
      </class> <!-- com.glance.dashboard.tests.VerifyAddEngagement -->
>>>>>>> sachiniTEST
    </test> <!-- Default test -->
  </suite> <!-- Default suite -->
</testng-results>
