<?xml version="1.0" encoding="UTF-8"?>
<!-- Generated by org.testng.reporters.JUnitReportReporter -->
<testsuite hostname="CMDABKAREEM" name="com.glance.userlogin.tests.VerifySettingsPage" tests="15" failures="1" timestamp="17 Dec 2016 08:17:35 GMT" time="435.030" errors="0">
  <testcase name="GL_Settings_SD_100_verifySessionDump" time="30.559" classname="com.glance.userlogin.tests.VerifySettingsPage">
    <failure type="java.lang.AssertionError" message="expected [true] but found [false]">
      <![CDATA[java.lang.AssertionError: expected [true] but found [false]
	at org.testng.Assert.fail(Assert.java:94)
	at org.testng.Assert.failNotEquals(Assert.java:513)
	at org.testng.Assert.assertTrue(Assert.java:42)
	at org.testng.Assert.assertTrue(Assert.java:52)
	at com.glance.userlogin.tests.VerifySettingsPage.GL_Settings_SD_100_verifySessionDump(VerifySettingsPage.java:266)
	at sun.reflect.NativeMethodAccessorImpl.invoke0(Native Method)
	at sun.reflect.NativeMethodAccessorImpl.invoke(NativeMethodAccessorImpl.java:62)
	at sun.reflect.DelegatingMethodAccessorImpl.invoke(DelegatingMethodAccessorImpl.java:43)
	at java.lang.reflect.Method.invoke(Method.java:498)
	at org.testng.internal.MethodInvocationHelper.invokeMethod(MethodInvocationHelper.java:100)
	at org.testng.internal.Invoker.invokeMethod(Invoker.java:646)
	at org.testng.internal.Invoker.invokeTestMethod(Invoker.java:811)
	at org.testng.internal.Invoker.invokeTestMethods(Invoker.java:1129)
	at org.testng.internal.TestMethodWorker.invokeTestMethods(TestMethodWorker.java:129)
	at org.testng.internal.TestMethodWorker.run(TestMethodWorker.java:112)
	at org.testng.TestRunner.privateRun(TestRunner.java:746)
	at org.testng.TestRunner.run(TestRunner.java:600)
	at org.testng.SuiteRunner.runTest(SuiteRunner.java:366)
	at org.testng.SuiteRunner.runSequentially(SuiteRunner.java:361)
	at org.testng.SuiteRunner.privateRun(SuiteRunner.java:319)
	at org.testng.SuiteRunner.run(SuiteRunner.java:268)
	at org.testng.SuiteRunnerWorker.runSuite(SuiteRunnerWorker.java:52)
	at org.testng.SuiteRunnerWorker.run(SuiteRunnerWorker.java:86)
	at org.testng.TestNG.runSuitesSequentially(TestNG.java:1264)
	at org.testng.TestNG.runSuitesLocally(TestNG.java:1189)
	at org.testng.TestNG.runSuites(TestNG.java:1104)
	at org.testng.TestNG.run(TestNG.java:1076)
	at org.testng.remote.AbstractRemoteTestNG.run(AbstractRemoteTestNG.java:126)
	at org.testng.remote.RemoteTestNG.initAndRun(RemoteTestNG.java:152)
	at org.testng.remote.RemoteTestNG.main(RemoteTestNG.java:57)
]]>
    </failure>
  </testcase> <!-- GL_Settings_SD_100_verifySessionDump -->
  <testcase name="GL_Settings_AA_01_verifyAddAccount" time="36.418" classname="com.glance.userlogin.tests.VerifySettingsPage"/>
  <testcase name="GL_Settings_MA_75_verifyManageAccessPage" time="30.546" classname="com.glance.userlogin.tests.VerifySettingsPage"/>
  <testcase name="GL_Settings_DM_45_verifyDataDeleteModifyPage" time="31.011" classname="com.glance.userlogin.tests.VerifySettingsPage"/>
  <testcase name="verifySocketsPage" time="30.521" classname="com.glance.userlogin.tests.VerifySettingsPage"/>
  <testcase name="GL_Settings_PU_90_verifyProfileUpdate" time="30.579" classname="com.glance.userlogin.tests.VerifySettingsPage"/>
  <testcase name="GL_Settings_DU_41_verifyDataUploadPage" time="30.564" classname="com.glance.userlogin.tests.VerifySettingsPage"/>
  <testcase name="GL_Settings_DD_88_verifyRadioBtnCurrentMonth" time="30.581" classname="com.glance.userlogin.tests.VerifySettingsPage"/>
  <testcase name="GL_Settings_MG_79_verifyManageGroupPage" time="0.576" classname="com.glance.userlogin.tests.VerifySettingsPage"/>
  <testcase name="GL_Settings_DD_89_verifyRadioBtnLastSelected" time="30.496" classname="com.glance.userlogin.tests.VerifySettingsPage"/>
  <testcase name="GL_Settings_MU_56_verifyManageUsersPage" time="30.610" classname="com.glance.userlogin.tests.VerifySettingsPage"/>
  <testcase name="GL_Settings_AE_09_verifyAddEngagement" time="30.688" classname="com.glance.userlogin.tests.VerifySettingsPage"/>
  <testcase name="GL_Settings_DS_22_verifyDeleteSearch" time="30.533" classname="com.glance.userlogin.tests.VerifySettingsPage"/>
  <testcase name="GL_Settings_AP_14_verifyAddProject" time="30.693" classname="com.glance.userlogin.tests.VerifySettingsPage"/>
  <testcase name="GL_Settings_GM_68_verifyManageGroupmembershipPage" time="30.655" classname="com.glance.userlogin.tests.VerifySettingsPage"/>
</testsuite> <!-- com.glance.userlogin.tests.VerifySettingsPage -->
